[2.846s] Invoking command in '/home/pi/snowbot_ws/src/snowbot_motors': PYTHONPATH=/home/pi/snowbot_ws/build/snowbot_motors/prefix_override:/usr/lib/python3/dist-packages/colcon_core/task/python/colcon_distutils_commands:/home/pi/snowbot_ws/install/snowbot_motors/lib/python3.10/site-packages:${PYTHONPATH} /usr/bin/python3 -W ignore:setup.py install is deprecated -W ignore:easy_install command is deprecated setup.py egg_info --egg-base ../../build/snowbot_motors build --build-base /home/pi/snowbot_ws/build/snowbot_motors/build install --record /home/pi/snowbot_ws/build/snowbot_motors/install.log --single-version-externally-managed install_data
[3.955s] running egg_info
[3.957s] writing ../../build/snowbot_motors/snowbot_motors.egg-info/PKG-INFO
[3.958s] writing dependency_links to ../../build/snowbot_motors/snowbot_motors.egg-info/dependency_links.txt
[3.959s] writing entry points to ../../build/snowbot_motors/snowbot_motors.egg-info/entry_points.txt
[3.960s] writing requirements to ../../build/snowbot_motors/snowbot_motors.egg-info/requires.txt
[3.961s] writing top-level names to ../../build/snowbot_motors/snowbot_motors.egg-info/top_level.txt
[3.969s] reading manifest file '../../build/snowbot_motors/snowbot_motors.egg-info/SOURCES.txt'
[3.973s] writing manifest file '../../build/snowbot_motors/snowbot_motors.egg-info/SOURCES.txt'
[3.974s] running build
[3.974s] running build_py
[3.975s] copying snowbot_motors/motor_node.py -> /home/pi/snowbot_ws/build/snowbot_motors/build/lib/snowbot_motors
[3.976s] running install
[3.978s] running install_lib
[3.981s] copying /home/pi/snowbot_ws/build/snowbot_motors/build/lib/snowbot_motors/motor_node.py -> /home/pi/snowbot_ws/install/snowbot_motors/lib/python3.10/site-packages/snowbot_motors
[3.983s] byte-compiling /home/pi/snowbot_ws/install/snowbot_motors/lib/python3.10/site-packages/snowbot_motors/motor_node.py to motor_node.cpython-310.pyc
[3.987s] running install_data
[3.988s] running install_egg_info
[3.999s] removing '/home/pi/snowbot_ws/install/snowbot_motors/lib/python3.10/site-packages/snowbot_motors-0.0.0-py3.10.egg-info' (and everything under it)
[4.000s] Copying ../../build/snowbot_motors/snowbot_motors.egg-info to /home/pi/snowbot_ws/install/snowbot_motors/lib/python3.10/site-packages/snowbot_motors-0.0.0-py3.10.egg-info
[4.006s] running install_scripts
[4.080s] Installing motor_node script to /home/pi/snowbot_ws/install/snowbot_motors/lib/snowbot_motors
[4.082s] writing list of installed files to '/home/pi/snowbot_ws/build/snowbot_motors/install.log'
[4.199s] Invoked command in '/home/pi/snowbot_ws/src/snowbot_motors' returned '0': PYTHONPATH=/home/pi/snowbot_ws/build/snowbot_motors/prefix_override:/usr/lib/python3/dist-packages/colcon_core/task/python/colcon_distutils_commands:/home/pi/snowbot_ws/install/snowbot_motors/lib/python3.10/site-packages:${PYTHONPATH} /usr/bin/python3 -W ignore:setup.py install is deprecated -W ignore:easy_install command is deprecated setup.py egg_info --egg-base ../../build/snowbot_motors build --build-base /home/pi/snowbot_ws/build/snowbot_motors/build install --record /home/pi/snowbot_ws/build/snowbot_motors/install.log --single-version-externally-managed install_data
