[8.073s] Invoking command in '/home/pi/snowbot_ws/src/snowbot_current': PYTHONPATH=/home/pi/snowbot_ws/build/snowbot_current/prefix_override:/usr/lib/python3/dist-packages/colcon_core/task/python/colcon_distutils_commands:/home/pi/snowbot_ws/install/snowbot_current/lib/python3.10/site-packages:${PYTHONPATH} /usr/bin/python3 -W ignore:setup.py install is deprecated -W ignore:easy_install command is deprecated setup.py egg_info --egg-base ../../build/snowbot_current build --build-base /home/pi/snowbot_ws/build/snowbot_current/build install --record /home/pi/snowbot_ws/build/snowbot_current/install.log --single-version-externally-managed install_data
[9.799s] running egg_info
[9.803s] writing ../../build/snowbot_current/snowbot_current.egg-info/PKG-INFO
[9.807s] writing dependency_links to ../../build/snowbot_current/snowbot_current.egg-info/dependency_links.txt
[9.809s] writing entry points to ../../build/snowbot_current/snowbot_current.egg-info/entry_points.txt
[9.812s] writing requirements to ../../build/snowbot_current/snowbot_current.egg-info/requires.txt
[9.816s] writing top-level names to ../../build/snowbot_current/snowbot_current.egg-info/top_level.txt
[9.837s] reading manifest file '../../build/snowbot_current/snowbot_current.egg-info/SOURCES.txt'
[9.844s] writing manifest file '../../build/snowbot_current/snowbot_current.egg-info/SOURCES.txt'
[9.846s] running build
[9.846s] running build_py
[9.864s] running install
[9.864s] running install_lib
[9.873s] running install_data
[9.881s] running install_egg_info
[9.890s] removing '/home/pi/snowbot_ws/install/snowbot_current/lib/python3.10/site-packages/snowbot_current-0.0.1-py3.10.egg-info' (and everything under it)
[9.891s] Copying ../../build/snowbot_current/snowbot_current.egg-info to /home/pi/snowbot_ws/install/snowbot_current/lib/python3.10/site-packages/snowbot_current-0.0.1-py3.10.egg-info
[9.908s] running install_scripts
[10.022s] Installing current_node script to /home/pi/snowbot_ws/install/snowbot_current/lib/snowbot_current
[10.028s] writing list of installed files to '/home/pi/snowbot_ws/build/snowbot_current/install.log'
[10.459s] Invoked command in '/home/pi/snowbot_ws/src/snowbot_current' returned '0': PYTHONPATH=/home/pi/snowbot_ws/build/snowbot_current/prefix_override:/usr/lib/python3/dist-packages/colcon_core/task/python/colcon_distutils_commands:/home/pi/snowbot_ws/install/snowbot_current/lib/python3.10/site-packages:${PYTHONPATH} /usr/bin/python3 -W ignore:setup.py install is deprecated -W ignore:easy_install command is deprecated setup.py egg_info --egg-base ../../build/snowbot_current build --build-base /home/pi/snowbot_ws/build/snowbot_current/build install --record /home/pi/snowbot_ws/build/snowbot_current/install.log --single-version-externally-managed install_data
