[2.952s] Invoking command in '/home/pi/snowbot_ws/src/snowbot_current': PYTHONPATH=/home/pi/snowbot_ws/build/snowbot_current/prefix_override:/usr/lib/python3/dist-packages/colcon_core/task/python/colcon_distutils_commands:/home/pi/snowbot_ws/install/snowbot_current/lib/python3.10/site-packages:${PYTHONPATH} /usr/bin/python3 -W ignore:setup.py install is deprecated -W ignore:easy_install command is deprecated setup.py egg_info --egg-base ../../build/snowbot_current build --build-base /home/pi/snowbot_ws/build/snowbot_current/build install --record /home/pi/snowbot_ws/build/snowbot_current/install.log --single-version-externally-managed install_data
[4.106s] running egg_info
[4.109s] writing ../../build/snowbot_current/snowbot_current.egg-info/PKG-INFO
[4.110s] writing dependency_links to ../../build/snowbot_current/snowbot_current.egg-info/dependency_links.txt
[4.111s] writing entry points to ../../build/snowbot_current/snowbot_current.egg-info/entry_points.txt
[4.112s] writing requirements to ../../build/snowbot_current/snowbot_current.egg-info/requires.txt
[4.113s] writing top-level names to ../../build/snowbot_current/snowbot_current.egg-info/top_level.txt
[4.120s] reading manifest file '../../build/snowbot_current/snowbot_current.egg-info/SOURCES.txt'
[4.124s] writing manifest file '../../build/snowbot_current/snowbot_current.egg-info/SOURCES.txt'
[4.125s] running build
[4.125s] running build_py
[4.126s] copying snowbot_current/current_node.py -> /home/pi/snowbot_ws/build/snowbot_current/build/lib/snowbot_current
[4.127s] running install
[4.128s] running install_lib
[4.132s] copying /home/pi/snowbot_ws/build/snowbot_current/build/lib/snowbot_current/current_node.py -> /home/pi/snowbot_ws/install/snowbot_current/lib/python3.10/site-packages/snowbot_current
[4.134s] byte-compiling /home/pi/snowbot_ws/install/snowbot_current/lib/python3.10/site-packages/snowbot_current/current_node.py to current_node.cpython-310.pyc
[4.137s] running install_data
[4.138s] running install_egg_info
[4.145s] removing '/home/pi/snowbot_ws/install/snowbot_current/lib/python3.10/site-packages/snowbot_current-0.0.1-py3.10.egg-info' (and everything under it)
[4.147s] Copying ../../build/snowbot_current/snowbot_current.egg-info to /home/pi/snowbot_ws/install/snowbot_current/lib/python3.10/site-packages/snowbot_current-0.0.1-py3.10.egg-info
[4.152s] running install_scripts
[4.233s] Installing current_node script to /home/pi/snowbot_ws/install/snowbot_current/lib/snowbot_current
[4.235s] writing list of installed files to '/home/pi/snowbot_ws/build/snowbot_current/install.log'
[4.351s] Invoked command in '/home/pi/snowbot_ws/src/snowbot_current' returned '0': PYTHONPATH=/home/pi/snowbot_ws/build/snowbot_current/prefix_override:/usr/lib/python3/dist-packages/colcon_core/task/python/colcon_distutils_commands:/home/pi/snowbot_ws/install/snowbot_current/lib/python3.10/site-packages:${PYTHONPATH} /usr/bin/python3 -W ignore:setup.py install is deprecated -W ignore:easy_install command is deprecated setup.py egg_info --egg-base ../../build/snowbot_current build --build-base /home/pi/snowbot_ws/build/snowbot_current/build install --record /home/pi/snowbot_ws/build/snowbot_current/install.log --single-version-externally-managed install_data
