[0.469s] DEBUG:colcon:Command line arguments: ['/usr/bin/colcon', 'build', '--packages-select', 'snowbot_ultrasonics']
[0.470s] DEBUG:colcon:Parsed command line arguments: Namespace(log_base=None, log_level=None, verb_name='build', build_base='build', install_base='install', merge_install=False, symlink_install=False, test_result_base=None, continue_on_error=False, executor='parallel', parallel_workers=4, event_handlers=None, ignore_user_meta=False, metas=['./colcon.meta'], base_paths=['.'], packages_ignore=None, packages_ignore_regex=None, paths=None, packages_up_to=None, packages_up_to_regex=None, packages_above=None, packages_above_and_dependencies=None, packages_above_depth=None, packages_select_by_dep=None, packages_skip_by_dep=None, packages_skip_up_to=None, packages_select_build_failed=False, packages_skip_build_finished=False, packages_select_test_failures=False, packages_skip_test_passed=False, packages_select=['snowbot_ultrasonics'], packages_skip=None, packages_select_regex=None, packages_skip_regex=None, packages_start=None, packages_end=None, allow_overriding=[], cmake_args=None, cmake_target=None, cmake_target_skip_unavailable=False, cmake_clean_cache=False, cmake_clean_first=False, cmake_force_configure=False, ament_cmake_args=None, catkin_cmake_args=None, catkin_skip_building_tests=False, mixin_files=None, mixin=None, verb_parser=<colcon_mixin.mixin.mixin_argument.MixinArgumentDecorator object at 0xffff99c72440>, verb_extension=<colcon_core.verb.build.BuildVerb object at 0xffff99e173d0>, main=<bound method BuildVerb.main of <colcon_core.verb.build.BuildVerb object at 0xffff99e173d0>>, mixin_verb=('build',))
[1.292s] Level 1:colcon.colcon_core.package_discovery:discover_packages(colcon_meta) check parameters
[1.292s] Level 1:colcon.colcon_core.package_discovery:discover_packages(recursive) check parameters
[1.292s] Level 1:colcon.colcon_core.package_discovery:discover_packages(ignore) check parameters
[1.292s] Level 1:colcon.colcon_core.package_discovery:discover_packages(path) check parameters
[1.292s] Level 1:colcon.colcon_core.package_discovery:discover_packages(colcon_meta) discover
[1.293s] Level 1:colcon.colcon_core.package_discovery:discover_packages(recursive) discover
[1.293s] INFO:colcon.colcon_core.package_discovery:Crawling recursively for packages in '/home/pi/snowbot_ws'
[1.293s] Level 1:colcon.colcon_core.package_identification:_identify(.) by extensions ['ignore', 'ignore_ament_install']
[1.294s] Level 1:colcon.colcon_core.package_identification:_identify(.) by extension 'ignore'
[1.294s] Level 1:colcon.colcon_core.package_identification:_identify(.) by extension 'ignore_ament_install'
[1.294s] Level 1:colcon.colcon_core.package_identification:_identify(.) by extensions ['colcon_pkg']
[1.294s] Level 1:colcon.colcon_core.package_identification:_identify(.) by extension 'colcon_pkg'
[1.294s] Level 1:colcon.colcon_core.package_identification:_identify(.) by extensions ['colcon_meta']
[1.295s] Level 1:colcon.colcon_core.package_identification:_identify(.) by extension 'colcon_meta'
[1.295s] Level 1:colcon.colcon_core.package_identification:_identify(.) by extensions ['ros']
[1.295s] Level 1:colcon.colcon_core.package_identification:_identify(.) by extension 'ros'
[1.337s] Level 1:colcon.colcon_core.package_identification:_identify(.) by extensions ['cmake', 'python']
[1.338s] Level 1:colcon.colcon_core.package_identification:_identify(.) by extension 'cmake'
[1.338s] Level 1:colcon.colcon_core.package_identification:_identify(.) by extension 'python'
[1.338s] Level 1:colcon.colcon_core.package_identification:_identify(.) by extensions ['python_setup_py']
[1.338s] Level 1:colcon.colcon_core.package_identification:_identify(.) by extension 'python_setup_py'
[1.339s] Level 1:colcon.colcon_core.package_identification:_identify(build) by extensions ['ignore', 'ignore_ament_install']
[1.339s] Level 1:colcon.colcon_core.package_identification:_identify(build) by extension 'ignore'
[1.339s] Level 1:colcon.colcon_core.package_identification:_identify(build) ignored
[1.340s] Level 1:colcon.colcon_core.package_identification:_identify(install) by extensions ['ignore', 'ignore_ament_install']
[1.340s] Level 1:colcon.colcon_core.package_identification:_identify(install) by extension 'ignore'
[1.340s] Level 1:colcon.colcon_core.package_identification:_identify(install) ignored
[1.341s] Level 1:colcon.colcon_core.package_identification:_identify(log) by extensions ['ignore', 'ignore_ament_install']
[1.341s] Level 1:colcon.colcon_core.package_identification:_identify(log) by extension 'ignore'
[1.341s] Level 1:colcon.colcon_core.package_identification:_identify(log) ignored
[1.342s] Level 1:colcon.colcon_core.package_identification:_identify(src) by extensions ['ignore', 'ignore_ament_install']
[1.342s] Level 1:colcon.colcon_core.package_identification:_identify(src) by extension 'ignore'
[1.342s] Level 1:colcon.colcon_core.package_identification:_identify(src) by extension 'ignore_ament_install'
[1.343s] Level 1:colcon.colcon_core.package_identification:_identify(src) by extensions ['colcon_pkg']
[1.343s] Level 1:colcon.colcon_core.package_identification:_identify(src) by extension 'colcon_pkg'
[1.343s] Level 1:colcon.colcon_core.package_identification:_identify(src) by extensions ['colcon_meta']
[1.343s] Level 1:colcon.colcon_core.package_identification:_identify(src) by extension 'colcon_meta'
[1.343s] Level 1:colcon.colcon_core.package_identification:_identify(src) by extensions ['ros']
[1.343s] Level 1:colcon.colcon_core.package_identification:_identify(src) by extension 'ros'
[1.344s] Level 1:colcon.colcon_core.package_identification:_identify(src) by extensions ['cmake', 'python']
[1.344s] Level 1:colcon.colcon_core.package_identification:_identify(src) by extension 'cmake'
[1.344s] Level 1:colcon.colcon_core.package_identification:_identify(src) by extension 'python'
[1.344s] Level 1:colcon.colcon_core.package_identification:_identify(src) by extensions ['python_setup_py']
[1.344s] Level 1:colcon.colcon_core.package_identification:_identify(src) by extension 'python_setup_py'
[1.345s] Level 1:colcon.colcon_core.package_identification:_identify(src/build) by extensions ['ignore', 'ignore_ament_install']
[1.345s] Level 1:colcon.colcon_core.package_identification:_identify(src/build) by extension 'ignore'
[1.345s] Level 1:colcon.colcon_core.package_identification:_identify(src/build) ignored
[1.346s] Level 1:colcon.colcon_core.package_identification:_identify(src/install) by extensions ['ignore', 'ignore_ament_install']
[1.346s] Level 1:colcon.colcon_core.package_identification:_identify(src/install) by extension 'ignore'
[1.346s] Level 1:colcon.colcon_core.package_identification:_identify(src/install) ignored
[1.346s] Level 1:colcon.colcon_core.package_identification:_identify(src/log) by extensions ['ignore', 'ignore_ament_install']
[1.347s] Level 1:colcon.colcon_core.package_identification:_identify(src/log) by extension 'ignore'
[1.347s] Level 1:colcon.colcon_core.package_identification:_identify(src/log) ignored
[1.347s] Level 1:colcon.colcon_core.package_identification:_identify(src/snowbot_motors) by extensions ['ignore', 'ignore_ament_install']
[1.348s] Level 1:colcon.colcon_core.package_identification:_identify(src/snowbot_motors) by extension 'ignore'
[1.348s] Level 1:colcon.colcon_core.package_identification:_identify(src/snowbot_motors) by extension 'ignore_ament_install'
[1.348s] Level 1:colcon.colcon_core.package_identification:_identify(src/snowbot_motors) by extensions ['colcon_pkg']
[1.348s] Level 1:colcon.colcon_core.package_identification:_identify(src/snowbot_motors) by extension 'colcon_pkg'
[1.348s] Level 1:colcon.colcon_core.package_identification:_identify(src/snowbot_motors) by extensions ['colcon_meta']
[1.348s] Level 1:colcon.colcon_core.package_identification:_identify(src/snowbot_motors) by extension 'colcon_meta'
[1.349s] Level 1:colcon.colcon_core.package_identification:_identify(src/snowbot_motors) by extensions ['ros']
[1.349s] Level 1:colcon.colcon_core.package_identification:_identify(src/snowbot_motors) by extension 'ros'
[1.358s] DEBUG:colcon.colcon_core.package_identification:Package 'src/snowbot_motors' with type 'ros.ament_python' and name 'snowbot_motors'
[1.359s] Level 1:colcon.colcon_core.package_identification:_identify(src/snowbot_servos) by extensions ['ignore', 'ignore_ament_install']
[1.359s] Level 1:colcon.colcon_core.package_identification:_identify(src/snowbot_servos) by extension 'ignore'
[1.359s] Level 1:colcon.colcon_core.package_identification:_identify(src/snowbot_servos) by extension 'ignore_ament_install'
[1.359s] Level 1:colcon.colcon_core.package_identification:_identify(src/snowbot_servos) by extensions ['colcon_pkg']
[1.360s] Level 1:colcon.colcon_core.package_identification:_identify(src/snowbot_servos) by extension 'colcon_pkg'
[1.360s] Level 1:colcon.colcon_core.package_identification:_identify(src/snowbot_servos) by extensions ['colcon_meta']
[1.360s] Level 1:colcon.colcon_core.package_identification:_identify(src/snowbot_servos) by extension 'colcon_meta'
[1.360s] Level 1:colcon.colcon_core.package_identification:_identify(src/snowbot_servos) by extensions ['ros']
[1.360s] Level 1:colcon.colcon_core.package_identification:_identify(src/snowbot_servos) by extension 'ros'
[1.360s] Level 1:colcon.colcon_core.package_identification:_identify(src/snowbot_servos) by extensions ['cmake', 'python']
[1.361s] Level 1:colcon.colcon_core.package_identification:_identify(src/snowbot_servos) by extension 'cmake'
[1.361s] Level 1:colcon.colcon_core.package_identification:_identify(src/snowbot_servos) by extension 'python'
[1.361s] Level 1:colcon.colcon_core.package_identification:_identify(src/snowbot_servos) by extensions ['python_setup_py']
[1.361s] Level 1:colcon.colcon_core.package_identification:_identify(src/snowbot_servos) by extension 'python_setup_py'
[1.362s] Level 1:colcon.colcon_core.package_identification:_identify(src/snowbot_servos/snowbot_servos) by extensions ['ignore', 'ignore_ament_install']
[1.362s] Level 1:colcon.colcon_core.package_identification:_identify(src/snowbot_servos/snowbot_servos) by extension 'ignore'
[1.362s] Level 1:colcon.colcon_core.package_identification:_identify(src/snowbot_servos/snowbot_servos) by extension 'ignore_ament_install'
[1.362s] Level 1:colcon.colcon_core.package_identification:_identify(src/snowbot_servos/snowbot_servos) by extensions ['colcon_pkg']
[1.362s] Level 1:colcon.colcon_core.package_identification:_identify(src/snowbot_servos/snowbot_servos) by extension 'colcon_pkg'
[1.363s] Level 1:colcon.colcon_core.package_identification:_identify(src/snowbot_servos/snowbot_servos) by extensions ['colcon_meta']
[1.363s] Level 1:colcon.colcon_core.package_identification:_identify(src/snowbot_servos/snowbot_servos) by extension 'colcon_meta'
[1.363s] Level 1:colcon.colcon_core.package_identification:_identify(src/snowbot_servos/snowbot_servos) by extensions ['ros']
[1.363s] Level 1:colcon.colcon_core.package_identification:_identify(src/snowbot_servos/snowbot_servos) by extension 'ros'
[1.363s] Level 1:colcon.colcon_core.package_identification:_identify(src/snowbot_servos/snowbot_servos) by extensions ['cmake', 'python']
[1.363s] Level 1:colcon.colcon_core.package_identification:_identify(src/snowbot_servos/snowbot_servos) by extension 'cmake'
[1.364s] Level 1:colcon.colcon_core.package_identification:_identify(src/snowbot_servos/snowbot_servos) by extension 'python'
[1.364s] Level 1:colcon.colcon_core.package_identification:_identify(src/snowbot_servos/snowbot_servos) by extensions ['python_setup_py']
[1.364s] Level 1:colcon.colcon_core.package_identification:_identify(src/snowbot_servos/snowbot_servos) by extension 'python_setup_py'
[1.364s] Level 1:colcon.colcon_core.package_identification:_identify(src/snowbot_ultrasonics) by extensions ['ignore', 'ignore_ament_install']
[1.365s] Level 1:colcon.colcon_core.package_identification:_identify(src/snowbot_ultrasonics) by extension 'ignore'
[1.365s] Level 1:colcon.colcon_core.package_identification:_identify(src/snowbot_ultrasonics) by extension 'ignore_ament_install'
[1.365s] Level 1:colcon.colcon_core.package_identification:_identify(src/snowbot_ultrasonics) by extensions ['colcon_pkg']
[1.365s] Level 1:colcon.colcon_core.package_identification:_identify(src/snowbot_ultrasonics) by extension 'colcon_pkg'
[1.365s] Level 1:colcon.colcon_core.package_identification:_identify(src/snowbot_ultrasonics) by extensions ['colcon_meta']
[1.366s] Level 1:colcon.colcon_core.package_identification:_identify(src/snowbot_ultrasonics) by extension 'colcon_meta'
[1.366s] Level 1:colcon.colcon_core.package_identification:_identify(src/snowbot_ultrasonics) by extensions ['ros']
[1.366s] Level 1:colcon.colcon_core.package_identification:_identify(src/snowbot_ultrasonics) by extension 'ros'
[1.368s] DEBUG:colcon.colcon_core.package_identification:Package 'src/snowbot_ultrasonics' with type 'ros.ament_python' and name 'snowbot_ultrasonics'
[1.369s] Level 1:colcon.colcon_core.package_discovery:discover_packages(recursive) using defaults
[1.369s] Level 1:colcon.colcon_core.package_discovery:discover_packages(ignore) discover
[1.369s] Level 1:colcon.colcon_core.package_discovery:discover_packages(ignore) using defaults
[1.369s] Level 1:colcon.colcon_core.package_discovery:discover_packages(path) discover
[1.369s] Level 1:colcon.colcon_core.package_discovery:discover_packages(path) using defaults
[1.488s] INFO:colcon.colcon_core.package_selection:Skipping not selected package 'snowbot_motors' in 'src/snowbot_motors'
[1.490s] Level 1:colcon.colcon_core.package_discovery:discover_packages(prefix_path) check parameters
[1.490s] Level 1:colcon.colcon_core.package_discovery:discover_packages(prefix_path) discover
[1.499s] DEBUG:colcon.colcon_installed_package_information.package_discovery:Found 2 installed packages in /home/pi/snowbot_ws/install
[1.501s] DEBUG:colcon.colcon_installed_package_information.package_discovery:Found 1 installed packages in /home/pi/ultrasonic_sensors/install
[1.510s] DEBUG:colcon.colcon_installed_package_information.package_discovery:Found 271 installed packages in /opt/ros/humble
[1.516s] Level 1:colcon.colcon_core.package_discovery:discover_packages(prefix_path) using defaults
[1.681s] Level 5:colcon.colcon_core.verb:set package 'snowbot_ultrasonics' build argument 'cmake_args' from command line to 'None'
[1.681s] Level 5:colcon.colcon_core.verb:set package 'snowbot_ultrasonics' build argument 'cmake_target' from command line to 'None'
[1.681s] Level 5:colcon.colcon_core.verb:set package 'snowbot_ultrasonics' build argument 'cmake_target_skip_unavailable' from command line to 'False'
[1.681s] Level 5:colcon.colcon_core.verb:set package 'snowbot_ultrasonics' build argument 'cmake_clean_cache' from command line to 'False'
[1.681s] Level 5:colcon.colcon_core.verb:set package 'snowbot_ultrasonics' build argument 'cmake_clean_first' from command line to 'False'
[1.682s] Level 5:colcon.colcon_core.verb:set package 'snowbot_ultrasonics' build argument 'cmake_force_configure' from command line to 'False'
[1.682s] Level 5:colcon.colcon_core.verb:set package 'snowbot_ultrasonics' build argument 'ament_cmake_args' from command line to 'None'
[1.682s] Level 5:colcon.colcon_core.verb:set package 'snowbot_ultrasonics' build argument 'catkin_cmake_args' from command line to 'None'
[1.682s] Level 5:colcon.colcon_core.verb:set package 'snowbot_ultrasonics' build argument 'catkin_skip_building_tests' from command line to 'False'
[1.682s] DEBUG:colcon.colcon_core.verb:Building package 'snowbot_ultrasonics' with the following arguments: {'ament_cmake_args': None, 'build_base': '/home/pi/snowbot_ws/build/snowbot_ultrasonics', 'catkin_cmake_args': None, 'catkin_skip_building_tests': False, 'cmake_args': None, 'cmake_clean_cache': False, 'cmake_clean_first': False, 'cmake_force_configure': False, 'cmake_target': None, 'cmake_target_skip_unavailable': False, 'install_base': '/home/pi/snowbot_ws/install/snowbot_ultrasonics', 'merge_install': False, 'path': '/home/pi/snowbot_ws/src/snowbot_ultrasonics', 'symlink_install': False, 'test_result_base': None}
[1.683s] INFO:colcon.colcon_core.executor:Executing jobs using 'parallel' executor
[1.686s] DEBUG:colcon.colcon_parallel_executor.executor.parallel:run_until_complete
[1.686s] INFO:colcon.colcon_ros.task.ament_python.build:Building ROS package in '/home/pi/snowbot_ws/src/snowbot_ultrasonics' with build type 'ament_python'
[1.687s] Level 1:colcon.colcon_core.shell:create_environment_hook('snowbot_ultrasonics', 'ament_prefix_path')
[1.696s] INFO:colcon.colcon_core.plugin_system:Skipping extension 'colcon_core.shell.bat': Not used on non-Windows systems
[1.697s] INFO:colcon.colcon_core.shell:Creating environment hook '/home/pi/snowbot_ws/install/snowbot_ultrasonics/share/snowbot_ultrasonics/hook/ament_prefix_path.ps1'
[1.700s] INFO:colcon.colcon_core.shell:Creating environment descriptor '/home/pi/snowbot_ws/install/snowbot_ultrasonics/share/snowbot_ultrasonics/hook/ament_prefix_path.dsv'
[1.702s] INFO:colcon.colcon_core.shell:Creating environment hook '/home/pi/snowbot_ws/install/snowbot_ultrasonics/share/snowbot_ultrasonics/hook/ament_prefix_path.sh'
[1.705s] INFO:colcon.colcon_core.shell:Skip shell extension 'powershell' for command environment: Not usable outside of PowerShell
[1.706s] DEBUG:colcon.colcon_core.shell:Skip shell extension 'dsv' for command environment
[2.931s] INFO:colcon.colcon_core.task.python.build:Building Python package in '/home/pi/snowbot_ws/src/snowbot_ultrasonics'
[2.932s] INFO:colcon.colcon_core.shell:Skip shell extension 'powershell' for command environment: Not usable outside of PowerShell
[2.932s] DEBUG:colcon.colcon_core.shell:Skip shell extension 'dsv' for command environment
[4.597s] DEBUG:colcon.colcon_core.event_handler.log_command:Invoking command in '/home/pi/snowbot_ws/src/snowbot_ultrasonics': PYTHONPATH=/home/pi/snowbot_ws/build/snowbot_ultrasonics/prefix_override:/usr/lib/python3/dist-packages/colcon_core/task/python/colcon_distutils_commands:/home/pi/snowbot_ws/install/snowbot_ultrasonics/lib/python3.10/site-packages:${PYTHONPATH} /usr/bin/python3 -W ignore:setup.py install is deprecated -W ignore:easy_install command is deprecated setup.py egg_info --egg-base ../../build/snowbot_ultrasonics build --build-base /home/pi/snowbot_ws/build/snowbot_ultrasonics/build install --record /home/pi/snowbot_ws/build/snowbot_ultrasonics/install.log --single-version-externally-managed install_data
[5.973s] DEBUG:colcon.colcon_core.event_handler.log_command:Invoked command in '/home/pi/snowbot_ws/src/snowbot_ultrasonics' returned '0': PYTHONPATH=/home/pi/snowbot_ws/build/snowbot_ultrasonics/prefix_override:/usr/lib/python3/dist-packages/colcon_core/task/python/colcon_distutils_commands:/home/pi/snowbot_ws/install/snowbot_ultrasonics/lib/python3.10/site-packages:${PYTHONPATH} /usr/bin/python3 -W ignore:setup.py install is deprecated -W ignore:easy_install command is deprecated setup.py egg_info --egg-base ../../build/snowbot_ultrasonics build --build-base /home/pi/snowbot_ws/build/snowbot_ultrasonics/build install --record /home/pi/snowbot_ws/build/snowbot_ultrasonics/install.log --single-version-externally-managed install_data
[5.982s] Level 1:colcon.colcon_core.environment:checking '/home/pi/snowbot_ws/install/snowbot_ultrasonics' for CMake module files
[5.985s] Level 1:colcon.colcon_core.environment:checking '/home/pi/snowbot_ws/install/snowbot_ultrasonics' for CMake config files
[5.989s] Level 1:colcon.colcon_core.environment:checking '/home/pi/snowbot_ws/install/snowbot_ultrasonics/lib'
[5.990s] Level 1:colcon.colcon_core.environment:checking '/home/pi/snowbot_ws/install/snowbot_ultrasonics/bin'
[5.990s] Level 1:colcon.colcon_core.environment:checking '/home/pi/snowbot_ws/install/snowbot_ultrasonics/lib/pkgconfig/snowbot_ultrasonics.pc'
[5.991s] Level 1:colcon.colcon_core.environment:checking '/home/pi/snowbot_ws/install/snowbot_ultrasonics/lib/python3.10/site-packages'
[5.991s] Level 1:colcon.colcon_core.shell:create_environment_hook('snowbot_ultrasonics', 'pythonpath')
[5.992s] INFO:colcon.colcon_core.shell:Creating environment hook '/home/pi/snowbot_ws/install/snowbot_ultrasonics/share/snowbot_ultrasonics/hook/pythonpath.ps1'
[5.994s] INFO:colcon.colcon_core.shell:Creating environment descriptor '/home/pi/snowbot_ws/install/snowbot_ultrasonics/share/snowbot_ultrasonics/hook/pythonpath.dsv'
[5.996s] INFO:colcon.colcon_core.shell:Creating environment hook '/home/pi/snowbot_ws/install/snowbot_ultrasonics/share/snowbot_ultrasonics/hook/pythonpath.sh'
[5.999s] Level 1:colcon.colcon_core.environment:checking '/home/pi/snowbot_ws/install/snowbot_ultrasonics/bin'
[6.000s] Level 1:colcon.colcon_core.environment:create_environment_scripts_only(snowbot_ultrasonics)
[6.001s] INFO:colcon.colcon_core.shell:Creating package script '/home/pi/snowbot_ws/install/snowbot_ultrasonics/share/snowbot_ultrasonics/package.ps1'
[6.004s] INFO:colcon.colcon_core.shell:Creating package descriptor '/home/pi/snowbot_ws/install/snowbot_ultrasonics/share/snowbot_ultrasonics/package.dsv'
[6.007s] INFO:colcon.colcon_core.shell:Creating package script '/home/pi/snowbot_ws/install/snowbot_ultrasonics/share/snowbot_ultrasonics/package.sh'
[6.010s] INFO:colcon.colcon_core.shell:Creating package script '/home/pi/snowbot_ws/install/snowbot_ultrasonics/share/snowbot_ultrasonics/package.bash'
[6.013s] INFO:colcon.colcon_core.shell:Creating package script '/home/pi/snowbot_ws/install/snowbot_ultrasonics/share/snowbot_ultrasonics/package.zsh'
[6.017s] Level 1:colcon.colcon_core.environment:create_file_with_runtime_dependencies(/home/pi/snowbot_ws/install/snowbot_ultrasonics/share/colcon-core/packages/snowbot_ultrasonics)
[6.019s] DEBUG:colcon.colcon_parallel_executor.executor.parallel:closing loop
[6.020s] DEBUG:colcon.colcon_parallel_executor.executor.parallel:loop closed
[6.020s] DEBUG:colcon.colcon_parallel_executor.executor.parallel:run_until_complete finished with '0'
[6.021s] DEBUG:colcon.colcon_core.event_reactor:joining thread
[6.040s] INFO:colcon.colcon_core.plugin_system:Skipping extension 'colcon_notification.desktop_notification.notify_send': Could not find 'notify-send'
[6.040s] INFO:colcon.colcon_core.plugin_system:Skipping extension 'colcon_notification.desktop_notification.terminal_notifier': Not used on non-Darwin systems
[6.040s] INFO:colcon.colcon_core.plugin_system:Skipping extension 'colcon_notification.desktop_notification.win32': Not used on non-Windows systems
[6.041s] INFO:colcon.colcon_notification.desktop_notification:Sending desktop notification using 'notify2'
[6.043s] DEBUG:colcon.colcon_notification.desktop_notification.notify2:Failed to initialize notify2: org.freedesktop.DBus.Error.ServiceUnknown: The name org.freedesktop.Notifications was not provided by any .service files
[6.044s] DEBUG:colcon.colcon_core.event_reactor:joined thread
[6.045s] INFO:colcon.colcon_core.shell:Creating prefix script '/home/pi/snowbot_ws/install/local_setup.ps1'
[6.048s] INFO:colcon.colcon_core.shell:Creating prefix util module '/home/pi/snowbot_ws/install/_local_setup_util_ps1.py'
[6.054s] INFO:colcon.colcon_core.shell:Creating prefix chain script '/home/pi/snowbot_ws/install/setup.ps1'
[6.059s] INFO:colcon.colcon_core.shell:Creating prefix script '/home/pi/snowbot_ws/install/local_setup.sh'
[6.062s] INFO:colcon.colcon_core.shell:Creating prefix util module '/home/pi/snowbot_ws/install/_local_setup_util_sh.py'
[6.065s] INFO:colcon.colcon_core.shell:Creating prefix chain script '/home/pi/snowbot_ws/install/setup.sh'
[6.070s] INFO:colcon.colcon_core.shell:Creating prefix script '/home/pi/snowbot_ws/install/local_setup.bash'
[6.072s] INFO:colcon.colcon_core.shell:Creating prefix chain script '/home/pi/snowbot_ws/install/setup.bash'
[6.077s] INFO:colcon.colcon_core.shell:Creating prefix script '/home/pi/snowbot_ws/install/local_setup.zsh'
[6.079s] INFO:colcon.colcon_core.shell:Creating prefix chain script '/home/pi/snowbot_ws/install/setup.zsh'
