[0.710s] DEBUG:colcon:Command line arguments: ['/usr/bin/colcon', 'build']
[0.710s] DEBUG:colcon:Parsed command line arguments: Namespace(log_base=None, log_level=None, verb_name='build', build_base='build', install_base='install', merge_install=False, symlink_install=False, test_result_base=None, continue_on_error=False, executor='parallel', parallel_workers=4, event_handlers=None, ignore_user_meta=False, metas=['./colcon.meta'], base_paths=['.'], packages_ignore=None, packages_ignore_regex=None, paths=None, packages_up_to=None, packages_up_to_regex=None, packages_above=None, packages_above_and_dependencies=None, packages_above_depth=None, packages_select_by_dep=None, packages_skip_by_dep=None, packages_skip_up_to=None, packages_select_build_failed=False, packages_skip_build_finished=False, packages_select_test_failures=False, packages_skip_test_passed=False, packages_select=None, packages_skip=None, packages_select_regex=None, packages_skip_regex=None, packages_start=None, packages_end=None, allow_overriding=[], cmake_args=None, cmake_target=None, cmake_target_skip_unavailable=False, cmake_clean_cache=False, cmake_clean_first=False, cmake_force_configure=False, ament_cmake_args=None, catkin_cmake_args=None, catkin_skip_building_tests=False, mixin_files=None, mixin=None, verb_parser=<colcon_mixin.mixin.mixin_argument.MixinArgumentDecorator object at 0xffffbcb956f0>, verb_extension=<colcon_core.verb.build.BuildVerb object at 0xffffbcd3e680>, main=<bound method BuildVerb.main of <colcon_core.verb.build.BuildVerb object at 0xffffbcd3e680>>, mixin_verb=('build',))
[1.948s] Level 1:colcon.colcon_core.package_discovery:discover_packages(colcon_meta) check parameters
[1.949s] Level 1:colcon.colcon_core.package_discovery:discover_packages(recursive) check parameters
[1.949s] Level 1:colcon.colcon_core.package_discovery:discover_packages(ignore) check parameters
[1.949s] Level 1:colcon.colcon_core.package_discovery:discover_packages(path) check parameters
[1.949s] Level 1:colcon.colcon_core.package_discovery:discover_packages(colcon_meta) discover
[1.950s] Level 1:colcon.colcon_core.package_discovery:discover_packages(recursive) discover
[1.950s] INFO:colcon.colcon_core.package_discovery:Crawling recursively for packages in '/home/pi/snowbot_ws'
[1.950s] Level 1:colcon.colcon_core.package_identification:_identify(.) by extensions ['ignore', 'ignore_ament_install']
[1.951s] Level 1:colcon.colcon_core.package_identification:_identify(.) by extension 'ignore'
[1.951s] Level 1:colcon.colcon_core.package_identification:_identify(.) by extension 'ignore_ament_install'
[1.951s] Level 1:colcon.colcon_core.package_identification:_identify(.) by extensions ['colcon_pkg']
[1.951s] Level 1:colcon.colcon_core.package_identification:_identify(.) by extension 'colcon_pkg'
[1.952s] Level 1:colcon.colcon_core.package_identification:_identify(.) by extensions ['colcon_meta']
[1.952s] Level 1:colcon.colcon_core.package_identification:_identify(.) by extension 'colcon_meta'
[1.952s] Level 1:colcon.colcon_core.package_identification:_identify(.) by extensions ['ros']
[1.952s] Level 1:colcon.colcon_core.package_identification:_identify(.) by extension 'ros'
[1.995s] Level 1:colcon.colcon_core.package_identification:_identify(.) by extensions ['cmake', 'python']
[1.996s] Level 1:colcon.colcon_core.package_identification:_identify(.) by extension 'cmake'
[1.996s] Level 1:colcon.colcon_core.package_identification:_identify(.) by extension 'python'
[1.996s] Level 1:colcon.colcon_core.package_identification:_identify(.) by extensions ['python_setup_py']
[1.996s] Level 1:colcon.colcon_core.package_identification:_identify(.) by extension 'python_setup_py'
[1.997s] Level 1:colcon.colcon_core.package_identification:_identify(build) by extensions ['ignore', 'ignore_ament_install']
[1.997s] Level 1:colcon.colcon_core.package_identification:_identify(build) by extension 'ignore'
[1.997s] Level 1:colcon.colcon_core.package_identification:_identify(build) ignored
[1.998s] Level 1:colcon.colcon_core.package_identification:_identify(install) by extensions ['ignore', 'ignore_ament_install']
[1.998s] Level 1:colcon.colcon_core.package_identification:_identify(install) by extension 'ignore'
[1.998s] Level 1:colcon.colcon_core.package_identification:_identify(install) ignored
[2.000s] Level 1:colcon.colcon_core.package_identification:_identify(log) by extensions ['ignore', 'ignore_ament_install']
[2.000s] Level 1:colcon.colcon_core.package_identification:_identify(log) by extension 'ignore'
[2.000s] Level 1:colcon.colcon_core.package_identification:_identify(log) ignored
[2.001s] Level 1:colcon.colcon_core.package_identification:_identify(src) by extensions ['ignore', 'ignore_ament_install']
[2.001s] Level 1:colcon.colcon_core.package_identification:_identify(src) by extension 'ignore'
[2.001s] Level 1:colcon.colcon_core.package_identification:_identify(src) by extension 'ignore_ament_install'
[2.001s] Level 1:colcon.colcon_core.package_identification:_identify(src) by extensions ['colcon_pkg']
[2.001s] Level 1:colcon.colcon_core.package_identification:_identify(src) by extension 'colcon_pkg'
[2.002s] Level 1:colcon.colcon_core.package_identification:_identify(src) by extensions ['colcon_meta']
[2.002s] Level 1:colcon.colcon_core.package_identification:_identify(src) by extension 'colcon_meta'
[2.002s] Level 1:colcon.colcon_core.package_identification:_identify(src) by extensions ['ros']
[2.002s] Level 1:colcon.colcon_core.package_identification:_identify(src) by extension 'ros'
[2.002s] Level 1:colcon.colcon_core.package_identification:_identify(src) by extensions ['cmake', 'python']
[2.002s] Level 1:colcon.colcon_core.package_identification:_identify(src) by extension 'cmake'
[2.003s] Level 1:colcon.colcon_core.package_identification:_identify(src) by extension 'python'
[2.003s] Level 1:colcon.colcon_core.package_identification:_identify(src) by extensions ['python_setup_py']
[2.003s] Level 1:colcon.colcon_core.package_identification:_identify(src) by extension 'python_setup_py'
[2.004s] Level 1:colcon.colcon_core.package_identification:_identify(src/build) by extensions ['ignore', 'ignore_ament_install']
[2.004s] Level 1:colcon.colcon_core.package_identification:_identify(src/build) by extension 'ignore'
[2.005s] Level 1:colcon.colcon_core.package_identification:_identify(src/build) ignored
[2.006s] Level 1:colcon.colcon_core.package_identification:_identify(src/install) by extensions ['ignore', 'ignore_ament_install']
[2.006s] Level 1:colcon.colcon_core.package_identification:_identify(src/install) by extension 'ignore'
[2.006s] Level 1:colcon.colcon_core.package_identification:_identify(src/install) ignored
[2.007s] Level 1:colcon.colcon_core.package_identification:_identify(src/log) by extensions ['ignore', 'ignore_ament_install']
[2.008s] Level 1:colcon.colcon_core.package_identification:_identify(src/log) by extension 'ignore'
[2.008s] Level 1:colcon.colcon_core.package_identification:_identify(src/log) ignored
[2.009s] Level 1:colcon.colcon_core.package_identification:_identify(src/snowbot_current) by extensions ['ignore', 'ignore_ament_install']
[2.009s] Level 1:colcon.colcon_core.package_identification:_identify(src/snowbot_current) by extension 'ignore'
[2.009s] Level 1:colcon.colcon_core.package_identification:_identify(src/snowbot_current) by extension 'ignore_ament_install'
[2.010s] Level 1:colcon.colcon_core.package_identification:_identify(src/snowbot_current) by extensions ['colcon_pkg']
[2.010s] Level 1:colcon.colcon_core.package_identification:_identify(src/snowbot_current) by extension 'colcon_pkg'
[2.010s] Level 1:colcon.colcon_core.package_identification:_identify(src/snowbot_current) by extensions ['colcon_meta']
[2.010s] Level 1:colcon.colcon_core.package_identification:_identify(src/snowbot_current) by extension 'colcon_meta'
[2.010s] Level 1:colcon.colcon_core.package_identification:_identify(src/snowbot_current) by extensions ['ros']
[2.010s] Level 1:colcon.colcon_core.package_identification:_identify(src/snowbot_current) by extension 'ros'
[2.023s] DEBUG:colcon.colcon_core.package_identification:Package 'src/snowbot_current' with type 'ros.ament_python' and name 'snowbot_current'
[2.024s] Level 1:colcon.colcon_core.package_identification:_identify(src/snowbot_gps) by extensions ['ignore', 'ignore_ament_install']
[2.025s] Level 1:colcon.colcon_core.package_identification:_identify(src/snowbot_gps) by extension 'ignore'
[2.025s] Level 1:colcon.colcon_core.package_identification:_identify(src/snowbot_gps) by extension 'ignore_ament_install'
[2.025s] Level 1:colcon.colcon_core.package_identification:_identify(src/snowbot_gps) by extensions ['colcon_pkg']
[2.025s] Level 1:colcon.colcon_core.package_identification:_identify(src/snowbot_gps) by extension 'colcon_pkg'
[2.025s] Level 1:colcon.colcon_core.package_identification:_identify(src/snowbot_gps) by extensions ['colcon_meta']
[2.026s] Level 1:colcon.colcon_core.package_identification:_identify(src/snowbot_gps) by extension 'colcon_meta'
[2.026s] Level 1:colcon.colcon_core.package_identification:_identify(src/snowbot_gps) by extensions ['ros']
[2.026s] Level 1:colcon.colcon_core.package_identification:_identify(src/snowbot_gps) by extension 'ros'
[2.026s] Level 1:colcon.colcon_core.package_identification:_identify(src/snowbot_gps) by extensions ['cmake', 'python']
[2.026s] Level 1:colcon.colcon_core.package_identification:_identify(src/snowbot_gps) by extension 'cmake'
[2.027s] Level 1:colcon.colcon_core.package_identification:_identify(src/snowbot_gps) by extension 'python'
[2.027s] Level 1:colcon.colcon_core.package_identification:_identify(src/snowbot_gps) by extensions ['python_setup_py']
[2.027s] Level 1:colcon.colcon_core.package_identification:_identify(src/snowbot_gps) by extension 'python_setup_py'
[2.028s] Level 1:colcon.colcon_core.package_identification:_identify(src/snowbot_gps/launch) by extensions ['ignore', 'ignore_ament_install']
[2.028s] Level 1:colcon.colcon_core.package_identification:_identify(src/snowbot_gps/launch) by extension 'ignore'
[2.028s] Level 1:colcon.colcon_core.package_identification:_identify(src/snowbot_gps/launch) by extension 'ignore_ament_install'
[2.028s] Level 1:colcon.colcon_core.package_identification:_identify(src/snowbot_gps/launch) by extensions ['colcon_pkg']
[2.028s] Level 1:colcon.colcon_core.package_identification:_identify(src/snowbot_gps/launch) by extension 'colcon_pkg'
[2.029s] Level 1:colcon.colcon_core.package_identification:_identify(src/snowbot_gps/launch) by extensions ['colcon_meta']
[2.029s] Level 1:colcon.colcon_core.package_identification:_identify(src/snowbot_gps/launch) by extension 'colcon_meta'
[2.029s] Level 1:colcon.colcon_core.package_identification:_identify(src/snowbot_gps/launch) by extensions ['ros']
[2.029s] Level 1:colcon.colcon_core.package_identification:_identify(src/snowbot_gps/launch) by extension 'ros'
[2.030s] Level 1:colcon.colcon_core.package_identification:_identify(src/snowbot_gps/launch) by extensions ['cmake', 'python']
[2.030s] Level 1:colcon.colcon_core.package_identification:_identify(src/snowbot_gps/launch) by extension 'cmake'
[2.030s] Level 1:colcon.colcon_core.package_identification:_identify(src/snowbot_gps/launch) by extension 'python'
[2.030s] Level 1:colcon.colcon_core.package_identification:_identify(src/snowbot_gps/launch) by extensions ['python_setup_py']
[2.030s] Level 1:colcon.colcon_core.package_identification:_identify(src/snowbot_gps/launch) by extension 'python_setup_py'
[2.032s] Level 1:colcon.colcon_core.package_identification:_identify(src/snowbot_imu) by extensions ['ignore', 'ignore_ament_install']
[2.032s] Level 1:colcon.colcon_core.package_identification:_identify(src/snowbot_imu) by extension 'ignore'
[2.032s] Level 1:colcon.colcon_core.package_identification:_identify(src/snowbot_imu) by extension 'ignore_ament_install'
[2.032s] Level 1:colcon.colcon_core.package_identification:_identify(src/snowbot_imu) by extensions ['colcon_pkg']
[2.033s] Level 1:colcon.colcon_core.package_identification:_identify(src/snowbot_imu) by extension 'colcon_pkg'
[2.033s] Level 1:colcon.colcon_core.package_identification:_identify(src/snowbot_imu) by extensions ['colcon_meta']
[2.033s] Level 1:colcon.colcon_core.package_identification:_identify(src/snowbot_imu) by extension 'colcon_meta'
[2.033s] Level 1:colcon.colcon_core.package_identification:_identify(src/snowbot_imu) by extensions ['ros']
[2.033s] Level 1:colcon.colcon_core.package_identification:_identify(src/snowbot_imu) by extension 'ros'
[2.037s] DEBUG:colcon.colcon_core.package_identification:Package 'src/snowbot_imu' with type 'ros.ament_python' and name 'snowbot_imu'
[2.038s] Level 1:colcon.colcon_core.package_identification:_identify(src/snowbot_motors) by extensions ['ignore', 'ignore_ament_install']
[2.039s] Level 1:colcon.colcon_core.package_identification:_identify(src/snowbot_motors) by extension 'ignore'
[2.039s] Level 1:colcon.colcon_core.package_identification:_identify(src/snowbot_motors) by extension 'ignore_ament_install'
[2.039s] Level 1:colcon.colcon_core.package_identification:_identify(src/snowbot_motors) by extensions ['colcon_pkg']
[2.039s] Level 1:colcon.colcon_core.package_identification:_identify(src/snowbot_motors) by extension 'colcon_pkg'
[2.039s] Level 1:colcon.colcon_core.package_identification:_identify(src/snowbot_motors) by extensions ['colcon_meta']
[2.040s] Level 1:colcon.colcon_core.package_identification:_identify(src/snowbot_motors) by extension 'colcon_meta'
[2.040s] Level 1:colcon.colcon_core.package_identification:_identify(src/snowbot_motors) by extensions ['ros']
[2.040s] Level 1:colcon.colcon_core.package_identification:_identify(src/snowbot_motors) by extension 'ros'
[2.044s] DEBUG:colcon.colcon_core.package_identification:Package 'src/snowbot_motors' with type 'ros.ament_python' and name 'snowbot_motors'
[2.045s] Level 1:colcon.colcon_core.package_identification:_identify(src/snowbot_servos) by extensions ['ignore', 'ignore_ament_install']
[2.045s] Level 1:colcon.colcon_core.package_identification:_identify(src/snowbot_servos) by extension 'ignore'
[2.046s] Level 1:colcon.colcon_core.package_identification:_identify(src/snowbot_servos) by extension 'ignore_ament_install'
[2.046s] Level 1:colcon.colcon_core.package_identification:_identify(src/snowbot_servos) by extensions ['colcon_pkg']
[2.046s] Level 1:colcon.colcon_core.package_identification:_identify(src/snowbot_servos) by extension 'colcon_pkg'
[2.046s] Level 1:colcon.colcon_core.package_identification:_identify(src/snowbot_servos) by extensions ['colcon_meta']
[2.046s] Level 1:colcon.colcon_core.package_identification:_identify(src/snowbot_servos) by extension 'colcon_meta'
[2.046s] Level 1:colcon.colcon_core.package_identification:_identify(src/snowbot_servos) by extensions ['ros']
[2.047s] Level 1:colcon.colcon_core.package_identification:_identify(src/snowbot_servos) by extension 'ros'
[2.050s] DEBUG:colcon.colcon_core.package_identification:Package 'src/snowbot_servos' with type 'ros.ament_python' and name 'snowbot_servos'
[2.051s] Level 1:colcon.colcon_core.package_identification:_identify(src/snowbot_ultrasonics) by extensions ['ignore', 'ignore_ament_install']
[2.052s] Level 1:colcon.colcon_core.package_identification:_identify(src/snowbot_ultrasonics) by extension 'ignore'
[2.052s] Level 1:colcon.colcon_core.package_identification:_identify(src/snowbot_ultrasonics) by extension 'ignore_ament_install'
[2.052s] Level 1:colcon.colcon_core.package_identification:_identify(src/snowbot_ultrasonics) by extensions ['colcon_pkg']
[2.052s] Level 1:colcon.colcon_core.package_identification:_identify(src/snowbot_ultrasonics) by extension 'colcon_pkg'
[2.052s] Level 1:colcon.colcon_core.package_identification:_identify(src/snowbot_ultrasonics) by extensions ['colcon_meta']
[2.053s] Level 1:colcon.colcon_core.package_identification:_identify(src/snowbot_ultrasonics) by extension 'colcon_meta'
[2.053s] Level 1:colcon.colcon_core.package_identification:_identify(src/snowbot_ultrasonics) by extensions ['ros']
[2.053s] Level 1:colcon.colcon_core.package_identification:_identify(src/snowbot_ultrasonics) by extension 'ros'
[2.057s] DEBUG:colcon.colcon_core.package_identification:Package 'src/snowbot_ultrasonics' with type 'ros.ament_python' and name 'snowbot_ultrasonics'
[2.057s] Level 1:colcon.colcon_core.package_discovery:discover_packages(recursive) using defaults
[2.057s] Level 1:colcon.colcon_core.package_discovery:discover_packages(ignore) discover
[2.057s] Level 1:colcon.colcon_core.package_discovery:discover_packages(ignore) using defaults
[2.057s] Level 1:colcon.colcon_core.package_discovery:discover_packages(path) discover
[2.057s] Level 1:colcon.colcon_core.package_discovery:discover_packages(path) using defaults
[2.231s] Level 1:colcon.colcon_core.package_discovery:discover_packages(prefix_path) check parameters
[2.231s] Level 1:colcon.colcon_core.package_discovery:discover_packages(prefix_path) discover
[2.253s] DEBUG:colcon.colcon_installed_package_information.package_discovery:Found 274 installed packages in /opt/ros/humble
[2.261s] Level 1:colcon.colcon_core.package_discovery:discover_packages(prefix_path) using defaults
[2.430s] Level 5:colcon.colcon_core.verb:set package 'snowbot_current' build argument 'cmake_args' from command line to 'None'
[2.431s] Level 5:colcon.colcon_core.verb:set package 'snowbot_current' build argument 'cmake_target' from command line to 'None'
[2.431s] Level 5:colcon.colcon_core.verb:set package 'snowbot_current' build argument 'cmake_target_skip_unavailable' from command line to 'False'
[2.431s] Level 5:colcon.colcon_core.verb:set package 'snowbot_current' build argument 'cmake_clean_cache' from command line to 'False'
[2.431s] Level 5:colcon.colcon_core.verb:set package 'snowbot_current' build argument 'cmake_clean_first' from command line to 'False'
[2.431s] Level 5:colcon.colcon_core.verb:set package 'snowbot_current' build argument 'cmake_force_configure' from command line to 'False'
[2.431s] Level 5:colcon.colcon_core.verb:set package 'snowbot_current' build argument 'ament_cmake_args' from command line to 'None'
[2.431s] Level 5:colcon.colcon_core.verb:set package 'snowbot_current' build argument 'catkin_cmake_args' from command line to 'None'
[2.431s] Level 5:colcon.colcon_core.verb:set package 'snowbot_current' build argument 'catkin_skip_building_tests' from command line to 'False'
[2.432s] DEBUG:colcon.colcon_core.verb:Building package 'snowbot_current' with the following arguments: {'ament_cmake_args': None, 'build_base': '/home/pi/snowbot_ws/build/snowbot_current', 'catkin_cmake_args': None, 'catkin_skip_building_tests': False, 'cmake_args': None, 'cmake_clean_cache': False, 'cmake_clean_first': False, 'cmake_force_configure': False, 'cmake_target': None, 'cmake_target_skip_unavailable': False, 'install_base': '/home/pi/snowbot_ws/install/snowbot_current', 'merge_install': False, 'path': '/home/pi/snowbot_ws/src/snowbot_current', 'symlink_install': False, 'test_result_base': None}
[2.433s] Level 5:colcon.colcon_core.verb:set package 'snowbot_imu' build argument 'cmake_args' from command line to 'None'
[2.433s] Level 5:colcon.colcon_core.verb:set package 'snowbot_imu' build argument 'cmake_target' from command line to 'None'
[2.433s] Level 5:colcon.colcon_core.verb:set package 'snowbot_imu' build argument 'cmake_target_skip_unavailable' from command line to 'False'
[2.433s] Level 5:colcon.colcon_core.verb:set package 'snowbot_imu' build argument 'cmake_clean_cache' from command line to 'False'
[2.433s] Level 5:colcon.colcon_core.verb:set package 'snowbot_imu' build argument 'cmake_clean_first' from command line to 'False'
[2.433s] Level 5:colcon.colcon_core.verb:set package 'snowbot_imu' build argument 'cmake_force_configure' from command line to 'False'
[2.434s] Level 5:colcon.colcon_core.verb:set package 'snowbot_imu' build argument 'ament_cmake_args' from command line to 'None'
[2.434s] Level 5:colcon.colcon_core.verb:set package 'snowbot_imu' build argument 'catkin_cmake_args' from command line to 'None'
[2.434s] Level 5:colcon.colcon_core.verb:set package 'snowbot_imu' build argument 'catkin_skip_building_tests' from command line to 'False'
[2.434s] DEBUG:colcon.colcon_core.verb:Building package 'snowbot_imu' with the following arguments: {'ament_cmake_args': None, 'build_base': '/home/pi/snowbot_ws/build/snowbot_imu', 'catkin_cmake_args': None, 'catkin_skip_building_tests': False, 'cmake_args': None, 'cmake_clean_cache': False, 'cmake_clean_first': False, 'cmake_force_configure': False, 'cmake_target': None, 'cmake_target_skip_unavailable': False, 'install_base': '/home/pi/snowbot_ws/install/snowbot_imu', 'merge_install': False, 'path': '/home/pi/snowbot_ws/src/snowbot_imu', 'symlink_install': False, 'test_result_base': None}
[2.435s] Level 5:colcon.colcon_core.verb:set package 'snowbot_motors' build argument 'cmake_args' from command line to 'None'
[2.436s] Level 5:colcon.colcon_core.verb:set package 'snowbot_motors' build argument 'cmake_target' from command line to 'None'
[2.436s] Level 5:colcon.colcon_core.verb:set package 'snowbot_motors' build argument 'cmake_target_skip_unavailable' from command line to 'False'
[2.436s] Level 5:colcon.colcon_core.verb:set package 'snowbot_motors' build argument 'cmake_clean_cache' from command line to 'False'
[2.436s] Level 5:colcon.colcon_core.verb:set package 'snowbot_motors' build argument 'cmake_clean_first' from command line to 'False'
[2.436s] Level 5:colcon.colcon_core.verb:set package 'snowbot_motors' build argument 'cmake_force_configure' from command line to 'False'
[2.436s] Level 5:colcon.colcon_core.verb:set package 'snowbot_motors' build argument 'ament_cmake_args' from command line to 'None'
[2.436s] Level 5:colcon.colcon_core.verb:set package 'snowbot_motors' build argument 'catkin_cmake_args' from command line to 'None'
[2.436s] Level 5:colcon.colcon_core.verb:set package 'snowbot_motors' build argument 'catkin_skip_building_tests' from command line to 'False'
[2.436s] DEBUG:colcon.colcon_core.verb:Building package 'snowbot_motors' with the following arguments: {'ament_cmake_args': None, 'build_base': '/home/pi/snowbot_ws/build/snowbot_motors', 'catkin_cmake_args': None, 'catkin_skip_building_tests': False, 'cmake_args': None, 'cmake_clean_cache': False, 'cmake_clean_first': False, 'cmake_force_configure': False, 'cmake_target': None, 'cmake_target_skip_unavailable': False, 'install_base': '/home/pi/snowbot_ws/install/snowbot_motors', 'merge_install': False, 'path': '/home/pi/snowbot_ws/src/snowbot_motors', 'symlink_install': False, 'test_result_base': None}
[2.438s] Level 5:colcon.colcon_core.verb:set package 'snowbot_servos' build argument 'cmake_args' from command line to 'None'
[2.438s] Level 5:colcon.colcon_core.verb:set package 'snowbot_servos' build argument 'cmake_target' from command line to 'None'
[2.438s] Level 5:colcon.colcon_core.verb:set package 'snowbot_servos' build argument 'cmake_target_skip_unavailable' from command line to 'False'
[2.438s] Level 5:colcon.colcon_core.verb:set package 'snowbot_servos' build argument 'cmake_clean_cache' from command line to 'False'
[2.438s] Level 5:colcon.colcon_core.verb:set package 'snowbot_servos' build argument 'cmake_clean_first' from command line to 'False'
[2.438s] Level 5:colcon.colcon_core.verb:set package 'snowbot_servos' build argument 'cmake_force_configure' from command line to 'False'
[2.438s] Level 5:colcon.colcon_core.verb:set package 'snowbot_servos' build argument 'ament_cmake_args' from command line to 'None'
[2.438s] Level 5:colcon.colcon_core.verb:set package 'snowbot_servos' build argument 'catkin_cmake_args' from command line to 'None'
[2.438s] Level 5:colcon.colcon_core.verb:set package 'snowbot_servos' build argument 'catkin_skip_building_tests' from command line to 'False'
[2.439s] DEBUG:colcon.colcon_core.verb:Building package 'snowbot_servos' with the following arguments: {'ament_cmake_args': None, 'build_base': '/home/pi/snowbot_ws/build/snowbot_servos', 'catkin_cmake_args': None, 'catkin_skip_building_tests': False, 'cmake_args': None, 'cmake_clean_cache': False, 'cmake_clean_first': False, 'cmake_force_configure': False, 'cmake_target': None, 'cmake_target_skip_unavailable': False, 'install_base': '/home/pi/snowbot_ws/install/snowbot_servos', 'merge_install': False, 'path': '/home/pi/snowbot_ws/src/snowbot_servos', 'symlink_install': False, 'test_result_base': None}
[2.440s] Level 5:colcon.colcon_core.verb:set package 'snowbot_ultrasonics' build argument 'cmake_args' from command line to 'None'
[2.440s] Level 5:colcon.colcon_core.verb:set package 'snowbot_ultrasonics' build argument 'cmake_target' from command line to 'None'
[2.440s] Level 5:colcon.colcon_core.verb:set package 'snowbot_ultrasonics' build argument 'cmake_target_skip_unavailable' from command line to 'False'
[2.440s] Level 5:colcon.colcon_core.verb:set package 'snowbot_ultrasonics' build argument 'cmake_clean_cache' from command line to 'False'
[2.440s] Level 5:colcon.colcon_core.verb:set package 'snowbot_ultrasonics' build argument 'cmake_clean_first' from command line to 'False'
[2.441s] Level 5:colcon.colcon_core.verb:set package 'snowbot_ultrasonics' build argument 'cmake_force_configure' from command line to 'False'
[2.441s] Level 5:colcon.colcon_core.verb:set package 'snowbot_ultrasonics' build argument 'ament_cmake_args' from command line to 'None'
[2.441s] Level 5:colcon.colcon_core.verb:set package 'snowbot_ultrasonics' build argument 'catkin_cmake_args' from command line to 'None'
[2.441s] Level 5:colcon.colcon_core.verb:set package 'snowbot_ultrasonics' build argument 'catkin_skip_building_tests' from command line to 'False'
[2.441s] DEBUG:colcon.colcon_core.verb:Building package 'snowbot_ultrasonics' with the following arguments: {'ament_cmake_args': None, 'build_base': '/home/pi/snowbot_ws/build/snowbot_ultrasonics', 'catkin_cmake_args': None, 'catkin_skip_building_tests': False, 'cmake_args': None, 'cmake_clean_cache': False, 'cmake_clean_first': False, 'cmake_force_configure': False, 'cmake_target': None, 'cmake_target_skip_unavailable': False, 'install_base': '/home/pi/snowbot_ws/install/snowbot_ultrasonics', 'merge_install': False, 'path': '/home/pi/snowbot_ws/src/snowbot_ultrasonics', 'symlink_install': False, 'test_result_base': None}
[2.441s] INFO:colcon.colcon_core.executor:Executing jobs using 'parallel' executor
[2.445s] DEBUG:colcon.colcon_parallel_executor.executor.parallel:run_until_complete
[2.445s] INFO:colcon.colcon_ros.task.ament_python.build:Building ROS package in '/home/pi/snowbot_ws/src/snowbot_current' with build type 'ament_python'
[2.446s] Level 1:colcon.colcon_core.shell:create_environment_hook('snowbot_current', 'ament_prefix_path')
[2.466s] INFO:colcon.colcon_core.plugin_system:Skipping extension 'colcon_core.shell.bat': Not used on non-Windows systems
[2.467s] INFO:colcon.colcon_core.shell:Creating environment hook '/home/pi/snowbot_ws/install/snowbot_current/share/snowbot_current/hook/ament_prefix_path.ps1'
[2.474s] INFO:colcon.colcon_core.shell:Creating environment descriptor '/home/pi/snowbot_ws/install/snowbot_current/share/snowbot_current/hook/ament_prefix_path.dsv'
[2.477s] INFO:colcon.colcon_core.shell:Creating environment hook '/home/pi/snowbot_ws/install/snowbot_current/share/snowbot_current/hook/ament_prefix_path.sh'
[2.482s] INFO:colcon.colcon_core.shell:Skip shell extension 'powershell' for command environment: Not usable outside of PowerShell
[2.482s] DEBUG:colcon.colcon_core.shell:Skip shell extension 'dsv' for command environment
[2.500s] INFO:colcon.colcon_ros.task.ament_python.build:Building ROS package in '/home/pi/snowbot_ws/src/snowbot_imu' with build type 'ament_python'
[2.501s] Level 1:colcon.colcon_core.shell:create_environment_hook('snowbot_imu', 'ament_prefix_path')
[2.502s] INFO:colcon.colcon_core.shell:Creating environment hook '/home/pi/snowbot_ws/install/snowbot_imu/share/snowbot_imu/hook/ament_prefix_path.ps1'
[2.507s] INFO:colcon.colcon_core.shell:Creating environment descriptor '/home/pi/snowbot_ws/install/snowbot_imu/share/snowbot_imu/hook/ament_prefix_path.dsv'
[2.509s] INFO:colcon.colcon_core.shell:Creating environment hook '/home/pi/snowbot_ws/install/snowbot_imu/share/snowbot_imu/hook/ament_prefix_path.sh'
[2.512s] INFO:colcon.colcon_core.shell:Skip shell extension 'powershell' for command environment: Not usable outside of PowerShell
[2.512s] DEBUG:colcon.colcon_core.shell:Skip shell extension 'dsv' for command environment
[2.528s] INFO:colcon.colcon_ros.task.ament_python.build:Building ROS package in '/home/pi/snowbot_ws/src/snowbot_motors' with build type 'ament_python'
[2.528s] Level 1:colcon.colcon_core.shell:create_environment_hook('snowbot_motors', 'ament_prefix_path')
[2.530s] INFO:colcon.colcon_core.shell:Creating environment hook '/home/pi/snowbot_ws/install/snowbot_motors/share/snowbot_motors/hook/ament_prefix_path.ps1'
[2.534s] INFO:colcon.colcon_core.shell:Creating environment descriptor '/home/pi/snowbot_ws/install/snowbot_motors/share/snowbot_motors/hook/ament_prefix_path.dsv'
[2.536s] INFO:colcon.colcon_core.shell:Creating environment hook '/home/pi/snowbot_ws/install/snowbot_motors/share/snowbot_motors/hook/ament_prefix_path.sh'
[2.540s] INFO:colcon.colcon_core.shell:Skip shell extension 'powershell' for command environment: Not usable outside of PowerShell
[2.540s] DEBUG:colcon.colcon_core.shell:Skip shell extension 'dsv' for command environment
[2.556s] INFO:colcon.colcon_ros.task.ament_python.build:Building ROS package in '/home/pi/snowbot_ws/src/snowbot_servos' with build type 'ament_python'
[2.557s] Level 1:colcon.colcon_core.shell:create_environment_hook('snowbot_servos', 'ament_prefix_path')
[2.558s] INFO:colcon.colcon_core.shell:Creating environment hook '/home/pi/snowbot_ws/install/snowbot_servos/share/snowbot_servos/hook/ament_prefix_path.ps1'
[2.563s] INFO:colcon.colcon_core.shell:Creating environment descriptor '/home/pi/snowbot_ws/install/snowbot_servos/share/snowbot_servos/hook/ament_prefix_path.dsv'
[2.565s] INFO:colcon.colcon_core.shell:Creating environment hook '/home/pi/snowbot_ws/install/snowbot_servos/share/snowbot_servos/hook/ament_prefix_path.sh'
[2.568s] INFO:colcon.colcon_core.shell:Skip shell extension 'powershell' for command environment: Not usable outside of PowerShell
[2.568s] DEBUG:colcon.colcon_core.shell:Skip shell extension 'dsv' for command environment
[3.771s] INFO:colcon.colcon_core.task.python.build:Building Python package in '/home/pi/snowbot_ws/src/snowbot_current'
[3.772s] INFO:colcon.colcon_core.shell:Skip shell extension 'powershell' for command environment: Not usable outside of PowerShell
[3.772s] DEBUG:colcon.colcon_core.shell:Skip shell extension 'dsv' for command environment
[4.975s] INFO:colcon.colcon_core.task.python.build:Building Python package in '/home/pi/snowbot_ws/src/snowbot_imu'
[4.976s] INFO:colcon.colcon_core.shell:Skip shell extension 'powershell' for command environment: Not usable outside of PowerShell
[4.976s] DEBUG:colcon.colcon_core.shell:Skip shell extension 'dsv' for command environment
[6.175s] INFO:colcon.colcon_core.task.python.build:Building Python package in '/home/pi/snowbot_ws/src/snowbot_motors'
[6.176s] INFO:colcon.colcon_core.shell:Skip shell extension 'powershell' for command environment: Not usable outside of PowerShell
[6.176s] DEBUG:colcon.colcon_core.shell:Skip shell extension 'dsv' for command environment
[7.368s] INFO:colcon.colcon_core.task.python.build:Building Python package in '/home/pi/snowbot_ws/src/snowbot_servos'
[7.369s] INFO:colcon.colcon_core.shell:Skip shell extension 'powershell' for command environment: Not usable outside of PowerShell
[7.369s] DEBUG:colcon.colcon_core.shell:Skip shell extension 'dsv' for command environment
[10.521s] DEBUG:colcon.colcon_core.event_handler.log_command:Invoking command in '/home/pi/snowbot_ws/src/snowbot_current': PYTHONPATH=/home/pi/snowbot_ws/build/snowbot_current/prefix_override:/usr/lib/python3/dist-packages/colcon_core/task/python/colcon_distutils_commands:/home/pi/snowbot_ws/install/snowbot_current/lib/python3.10/site-packages:${PYTHONPATH} /usr/bin/python3 -W ignore:setup.py install is deprecated -W ignore:easy_install command is deprecated setup.py egg_info --egg-base ../../build/snowbot_current build --build-base /home/pi/snowbot_ws/build/snowbot_current/build install --record /home/pi/snowbot_ws/build/snowbot_current/install.log --single-version-externally-managed install_data
[10.549s] DEBUG:colcon.colcon_core.event_handler.log_command:Invoking command in '/home/pi/snowbot_ws/src/snowbot_servos': PYTHONPATH=/home/pi/snowbot_ws/build/snowbot_servos/prefix_override:/usr/lib/python3/dist-packages/colcon_core/task/python/colcon_distutils_commands:/home/pi/snowbot_ws/install/snowbot_servos/lib/python3.10/site-packages:${PYTHONPATH} /usr/bin/python3 -W ignore:setup.py install is deprecated -W ignore:easy_install command is deprecated setup.py egg_info --egg-base ../../build/snowbot_servos build --build-base /home/pi/snowbot_ws/build/snowbot_servos/build install --record /home/pi/snowbot_ws/build/snowbot_servos/install.log --single-version-externally-managed install_data
[10.562s] DEBUG:colcon.colcon_core.event_handler.log_command:Invoking command in '/home/pi/snowbot_ws/src/snowbot_motors': PYTHONPATH=/home/pi/snowbot_ws/build/snowbot_motors/prefix_override:/usr/lib/python3/dist-packages/colcon_core/task/python/colcon_distutils_commands:/home/pi/snowbot_ws/install/snowbot_motors/lib/python3.10/site-packages:${PYTHONPATH} /usr/bin/python3 -W ignore:setup.py install is deprecated -W ignore:easy_install command is deprecated setup.py egg_info --egg-base ../../build/snowbot_motors build --build-base /home/pi/snowbot_ws/build/snowbot_motors/build install --record /home/pi/snowbot_ws/build/snowbot_motors/install.log --single-version-externally-managed install_data
[10.581s] DEBUG:colcon.colcon_core.event_handler.log_command:Invoking command in '/home/pi/snowbot_ws/src/snowbot_imu': PYTHONPATH=/home/pi/snowbot_ws/build/snowbot_imu/prefix_override:/usr/lib/python3/dist-packages/colcon_core/task/python/colcon_distutils_commands:/home/pi/snowbot_ws/install/snowbot_imu/lib/python3.10/site-packages:${PYTHONPATH} /usr/bin/python3 -W ignore:setup.py install is deprecated -W ignore:easy_install command is deprecated setup.py egg_info --egg-base ../../build/snowbot_imu build --build-base /home/pi/snowbot_ws/build/snowbot_imu/build install --record /home/pi/snowbot_ws/build/snowbot_imu/install.log --single-version-externally-managed install_data
[12.773s] DEBUG:colcon.colcon_core.event_handler.log_command:Invoked command in '/home/pi/snowbot_ws/src/snowbot_servos' returned '0': PYTHONPATH=/home/pi/snowbot_ws/build/snowbot_servos/prefix_override:/usr/lib/python3/dist-packages/colcon_core/task/python/colcon_distutils_commands:/home/pi/snowbot_ws/install/snowbot_servos/lib/python3.10/site-packages:${PYTHONPATH} /usr/bin/python3 -W ignore:setup.py install is deprecated -W ignore:easy_install command is deprecated setup.py egg_info --egg-base ../../build/snowbot_servos build --build-base /home/pi/snowbot_ws/build/snowbot_servos/build install --record /home/pi/snowbot_ws/build/snowbot_servos/install.log --single-version-externally-managed install_data
[12.825s] Level 1:colcon.colcon_core.environment:checking '/home/pi/snowbot_ws/install/snowbot_servos' for CMake module files
[12.828s] Level 1:colcon.colcon_core.environment:checking '/home/pi/snowbot_ws/install/snowbot_servos' for CMake config files
[12.835s] Level 1:colcon.colcon_core.environment:checking '/home/pi/snowbot_ws/install/snowbot_servos/lib'
[12.837s] Level 1:colcon.colcon_core.environment:checking '/home/pi/snowbot_ws/install/snowbot_servos/bin'
[12.837s] Level 1:colcon.colcon_core.environment:checking '/home/pi/snowbot_ws/install/snowbot_servos/lib/pkgconfig/snowbot_servos.pc'
[12.838s] Level 1:colcon.colcon_core.environment:checking '/home/pi/snowbot_ws/install/snowbot_servos/lib/python3.10/site-packages'
[12.838s] Level 1:colcon.colcon_core.shell:create_environment_hook('snowbot_servos', 'pythonpath')
[12.839s] INFO:colcon.colcon_core.shell:Creating environment hook '/home/pi/snowbot_ws/install/snowbot_servos/share/snowbot_servos/hook/pythonpath.ps1'
[12.841s] INFO:colcon.colcon_core.shell:Creating environment descriptor '/home/pi/snowbot_ws/install/snowbot_servos/share/snowbot_servos/hook/pythonpath.dsv'
[12.843s] INFO:colcon.colcon_core.shell:Creating environment hook '/home/pi/snowbot_ws/install/snowbot_servos/share/snowbot_servos/hook/pythonpath.sh'
[12.846s] Level 1:colcon.colcon_core.environment:checking '/home/pi/snowbot_ws/install/snowbot_servos/bin'
[12.846s] Level 1:colcon.colcon_core.environment:create_environment_scripts_only(snowbot_servos)
[12.848s] INFO:colcon.colcon_core.shell:Creating package script '/home/pi/snowbot_ws/install/snowbot_servos/share/snowbot_servos/package.ps1'
[12.852s] INFO:colcon.colcon_core.shell:Creating package descriptor '/home/pi/snowbot_ws/install/snowbot_servos/share/snowbot_servos/package.dsv'
[12.855s] INFO:colcon.colcon_core.shell:Creating package script '/home/pi/snowbot_ws/install/snowbot_servos/share/snowbot_servos/package.sh'
[12.860s] INFO:colcon.colcon_core.shell:Creating package script '/home/pi/snowbot_ws/install/snowbot_servos/share/snowbot_servos/package.bash'
[12.865s] INFO:colcon.colcon_core.shell:Creating package script '/home/pi/snowbot_ws/install/snowbot_servos/share/snowbot_servos/package.zsh'
[12.870s] Level 1:colcon.colcon_core.environment:create_file_with_runtime_dependencies(/home/pi/snowbot_ws/install/snowbot_servos/share/colcon-core/packages/snowbot_servos)
[12.873s] INFO:colcon.colcon_ros.task.ament_python.build:Building ROS package in '/home/pi/snowbot_ws/src/snowbot_ultrasonics' with build type 'ament_python'
[12.873s] Level 1:colcon.colcon_core.shell:create_environment_hook('snowbot_ultrasonics', 'ament_prefix_path')
[12.874s] INFO:colcon.colcon_core.shell:Creating environment hook '/home/pi/snowbot_ws/install/snowbot_ultrasonics/share/snowbot_ultrasonics/hook/ament_prefix_path.ps1'
[12.880s] INFO:colcon.colcon_core.shell:Creating environment descriptor '/home/pi/snowbot_ws/install/snowbot_ultrasonics/share/snowbot_ultrasonics/hook/ament_prefix_path.dsv'
[12.882s] INFO:colcon.colcon_core.shell:Creating environment hook '/home/pi/snowbot_ws/install/snowbot_ultrasonics/share/snowbot_ultrasonics/hook/ament_prefix_path.sh'
[12.885s] INFO:colcon.colcon_core.shell:Skip shell extension 'powershell' for command environment: Not usable outside of PowerShell
[12.885s] DEBUG:colcon.colcon_core.shell:Skip shell extension 'dsv' for command environment
[12.905s] Level 1:colcon.colcon_core.environment:checking '/home/pi/snowbot_ws/install/snowbot_current' for CMake module files
[12.907s] DEBUG:colcon.colcon_core.event_handler.log_command:Invoked command in '/home/pi/snowbot_ws/src/snowbot_current' returned '0': PYTHONPATH=/home/pi/snowbot_ws/build/snowbot_current/prefix_override:/usr/lib/python3/dist-packages/colcon_core/task/python/colcon_distutils_commands:/home/pi/snowbot_ws/install/snowbot_current/lib/python3.10/site-packages:${PYTHONPATH} /usr/bin/python3 -W ignore:setup.py install is deprecated -W ignore:easy_install command is deprecated setup.py egg_info --egg-base ../../build/snowbot_current build --build-base /home/pi/snowbot_ws/build/snowbot_current/build install --record /home/pi/snowbot_ws/build/snowbot_current/install.log --single-version-externally-managed install_data
[12.909s] Level 1:colcon.colcon_core.environment:checking '/home/pi/snowbot_ws/install/snowbot_current' for CMake config files
[12.915s] Level 1:colcon.colcon_core.environment:checking '/home/pi/snowbot_ws/install/snowbot_current/lib'
[12.915s] Level 1:colcon.colcon_core.environment:checking '/home/pi/snowbot_ws/install/snowbot_current/bin'
[12.916s] Level 1:colcon.colcon_core.environment:checking '/home/pi/snowbot_ws/install/snowbot_current/lib/pkgconfig/snowbot_current.pc'
[12.917s] Level 1:colcon.colcon_core.environment:checking '/home/pi/snowbot_ws/install/snowbot_current/lib/python3.10/site-packages'
[12.917s] Level 1:colcon.colcon_core.shell:create_environment_hook('snowbot_current', 'pythonpath')
[12.918s] INFO:colcon.colcon_core.shell:Creating environment hook '/home/pi/snowbot_ws/install/snowbot_current/share/snowbot_current/hook/pythonpath.ps1'
[12.921s] INFO:colcon.colcon_core.shell:Creating environment descriptor '/home/pi/snowbot_ws/install/snowbot_current/share/snowbot_current/hook/pythonpath.dsv'
[12.923s] INFO:colcon.colcon_core.shell:Creating environment hook '/home/pi/snowbot_ws/install/snowbot_current/share/snowbot_current/hook/pythonpath.sh'
[12.926s] Level 1:colcon.colcon_core.environment:checking '/home/pi/snowbot_ws/install/snowbot_current/bin'
[12.926s] Level 1:colcon.colcon_core.environment:create_environment_scripts_only(snowbot_current)
[12.927s] INFO:colcon.colcon_core.shell:Creating package script '/home/pi/snowbot_ws/install/snowbot_current/share/snowbot_current/package.ps1'
[12.930s] INFO:colcon.colcon_core.shell:Creating package descriptor '/home/pi/snowbot_ws/install/snowbot_current/share/snowbot_current/package.dsv'
[12.932s] INFO:colcon.colcon_core.shell:Creating package script '/home/pi/snowbot_ws/install/snowbot_current/share/snowbot_current/package.sh'
[12.934s] INFO:colcon.colcon_core.shell:Creating package script '/home/pi/snowbot_ws/install/snowbot_current/share/snowbot_current/package.bash'
[12.936s] INFO:colcon.colcon_core.shell:Creating package script '/home/pi/snowbot_ws/install/snowbot_current/share/snowbot_current/package.zsh'
[12.938s] Level 1:colcon.colcon_core.environment:create_file_with_runtime_dependencies(/home/pi/snowbot_ws/install/snowbot_current/share/colcon-core/packages/snowbot_current)
[12.940s] Level 1:colcon.colcon_core.environment:checking '/home/pi/snowbot_ws/install/snowbot_imu' for CMake module files
[12.943s] DEBUG:colcon.colcon_core.event_handler.log_command:Invoked command in '/home/pi/snowbot_ws/src/snowbot_imu' returned '0': PYTHONPATH=/home/pi/snowbot_ws/build/snowbot_imu/prefix_override:/usr/lib/python3/dist-packages/colcon_core/task/python/colcon_distutils_commands:/home/pi/snowbot_ws/install/snowbot_imu/lib/python3.10/site-packages:${PYTHONPATH} /usr/bin/python3 -W ignore:setup.py install is deprecated -W ignore:easy_install command is deprecated setup.py egg_info --egg-base ../../build/snowbot_imu build --build-base /home/pi/snowbot_ws/build/snowbot_imu/build install --record /home/pi/snowbot_ws/build/snowbot_imu/install.log --single-version-externally-managed install_data
[12.945s] Level 1:colcon.colcon_core.environment:checking '/home/pi/snowbot_ws/install/snowbot_imu' for CMake config files
[12.949s] Level 1:colcon.colcon_core.environment:checking '/home/pi/snowbot_ws/install/snowbot_imu/lib'
[12.949s] Level 1:colcon.colcon_core.environment:checking '/home/pi/snowbot_ws/install/snowbot_imu/bin'
[12.949s] Level 1:colcon.colcon_core.environment:checking '/home/pi/snowbot_ws/install/snowbot_imu/lib/pkgconfig/snowbot_imu.pc'
[12.950s] Level 1:colcon.colcon_core.environment:checking '/home/pi/snowbot_ws/install/snowbot_imu/lib/python3.10/site-packages'
[12.951s] Level 1:colcon.colcon_core.shell:create_environment_hook('snowbot_imu', 'pythonpath')
[12.951s] INFO:colcon.colcon_core.shell:Creating environment hook '/home/pi/snowbot_ws/install/snowbot_imu/share/snowbot_imu/hook/pythonpath.ps1'
[12.954s] INFO:colcon.colcon_core.shell:Creating environment descriptor '/home/pi/snowbot_ws/install/snowbot_imu/share/snowbot_imu/hook/pythonpath.dsv'
[12.956s] INFO:colcon.colcon_core.shell:Creating environment hook '/home/pi/snowbot_ws/install/snowbot_imu/share/snowbot_imu/hook/pythonpath.sh'
[12.959s] Level 1:colcon.colcon_core.environment:checking '/home/pi/snowbot_ws/install/snowbot_imu/bin'
[12.960s] Level 1:colcon.colcon_core.environment:create_environment_scripts_only(snowbot_imu)
[12.962s] INFO:colcon.colcon_core.shell:Creating package script '/home/pi/snowbot_ws/install/snowbot_imu/share/snowbot_imu/package.ps1'
[12.965s] INFO:colcon.colcon_core.shell:Creating package descriptor '/home/pi/snowbot_ws/install/snowbot_imu/share/snowbot_imu/package.dsv'
[12.967s] INFO:colcon.colcon_core.shell:Creating package script '/home/pi/snowbot_ws/install/snowbot_imu/share/snowbot_imu/package.sh'
[12.969s] INFO:colcon.colcon_core.shell:Creating package script '/home/pi/snowbot_ws/install/snowbot_imu/share/snowbot_imu/package.bash'
[12.971s] INFO:colcon.colcon_core.shell:Creating package script '/home/pi/snowbot_ws/install/snowbot_imu/share/snowbot_imu/package.zsh'
[12.973s] Level 1:colcon.colcon_core.environment:create_file_with_runtime_dependencies(/home/pi/snowbot_ws/install/snowbot_imu/share/colcon-core/packages/snowbot_imu)
[12.974s] Level 1:colcon.colcon_core.environment:checking '/home/pi/snowbot_ws/install/snowbot_motors' for CMake module files
[12.978s] DEBUG:colcon.colcon_core.event_handler.log_command:Invoked command in '/home/pi/snowbot_ws/src/snowbot_motors' returned '0': PYTHONPATH=/home/pi/snowbot_ws/build/snowbot_motors/prefix_override:/usr/lib/python3/dist-packages/colcon_core/task/python/colcon_distutils_commands:/home/pi/snowbot_ws/install/snowbot_motors/lib/python3.10/site-packages:${PYTHONPATH} /usr/bin/python3 -W ignore:setup.py install is deprecated -W ignore:easy_install command is deprecated setup.py egg_info --egg-base ../../build/snowbot_motors build --build-base /home/pi/snowbot_ws/build/snowbot_motors/build install --record /home/pi/snowbot_ws/build/snowbot_motors/install.log --single-version-externally-managed install_data
[12.979s] Level 1:colcon.colcon_core.environment:checking '/home/pi/snowbot_ws/install/snowbot_motors' for CMake config files
[12.983s] Level 1:colcon.colcon_core.environment:checking '/home/pi/snowbot_ws/install/snowbot_motors/lib'
[12.984s] Level 1:colcon.colcon_core.environment:checking '/home/pi/snowbot_ws/install/snowbot_motors/bin'
[12.984s] Level 1:colcon.colcon_core.environment:checking '/home/pi/snowbot_ws/install/snowbot_motors/lib/pkgconfig/snowbot_motors.pc'
[12.985s] Level 1:colcon.colcon_core.environment:checking '/home/pi/snowbot_ws/install/snowbot_motors/lib/python3.10/site-packages'
[12.985s] Level 1:colcon.colcon_core.shell:create_environment_hook('snowbot_motors', 'pythonpath')
[12.986s] INFO:colcon.colcon_core.shell:Creating environment hook '/home/pi/snowbot_ws/install/snowbot_motors/share/snowbot_motors/hook/pythonpath.ps1'
[12.988s] INFO:colcon.colcon_core.shell:Creating environment descriptor '/home/pi/snowbot_ws/install/snowbot_motors/share/snowbot_motors/hook/pythonpath.dsv'
[12.990s] INFO:colcon.colcon_core.shell:Creating environment hook '/home/pi/snowbot_ws/install/snowbot_motors/share/snowbot_motors/hook/pythonpath.sh'
[12.993s] Level 1:colcon.colcon_core.environment:checking '/home/pi/snowbot_ws/install/snowbot_motors/bin'
[12.994s] Level 1:colcon.colcon_core.environment:create_environment_scripts_only(snowbot_motors)
[12.995s] INFO:colcon.colcon_core.shell:Creating package script '/home/pi/snowbot_ws/install/snowbot_motors/share/snowbot_motors/package.ps1'
[12.997s] INFO:colcon.colcon_core.shell:Creating package descriptor '/home/pi/snowbot_ws/install/snowbot_motors/share/snowbot_motors/package.dsv'
[13.000s] INFO:colcon.colcon_core.shell:Creating package script '/home/pi/snowbot_ws/install/snowbot_motors/share/snowbot_motors/package.sh'
[13.002s] INFO:colcon.colcon_core.shell:Creating package script '/home/pi/snowbot_ws/install/snowbot_motors/share/snowbot_motors/package.bash'
[13.004s] INFO:colcon.colcon_core.shell:Creating package script '/home/pi/snowbot_ws/install/snowbot_motors/share/snowbot_motors/package.zsh'
[13.005s] Level 1:colcon.colcon_core.environment:create_file_with_runtime_dependencies(/home/pi/snowbot_ws/install/snowbot_motors/share/colcon-core/packages/snowbot_motors)
[14.207s] INFO:colcon.colcon_core.task.python.build:Building Python package in '/home/pi/snowbot_ws/src/snowbot_ultrasonics'
[14.208s] INFO:colcon.colcon_core.shell:Skip shell extension 'powershell' for command environment: Not usable outside of PowerShell
[14.208s] DEBUG:colcon.colcon_core.shell:Skip shell extension 'dsv' for command environment
[15.860s] DEBUG:colcon.colcon_core.event_handler.log_command:Invoking command in '/home/pi/snowbot_ws/src/snowbot_ultrasonics': PYTHONPATH=/home/pi/snowbot_ws/build/snowbot_ultrasonics/prefix_override:/usr/lib/python3/dist-packages/colcon_core/task/python/colcon_distutils_commands:/home/pi/snowbot_ws/install/snowbot_ultrasonics/lib/python3.10/site-packages:${PYTHONPATH} /usr/bin/python3 -W ignore:setup.py install is deprecated -W ignore:easy_install command is deprecated setup.py egg_info --egg-base ../../build/snowbot_ultrasonics build --build-base /home/pi/snowbot_ws/build/snowbot_ultrasonics/build install --record /home/pi/snowbot_ws/build/snowbot_ultrasonics/install.log --single-version-externally-managed install_data
[17.217s] Level 1:colcon.colcon_core.environment:checking '/home/pi/snowbot_ws/install/snowbot_ultrasonics' for CMake module files
[17.219s] DEBUG:colcon.colcon_core.event_handler.log_command:Invoked command in '/home/pi/snowbot_ws/src/snowbot_ultrasonics' returned '0': PYTHONPATH=/home/pi/snowbot_ws/build/snowbot_ultrasonics/prefix_override:/usr/lib/python3/dist-packages/colcon_core/task/python/colcon_distutils_commands:/home/pi/snowbot_ws/install/snowbot_ultrasonics/lib/python3.10/site-packages:${PYTHONPATH} /usr/bin/python3 -W ignore:setup.py install is deprecated -W ignore:easy_install command is deprecated setup.py egg_info --egg-base ../../build/snowbot_ultrasonics build --build-base /home/pi/snowbot_ws/build/snowbot_ultrasonics/build install --record /home/pi/snowbot_ws/build/snowbot_ultrasonics/install.log --single-version-externally-managed install_data
[17.221s] Level 1:colcon.colcon_core.environment:checking '/home/pi/snowbot_ws/install/snowbot_ultrasonics' for CMake config files
[17.225s] Level 1:colcon.colcon_core.environment:checking '/home/pi/snowbot_ws/install/snowbot_ultrasonics/lib'
[17.226s] Level 1:colcon.colcon_core.environment:checking '/home/pi/snowbot_ws/install/snowbot_ultrasonics/bin'
[17.226s] Level 1:colcon.colcon_core.environment:checking '/home/pi/snowbot_ws/install/snowbot_ultrasonics/lib/pkgconfig/snowbot_ultrasonics.pc'
[17.227s] Level 1:colcon.colcon_core.environment:checking '/home/pi/snowbot_ws/install/snowbot_ultrasonics/lib/python3.10/site-packages'
[17.227s] Level 1:colcon.colcon_core.shell:create_environment_hook('snowbot_ultrasonics', 'pythonpath')
[17.228s] INFO:colcon.colcon_core.shell:Creating environment hook '/home/pi/snowbot_ws/install/snowbot_ultrasonics/share/snowbot_ultrasonics/hook/pythonpath.ps1'
[17.231s] INFO:colcon.colcon_core.shell:Creating environment descriptor '/home/pi/snowbot_ws/install/snowbot_ultrasonics/share/snowbot_ultrasonics/hook/pythonpath.dsv'
[17.233s] INFO:colcon.colcon_core.shell:Creating environment hook '/home/pi/snowbot_ws/install/snowbot_ultrasonics/share/snowbot_ultrasonics/hook/pythonpath.sh'
[17.237s] Level 1:colcon.colcon_core.environment:checking '/home/pi/snowbot_ws/install/snowbot_ultrasonics/bin'
[17.238s] Level 1:colcon.colcon_core.environment:create_environment_scripts_only(snowbot_ultrasonics)
[17.239s] INFO:colcon.colcon_core.shell:Creating package script '/home/pi/snowbot_ws/install/snowbot_ultrasonics/share/snowbot_ultrasonics/package.ps1'
[17.241s] INFO:colcon.colcon_core.shell:Creating package descriptor '/home/pi/snowbot_ws/install/snowbot_ultrasonics/share/snowbot_ultrasonics/package.dsv'
[17.244s] INFO:colcon.colcon_core.shell:Creating package script '/home/pi/snowbot_ws/install/snowbot_ultrasonics/share/snowbot_ultrasonics/package.sh'
[17.246s] INFO:colcon.colcon_core.shell:Creating package script '/home/pi/snowbot_ws/install/snowbot_ultrasonics/share/snowbot_ultrasonics/package.bash'
[17.247s] INFO:colcon.colcon_core.shell:Creating package script '/home/pi/snowbot_ws/install/snowbot_ultrasonics/share/snowbot_ultrasonics/package.zsh'
[17.249s] Level 1:colcon.colcon_core.environment:create_file_with_runtime_dependencies(/home/pi/snowbot_ws/install/snowbot_ultrasonics/share/colcon-core/packages/snowbot_ultrasonics)
[17.250s] DEBUG:colcon.colcon_parallel_executor.executor.parallel:closing loop
[17.252s] DEBUG:colcon.colcon_parallel_executor.executor.parallel:loop closed
[17.252s] DEBUG:colcon.colcon_parallel_executor.executor.parallel:run_until_complete finished with '0'
[17.253s] DEBUG:colcon.colcon_core.event_reactor:joining thread
[17.281s] INFO:colcon.colcon_core.plugin_system:Skipping extension 'colcon_notification.desktop_notification.notify_send': Could not find 'notify-send'
[17.282s] INFO:colcon.colcon_core.plugin_system:Skipping extension 'colcon_notification.desktop_notification.terminal_notifier': Not used on non-Darwin systems
[17.282s] INFO:colcon.colcon_core.plugin_system:Skipping extension 'colcon_notification.desktop_notification.win32': Not used on non-Windows systems
[17.282s] INFO:colcon.colcon_notification.desktop_notification:Sending desktop notification using 'notify2'
[17.308s] DEBUG:colcon.colcon_notification.desktop_notification.notify2:Failed to initialize notify2: org.freedesktop.DBus.Error.ServiceUnknown: The name org.freedesktop.Notifications was not provided by any .service files
[17.309s] DEBUG:colcon.colcon_core.event_reactor:joined thread
[17.310s] INFO:colcon.colcon_core.shell:Creating prefix script '/home/pi/snowbot_ws/install/local_setup.ps1'
[17.316s] INFO:colcon.colcon_core.shell:Creating prefix util module '/home/pi/snowbot_ws/install/_local_setup_util_ps1.py'
[17.324s] INFO:colcon.colcon_core.shell:Creating prefix chain script '/home/pi/snowbot_ws/install/setup.ps1'
[17.329s] INFO:colcon.colcon_core.shell:Creating prefix script '/home/pi/snowbot_ws/install/local_setup.sh'
[17.332s] INFO:colcon.colcon_core.shell:Creating prefix util module '/home/pi/snowbot_ws/install/_local_setup_util_sh.py'
[17.335s] INFO:colcon.colcon_core.shell:Creating prefix chain script '/home/pi/snowbot_ws/install/setup.sh'
[17.340s] INFO:colcon.colcon_core.shell:Creating prefix script '/home/pi/snowbot_ws/install/local_setup.bash'
[17.344s] INFO:colcon.colcon_core.shell:Creating prefix chain script '/home/pi/snowbot_ws/install/setup.bash'
[17.348s] INFO:colcon.colcon_core.shell:Creating prefix script '/home/pi/snowbot_ws/install/local_setup.zsh'
[17.352s] INFO:colcon.colcon_core.shell:Creating prefix chain script '/home/pi/snowbot_ws/install/setup.zsh'
