[2.857s] Invoking command in '/home/pi/snowbot_ws/src/snowbot_servos': PYTHONPATH=/home/pi/snowbot_ws/build/snowbot_servos/prefix_override:/usr/lib/python3/dist-packages/colcon_core/task/python/colcon_distutils_commands:/home/pi/snowbot_ws/install/snowbot_servos/lib/python3.10/site-packages:${PYTHONPATH} /usr/bin/python3 -W ignore:setup.py install is deprecated -W ignore:easy_install command is deprecated setup.py egg_info --egg-base ../../build/snowbot_servos build --build-base /home/pi/snowbot_ws/build/snowbot_servos/build install --record /home/pi/snowbot_ws/build/snowbot_servos/install.log --single-version-externally-managed install_data
[3.983s] running egg_info
[3.985s] creating ../../build/snowbot_servos/snowbot_servos.egg-info
[3.986s] writing ../../build/snowbot_servos/snowbot_servos.egg-info/PKG-INFO
[3.987s] writing dependency_links to ../../build/snowbot_servos/snowbot_servos.egg-info/dependency_links.txt
[3.987s] writing entry points to ../../build/snowbot_servos/snowbot_servos.egg-info/entry_points.txt
[3.988s] writing requirements to ../../build/snowbot_servos/snowbot_servos.egg-info/requires.txt
[3.988s] writing top-level names to ../../build/snowbot_servos/snowbot_servos.egg-info/top_level.txt
[3.989s] writing manifest file '../../build/snowbot_servos/snowbot_servos.egg-info/SOURCES.txt'
[3.994s] package init file 'snowbot_servos/__init__.py' not found (or not a regular file)
[3.996s] reading manifest file '../../build/snowbot_servos/snowbot_servos.egg-info/SOURCES.txt'
[3.999s] writing manifest file '../../build/snowbot_servos/snowbot_servos.egg-info/SOURCES.txt'
[3.999s] running build
[4.000s] running build_py
[4.001s] creating /home/pi/snowbot_ws/build/snowbot_servos/build
[4.001s] creating /home/pi/snowbot_ws/build/snowbot_servos/build/lib
[4.001s] creating /home/pi/snowbot_ws/build/snowbot_servos/build/lib/snowbot_servos
[4.002s] copying snowbot_servos/servo_node.py -> /home/pi/snowbot_ws/build/snowbot_servos/build/lib/snowbot_servos
[4.002s] running install
[4.003s] running install_lib
[4.007s] creating /home/pi/snowbot_ws/install/snowbot_servos/lib/python3.10/site-packages/snowbot_servos
[4.007s] copying /home/pi/snowbot_ws/build/snowbot_servos/build/lib/snowbot_servos/servo_node.py -> /home/pi/snowbot_ws/install/snowbot_servos/lib/python3.10/site-packages/snowbot_servos
[4.010s] byte-compiling /home/pi/snowbot_ws/install/snowbot_servos/lib/python3.10/site-packages/snowbot_servos/servo_node.py to servo_node.cpython-310.pyc
[4.013s] running install_data
[4.013s] creating /home/pi/snowbot_ws/install/snowbot_servos/share
[4.014s] creating /home/pi/snowbot_ws/install/snowbot_servos/share/ament_index
[4.015s] creating /home/pi/snowbot_ws/install/snowbot_servos/share/ament_index/resource_index
[4.016s] creating /home/pi/snowbot_ws/install/snowbot_servos/share/ament_index/resource_index/packages
[4.016s] error: can't copy 'resource/snowbot_servos': doesn't exist or not a regular file
[4.112s] Invoked command in '/home/pi/snowbot_ws/src/snowbot_servos' returned '1': PYTHONPATH=/home/pi/snowbot_ws/build/snowbot_servos/prefix_override:/usr/lib/python3/dist-packages/colcon_core/task/python/colcon_distutils_commands:/home/pi/snowbot_ws/install/snowbot_servos/lib/python3.10/site-packages:${PYTHONPATH} /usr/bin/python3 -W ignore:setup.py install is deprecated -W ignore:easy_install command is deprecated setup.py egg_info --egg-base ../../build/snowbot_servos build --build-base /home/pi/snowbot_ws/build/snowbot_servos/build install --record /home/pi/snowbot_ws/build/snowbot_servos/install.log --single-version-externally-managed install_data
