running egg_info
writing ../../build/snowbot_motors/snowbot_motors.egg-info/PKG-INFO
writing dependency_links to ../../build/snowbot_motors/snowbot_motors.egg-info/dependency_links.txt
writing entry points to ../../build/snowbot_motors/snowbot_motors.egg-info/entry_points.txt
writing requirements to ../../build/snowbot_motors/snowbot_motors.egg-info/requires.txt
writing top-level names to ../../build/snowbot_motors/snowbot_motors.egg-info/top_level.txt
reading manifest file '../../build/snowbot_motors/snowbot_motors.egg-info/SOURCES.txt'
writing manifest file '../../build/snowbot_motors/snowbot_motors.egg-info/SOURCES.txt'
running build
running build_py
copying snowbot_motors/motor_node.py -> /home/pi/snowbot_ws/build/snowbot_motors/build/lib/snowbot_motors
running install
running install_lib
copying /home/pi/snowbot_ws/build/snowbot_motors/build/lib/snowbot_motors/motor_node.py -> /home/pi/snowbot_ws/install/snowbot_motors/lib/python3.10/site-packages/snowbot_motors
byte-compiling /home/pi/snowbot_ws/install/snowbot_motors/lib/python3.10/site-packages/snowbot_motors/motor_node.py to motor_node.cpython-310.pyc
running install_data
running install_egg_info
removing '/home/pi/snowbot_ws/install/snowbot_motors/lib/python3.10/site-packages/snowbot_motors-0.0.0-py3.10.egg-info' (and everything under it)
Copying ../../build/snowbot_motors/snowbot_motors.egg-info to /home/pi/snowbot_ws/install/snowbot_motors/lib/python3.10/site-packages/snowbot_motors-0.0.0-py3.10.egg-info
running install_scripts
Installing motor_node script to /home/pi/snowbot_ws/install/snowbot_motors/lib/snowbot_motors
writing list of installed files to '/home/pi/snowbot_ws/build/snowbot_motors/install.log'
