[3.355s] Invoking command in '/home/pi/snowbot_ws/src/snowbot_motors': PYTHONPATH=/home/pi/snowbot_ws/build/snowbot_motors/prefix_override:/usr/lib/python3/dist-packages/colcon_core/task/python/colcon_distutils_commands:/home/pi/snowbot_ws/install/snowbot_motors/lib/python3.10/site-packages:${PYTHONPATH} /usr/bin/python3 -W ignore:setup.py install is deprecated -W ignore:easy_install command is deprecated setup.py egg_info --egg-base ../../build/snowbot_motors build --build-base /home/pi/snowbot_ws/build/snowbot_motors/build install --record /home/pi/snowbot_ws/build/snowbot_motors/install.log --single-version-externally-managed install_data
[4.443s] running egg_info
[4.446s] writing ../../build/snowbot_motors/snowbot_motors.egg-info/PKG-INFO
[4.448s] writing dependency_links to ../../build/snowbot_motors/snowbot_motors.egg-info/dependency_links.txt
[4.449s] writing entry points to ../../build/snowbot_motors/snowbot_motors.egg-info/entry_points.txt
[4.449s] writing requirements to ../../build/snowbot_motors/snowbot_motors.egg-info/requires.txt
[4.450s] writing top-level names to ../../build/snowbot_motors/snowbot_motors.egg-info/top_level.txt
[4.459s] reading manifest file '../../build/snowbot_motors/snowbot_motors.egg-info/SOURCES.txt'
[4.464s] writing manifest file '../../build/snowbot_motors/snowbot_motors.egg-info/SOURCES.txt'
[4.464s] running build
[4.465s] running build_py
[4.467s] copying snowbot_motors/motor_node.py -> /home/pi/snowbot_ws/build/snowbot_motors/build/lib/snowbot_motors
[4.469s] running install
[4.470s] running install_lib
[4.474s] copying /home/pi/snowbot_ws/build/snowbot_motors/build/lib/snowbot_motors/motor_node.py -> /home/pi/snowbot_ws/install/snowbot_motors/lib/python3.10/site-packages/snowbot_motors
[4.478s] byte-compiling /home/pi/snowbot_ws/install/snowbot_motors/lib/python3.10/site-packages/snowbot_motors/motor_node.py to motor_node.cpython-310.pyc
[4.482s] running install_data
[4.485s] running install_egg_info
[4.496s] removing '/home/pi/snowbot_ws/install/snowbot_motors/lib/python3.10/site-packages/snowbot_motors-0.0.0-py3.10.egg-info' (and everything under it)
[4.498s] Copying ../../build/snowbot_motors/snowbot_motors.egg-info to /home/pi/snowbot_ws/install/snowbot_motors/lib/python3.10/site-packages/snowbot_motors-0.0.0-py3.10.egg-info
[4.504s] running install_scripts
[4.580s] Installing motor_node script to /home/pi/snowbot_ws/install/snowbot_motors/lib/snowbot_motors
[4.582s] writing list of installed files to '/home/pi/snowbot_ws/build/snowbot_motors/install.log'
[4.699s] Invoked command in '/home/pi/snowbot_ws/src/snowbot_motors' returned '0': PYTHONPATH=/home/pi/snowbot_ws/build/snowbot_motors/prefix_override:/usr/lib/python3/dist-packages/colcon_core/task/python/colcon_distutils_commands:/home/pi/snowbot_ws/install/snowbot_motors/lib/python3.10/site-packages:${PYTHONPATH} /usr/bin/python3 -W ignore:setup.py install is deprecated -W ignore:easy_install command is deprecated setup.py egg_info --egg-base ../../build/snowbot_motors build --build-base /home/pi/snowbot_ws/build/snowbot_motors/build install --record /home/pi/snowbot_ws/build/snowbot_motors/install.log --single-version-externally-managed install_data
