running egg_info
creating ../../build/snowbot_current/snowbot_current.egg-info
writing ../../build/snowbot_current/snowbot_current.egg-info/PKG-INFO
writing dependency_links to ../../build/snowbot_current/snowbot_current.egg-info/dependency_links.txt
writing entry points to ../../build/snowbot_current/snowbot_current.egg-info/entry_points.txt
writing requirements to ../../build/snowbot_current/snowbot_current.egg-info/requires.txt
writing top-level names to ../../build/snowbot_current/snowbot_current.egg-info/top_level.txt
writing manifest file '../../build/snowbot_current/snowbot_current.egg-info/SOURCES.txt'
reading manifest file '../../build/snowbot_current/snowbot_current.egg-info/SOURCES.txt'
writing manifest file '../../build/snowbot_current/snowbot_current.egg-info/SOURCES.txt'
running build
running build_py
creating /home/pi/snowbot_ws/build/snowbot_current/build
creating /home/pi/snowbot_ws/build/snowbot_current/build/lib
creating /home/pi/snowbot_ws/build/snowbot_current/build/lib/snowbot_current
copying snowbot_current/__init__.py -> /home/pi/snowbot_ws/build/snowbot_current/build/lib/snowbot_current
copying snowbot_current/current_node.py -> /home/pi/snowbot_ws/build/snowbot_current/build/lib/snowbot_current
running install
running install_lib
creating /home/pi/snowbot_ws/install/snowbot_current/lib/python3.10/site-packages/snowbot_current
copying /home/pi/snowbot_ws/build/snowbot_current/build/lib/snowbot_current/__init__.py -> /home/pi/snowbot_ws/install/snowbot_current/lib/python3.10/site-packages/snowbot_current
copying /home/pi/snowbot_ws/build/snowbot_current/build/lib/snowbot_current/current_node.py -> /home/pi/snowbot_ws/install/snowbot_current/lib/python3.10/site-packages/snowbot_current
byte-compiling /home/pi/snowbot_ws/install/snowbot_current/lib/python3.10/site-packages/snowbot_current/__init__.py to __init__.cpython-310.pyc
byte-compiling /home/pi/snowbot_ws/install/snowbot_current/lib/python3.10/site-packages/snowbot_current/current_node.py to current_node.cpython-310.pyc
running install_data
creating /home/pi/snowbot_ws/install/snowbot_current/share/ament_index
creating /home/pi/snowbot_ws/install/snowbot_current/share/ament_index/resource_index
creating /home/pi/snowbot_ws/install/snowbot_current/share/ament_index/resource_index/packages
copying resource/snowbot_current -> /home/pi/snowbot_ws/install/snowbot_current/share/ament_index/resource_index/packages
copying package.xml -> /home/pi/snowbot_ws/install/snowbot_current/share/snowbot_current
running install_egg_info
Copying ../../build/snowbot_current/snowbot_current.egg-info to /home/pi/snowbot_ws/install/snowbot_current/lib/python3.10/site-packages/snowbot_current-0.0.1-py3.10.egg-info
running install_scripts
Installing current_node script to /home/pi/snowbot_ws/install/snowbot_current/lib/snowbot_current
writing list of installed files to '/home/pi/snowbot_ws/build/snowbot_current/install.log'
