[3.424s] Invoking command in '/home/pi/snowbot_ws/src/snowbot_current': PYTHONPATH=/home/pi/snowbot_ws/build/snowbot_current/prefix_override:/usr/lib/python3/dist-packages/colcon_core/task/python/colcon_distutils_commands:/home/pi/snowbot_ws/install/snowbot_current/lib/python3.10/site-packages:${PYTHONPATH} /usr/bin/python3 -W ignore:setup.py install is deprecated -W ignore:easy_install command is deprecated setup.py egg_info --egg-base ../../build/snowbot_current build --build-base /home/pi/snowbot_ws/build/snowbot_current/build install --record /home/pi/snowbot_ws/build/snowbot_current/install.log --single-version-externally-managed install_data
[4.561s] running egg_info
[4.564s] creating ../../build/snowbot_current/snowbot_current.egg-info
[4.564s] writing ../../build/snowbot_current/snowbot_current.egg-info/PKG-INFO
[4.565s] writing dependency_links to ../../build/snowbot_current/snowbot_current.egg-info/dependency_links.txt
[4.566s] writing entry points to ../../build/snowbot_current/snowbot_current.egg-info/entry_points.txt
[4.567s] writing requirements to ../../build/snowbot_current/snowbot_current.egg-info/requires.txt
[4.567s] writing top-level names to ../../build/snowbot_current/snowbot_current.egg-info/top_level.txt
[4.568s] writing manifest file '../../build/snowbot_current/snowbot_current.egg-info/SOURCES.txt'
[4.575s] reading manifest file '../../build/snowbot_current/snowbot_current.egg-info/SOURCES.txt'
[4.578s] writing manifest file '../../build/snowbot_current/snowbot_current.egg-info/SOURCES.txt'
[4.579s] running build
[4.579s] running build_py
[4.580s] creating /home/pi/snowbot_ws/build/snowbot_current/build
[4.580s] creating /home/pi/snowbot_ws/build/snowbot_current/build/lib
[4.581s] creating /home/pi/snowbot_ws/build/snowbot_current/build/lib/snowbot_current
[4.581s] copying snowbot_current/__init__.py -> /home/pi/snowbot_ws/build/snowbot_current/build/lib/snowbot_current
[4.581s] copying snowbot_current/current_node.py -> /home/pi/snowbot_ws/build/snowbot_current/build/lib/snowbot_current
[4.582s] running install
[4.583s] running install_lib
[4.587s] creating /home/pi/snowbot_ws/install/snowbot_current/lib/python3.10/site-packages/snowbot_current
[4.587s] copying /home/pi/snowbot_ws/build/snowbot_current/build/lib/snowbot_current/__init__.py -> /home/pi/snowbot_ws/install/snowbot_current/lib/python3.10/site-packages/snowbot_current
[4.588s] copying /home/pi/snowbot_ws/build/snowbot_current/build/lib/snowbot_current/current_node.py -> /home/pi/snowbot_ws/install/snowbot_current/lib/python3.10/site-packages/snowbot_current
[4.590s] byte-compiling /home/pi/snowbot_ws/install/snowbot_current/lib/python3.10/site-packages/snowbot_current/__init__.py to __init__.cpython-310.pyc
[4.592s] byte-compiling /home/pi/snowbot_ws/install/snowbot_current/lib/python3.10/site-packages/snowbot_current/current_node.py to current_node.cpython-310.pyc
[4.594s] running install_data
[4.595s] creating /home/pi/snowbot_ws/install/snowbot_current/share/ament_index
[4.595s] creating /home/pi/snowbot_ws/install/snowbot_current/share/ament_index/resource_index
[4.595s] creating /home/pi/snowbot_ws/install/snowbot_current/share/ament_index/resource_index/packages
[4.596s] copying resource/snowbot_current -> /home/pi/snowbot_ws/install/snowbot_current/share/ament_index/resource_index/packages
[4.596s] copying package.xml -> /home/pi/snowbot_ws/install/snowbot_current/share/snowbot_current
[4.596s] running install_egg_info
[4.604s] Copying ../../build/snowbot_current/snowbot_current.egg-info to /home/pi/snowbot_ws/install/snowbot_current/lib/python3.10/site-packages/snowbot_current-0.0.1-py3.10.egg-info
[4.609s] running install_scripts
[4.690s] Installing current_node script to /home/pi/snowbot_ws/install/snowbot_current/lib/snowbot_current
[4.692s] writing list of installed files to '/home/pi/snowbot_ws/build/snowbot_current/install.log'
[4.808s] Invoked command in '/home/pi/snowbot_ws/src/snowbot_current' returned '0': PYTHONPATH=/home/pi/snowbot_ws/build/snowbot_current/prefix_override:/usr/lib/python3/dist-packages/colcon_core/task/python/colcon_distutils_commands:/home/pi/snowbot_ws/install/snowbot_current/lib/python3.10/site-packages:${PYTHONPATH} /usr/bin/python3 -W ignore:setup.py install is deprecated -W ignore:easy_install command is deprecated setup.py egg_info --egg-base ../../build/snowbot_current build --build-base /home/pi/snowbot_ws/build/snowbot_current/build install --record /home/pi/snowbot_ws/build/snowbot_current/install.log --single-version-externally-managed install_data
