running egg_info
writing ../../build/snowbot_servos/snowbot_servos.egg-info/PKG-INFO
writing dependency_links to ../../build/snowbot_servos/snowbot_servos.egg-info/dependency_links.txt
writing entry points to ../../build/snowbot_servos/snowbot_servos.egg-info/entry_points.txt
writing requirements to ../../build/snowbot_servos/snowbot_servos.egg-info/requires.txt
writing top-level names to ../../build/snowbot_servos/snowbot_servos.egg-info/top_level.txt
reading manifest file '../../build/snowbot_servos/snowbot_servos.egg-info/SOURCES.txt'
writing manifest file '../../build/snowbot_servos/snowbot_servos.egg-info/SOURCES.txt'
running build
running build_py
copying snowbot_servos/__init__.py -> /home/pi/snowbot_ws/build/snowbot_servos/build/lib/snowbot_servos
copying snowbot_servos/servo_node.py -> /home/pi/snowbot_ws/build/snowbot_servos/build/lib/snowbot_servos
running install
running install_lib
copying /home/pi/snowbot_ws/build/snowbot_servos/build/lib/snowbot_servos/__init__.py -> /home/pi/snowbot_ws/install/snowbot_servos/lib/python3.10/site-packages/snowbot_servos
copying /home/pi/snowbot_ws/build/snowbot_servos/build/lib/snowbot_servos/servo_node.py -> /home/pi/snowbot_ws/install/snowbot_servos/lib/python3.10/site-packages/snowbot_servos
byte-compiling /home/pi/snowbot_ws/install/snowbot_servos/lib/python3.10/site-packages/snowbot_servos/__init__.py to __init__.cpython-310.pyc
byte-compiling /home/pi/snowbot_ws/install/snowbot_servos/lib/python3.10/site-packages/snowbot_servos/servo_node.py to servo_node.cpython-310.pyc
running install_data
copying resource/snowbot_servos -> /home/pi/snowbot_ws/install/snowbot_servos/share/ament_index/resource_index/packages
copying package.xml -> /home/pi/snowbot_ws/install/snowbot_servos/share/snowbot_servos
running install_egg_info
Copying ../../build/snowbot_servos/snowbot_servos.egg-info to /home/pi/snowbot_ws/install/snowbot_servos/lib/python3.10/site-packages/snowbot_servos-0.0.0-py3.10.egg-info
running install_scripts
writing list of installed files to '/home/pi/snowbot_ws/build/snowbot_servos/install.log'
