[2.879s] Invoking command in '/home/pi/snowbot_ws/src/snowbot_ultrasonics': PYTHONPATH=/home/pi/snowbot_ws/build/snowbot_ultrasonics/prefix_override:/usr/lib/python3/dist-packages/colcon_core/task/python/colcon_distutils_commands:/home/pi/snowbot_ws/install/snowbot_ultrasonics/lib/python3.10/site-packages:${PYTHONPATH} /usr/bin/python3 -W ignore:setup.py install is deprecated -W ignore:easy_install command is deprecated setup.py egg_info --egg-base ../../build/snowbot_ultrasonics build --build-base /home/pi/snowbot_ws/build/snowbot_ultrasonics/build install --record /home/pi/snowbot_ws/build/snowbot_ultrasonics/install.log --single-version-externally-managed install_data
[3.995s] running egg_info
[3.998s] writing ../../build/snowbot_ultrasonics/snowbot_ultrasonics.egg-info/PKG-INFO
[3.999s] writing dependency_links to ../../build/snowbot_ultrasonics/snowbot_ultrasonics.egg-info/dependency_links.txt
[4.000s] writing entry points to ../../build/snowbot_ultrasonics/snowbot_ultrasonics.egg-info/entry_points.txt
[4.000s] writing requirements to ../../build/snowbot_ultrasonics/snowbot_ultrasonics.egg-info/requires.txt
[4.001s] writing top-level names to ../../build/snowbot_ultrasonics/snowbot_ultrasonics.egg-info/top_level.txt
[4.009s] reading manifest file '../../build/snowbot_ultrasonics/snowbot_ultrasonics.egg-info/SOURCES.txt'
[4.013s] writing manifest file '../../build/snowbot_ultrasonics/snowbot_ultrasonics.egg-info/SOURCES.txt'
[4.014s] running build
[4.014s] running build_py
[4.015s] copying snowbot_ultrasonics/ultrasonic_node.py -> /home/pi/snowbot_ws/build/snowbot_ultrasonics/build/lib/snowbot_ultrasonics
[4.016s] running install
[4.018s] running install_lib
[4.021s] copying /home/pi/snowbot_ws/build/snowbot_ultrasonics/build/lib/snowbot_ultrasonics/ultrasonic_node.py -> /home/pi/snowbot_ws/install/snowbot_ultrasonics/lib/python3.10/site-packages/snowbot_ultrasonics
[4.024s] byte-compiling /home/pi/snowbot_ws/install/snowbot_ultrasonics/lib/python3.10/site-packages/snowbot_ultrasonics/ultrasonic_node.py to ultrasonic_node.cpython-310.pyc
[4.025s]   File "/home/pi/snowbot_ws/install/snowbot_ultrasonics/lib/python3.10/site-packages/snowbot_ultrasonics/ultrasonic_node.py", line 8
[4.025s]     from digitalio import Direction as digitalio.Direction
[4.026s]                                                 ^
[4.026s] SyntaxError: invalid syntax
[4.026s] 
[4.027s] running install_data
[4.027s] running install_egg_info
[4.037s] removing '/home/pi/snowbot_ws/install/snowbot_ultrasonics/lib/python3.10/site-packages/snowbot_ultrasonics-0.0.0-py3.10.egg-info' (and everything under it)
[4.039s] Copying ../../build/snowbot_ultrasonics/snowbot_ultrasonics.egg-info to /home/pi/snowbot_ws/install/snowbot_ultrasonics/lib/python3.10/site-packages/snowbot_ultrasonics-0.0.0-py3.10.egg-info
[4.044s] running install_scripts
[4.119s] Installing ultrasonic_node script to /home/pi/snowbot_ws/install/snowbot_ultrasonics/lib/snowbot_ultrasonics
[4.121s] writing list of installed files to '/home/pi/snowbot_ws/build/snowbot_ultrasonics/install.log'
[4.238s] Invoked command in '/home/pi/snowbot_ws/src/snowbot_ultrasonics' returned '0': PYTHONPATH=/home/pi/snowbot_ws/build/snowbot_ultrasonics/prefix_override:/usr/lib/python3/dist-packages/colcon_core/task/python/colcon_distutils_commands:/home/pi/snowbot_ws/install/snowbot_ultrasonics/lib/python3.10/site-packages:${PYTHONPATH} /usr/bin/python3 -W ignore:setup.py install is deprecated -W ignore:easy_install command is deprecated setup.py egg_info --egg-base ../../build/snowbot_ultrasonics build --build-base /home/pi/snowbot_ws/build/snowbot_ultrasonics/build install --record /home/pi/snowbot_ws/build/snowbot_ultrasonics/install.log --single-version-externally-managed install_data
