[0.463s] DEBUG:colcon:Command line arguments: ['/usr/bin/colcon', 'build', '--packages-select', 'snowbot_current']
[0.464s] DEBUG:colcon:Parsed command line arguments: Namespace(log_base=None, log_level=None, verb_name='build', build_base='build', install_base='install', merge_install=False, symlink_install=False, test_result_base=None, continue_on_error=False, executor='parallel', parallel_workers=4, event_handlers=None, ignore_user_meta=False, metas=['./colcon.meta'], base_paths=['.'], packages_ignore=None, packages_ignore_regex=None, paths=None, packages_up_to=None, packages_up_to_regex=None, packages_above=None, packages_above_and_dependencies=None, packages_above_depth=None, packages_select_by_dep=None, packages_skip_by_dep=None, packages_skip_up_to=None, packages_select_build_failed=False, packages_skip_build_finished=False, packages_select_test_failures=False, packages_skip_test_passed=False, packages_select=['snowbot_current'], packages_skip=None, packages_select_regex=None, packages_skip_regex=None, packages_start=None, packages_end=None, allow_overriding=[], cmake_args=None, cmake_target=None, cmake_target_skip_unavailable=False, cmake_clean_cache=False, cmake_clean_first=False, cmake_force_configure=False, ament_cmake_args=None, catkin_cmake_args=None, catkin_skip_building_tests=False, mixin_files=None, mixin=None, verb_parser=<colcon_mixin.mixin.mixin_argument.MixinArgumentDecorator object at 0xffffa5ad2740>, verb_extension=<colcon_core.verb.build.BuildVerb object at 0xffffa5c6f6d0>, main=<bound method BuildVerb.main of <colcon_core.verb.build.BuildVerb object at 0xffffa5c6f6d0>>, mixin_verb=('build',))
[1.292s] Level 1:colcon.colcon_core.package_discovery:discover_packages(colcon_meta) check parameters
[1.293s] Level 1:colcon.colcon_core.package_discovery:discover_packages(recursive) check parameters
[1.293s] Level 1:colcon.colcon_core.package_discovery:discover_packages(ignore) check parameters
[1.293s] Level 1:colcon.colcon_core.package_discovery:discover_packages(path) check parameters
[1.293s] Level 1:colcon.colcon_core.package_discovery:discover_packages(colcon_meta) discover
[1.293s] Level 1:colcon.colcon_core.package_discovery:discover_packages(recursive) discover
[1.294s] INFO:colcon.colcon_core.package_discovery:Crawling recursively for packages in '/home/pi/snowbot_ws'
[1.294s] Level 1:colcon.colcon_core.package_identification:_identify(.) by extensions ['ignore', 'ignore_ament_install']
[1.294s] Level 1:colcon.colcon_core.package_identification:_identify(.) by extension 'ignore'
[1.295s] Level 1:colcon.colcon_core.package_identification:_identify(.) by extension 'ignore_ament_install'
[1.295s] Level 1:colcon.colcon_core.package_identification:_identify(.) by extensions ['colcon_pkg']
[1.295s] Level 1:colcon.colcon_core.package_identification:_identify(.) by extension 'colcon_pkg'
[1.295s] Level 1:colcon.colcon_core.package_identification:_identify(.) by extensions ['colcon_meta']
[1.295s] Level 1:colcon.colcon_core.package_identification:_identify(.) by extension 'colcon_meta'
[1.295s] Level 1:colcon.colcon_core.package_identification:_identify(.) by extensions ['ros']
[1.295s] Level 1:colcon.colcon_core.package_identification:_identify(.) by extension 'ros'
[1.338s] Level 1:colcon.colcon_core.package_identification:_identify(.) by extensions ['cmake', 'python']
[1.338s] Level 1:colcon.colcon_core.package_identification:_identify(.) by extension 'cmake'
[1.339s] Level 1:colcon.colcon_core.package_identification:_identify(.) by extension 'python'
[1.339s] Level 1:colcon.colcon_core.package_identification:_identify(.) by extensions ['python_setup_py']
[1.339s] Level 1:colcon.colcon_core.package_identification:_identify(.) by extension 'python_setup_py'
[1.339s] Level 1:colcon.colcon_core.package_identification:_identify(build) by extensions ['ignore', 'ignore_ament_install']
[1.340s] Level 1:colcon.colcon_core.package_identification:_identify(build) by extension 'ignore'
[1.340s] Level 1:colcon.colcon_core.package_identification:_identify(build) ignored
[1.340s] Level 1:colcon.colcon_core.package_identification:_identify(install) by extensions ['ignore', 'ignore_ament_install']
[1.341s] Level 1:colcon.colcon_core.package_identification:_identify(install) by extension 'ignore'
[1.341s] Level 1:colcon.colcon_core.package_identification:_identify(install) ignored
[1.342s] Level 1:colcon.colcon_core.package_identification:_identify(log) by extensions ['ignore', 'ignore_ament_install']
[1.343s] Level 1:colcon.colcon_core.package_identification:_identify(log) by extension 'ignore'
[1.343s] Level 1:colcon.colcon_core.package_identification:_identify(log) ignored
[1.343s] Level 1:colcon.colcon_core.package_identification:_identify(src) by extensions ['ignore', 'ignore_ament_install']
[1.343s] Level 1:colcon.colcon_core.package_identification:_identify(src) by extension 'ignore'
[1.344s] Level 1:colcon.colcon_core.package_identification:_identify(src) by extension 'ignore_ament_install'
[1.344s] Level 1:colcon.colcon_core.package_identification:_identify(src) by extensions ['colcon_pkg']
[1.344s] Level 1:colcon.colcon_core.package_identification:_identify(src) by extension 'colcon_pkg'
[1.344s] Level 1:colcon.colcon_core.package_identification:_identify(src) by extensions ['colcon_meta']
[1.344s] Level 1:colcon.colcon_core.package_identification:_identify(src) by extension 'colcon_meta'
[1.344s] Level 1:colcon.colcon_core.package_identification:_identify(src) by extensions ['ros']
[1.344s] Level 1:colcon.colcon_core.package_identification:_identify(src) by extension 'ros'
[1.345s] Level 1:colcon.colcon_core.package_identification:_identify(src) by extensions ['cmake', 'python']
[1.345s] Level 1:colcon.colcon_core.package_identification:_identify(src) by extension 'cmake'
[1.345s] Level 1:colcon.colcon_core.package_identification:_identify(src) by extension 'python'
[1.345s] Level 1:colcon.colcon_core.package_identification:_identify(src) by extensions ['python_setup_py']
[1.345s] Level 1:colcon.colcon_core.package_identification:_identify(src) by extension 'python_setup_py'
[1.346s] Level 1:colcon.colcon_core.package_identification:_identify(src/build) by extensions ['ignore', 'ignore_ament_install']
[1.346s] Level 1:colcon.colcon_core.package_identification:_identify(src/build) by extension 'ignore'
[1.346s] Level 1:colcon.colcon_core.package_identification:_identify(src/build) ignored
[1.347s] Level 1:colcon.colcon_core.package_identification:_identify(src/install) by extensions ['ignore', 'ignore_ament_install']
[1.347s] Level 1:colcon.colcon_core.package_identification:_identify(src/install) by extension 'ignore'
[1.347s] Level 1:colcon.colcon_core.package_identification:_identify(src/install) ignored
[1.347s] Level 1:colcon.colcon_core.package_identification:_identify(src/log) by extensions ['ignore', 'ignore_ament_install']
[1.348s] Level 1:colcon.colcon_core.package_identification:_identify(src/log) by extension 'ignore'
[1.348s] Level 1:colcon.colcon_core.package_identification:_identify(src/log) ignored
[1.348s] Level 1:colcon.colcon_core.package_identification:_identify(src/snowbot_current) by extensions ['ignore', 'ignore_ament_install']
[1.349s] Level 1:colcon.colcon_core.package_identification:_identify(src/snowbot_current) by extension 'ignore'
[1.349s] Level 1:colcon.colcon_core.package_identification:_identify(src/snowbot_current) by extension 'ignore_ament_install'
[1.349s] Level 1:colcon.colcon_core.package_identification:_identify(src/snowbot_current) by extensions ['colcon_pkg']
[1.349s] Level 1:colcon.colcon_core.package_identification:_identify(src/snowbot_current) by extension 'colcon_pkg'
[1.349s] Level 1:colcon.colcon_core.package_identification:_identify(src/snowbot_current) by extensions ['colcon_meta']
[1.349s] Level 1:colcon.colcon_core.package_identification:_identify(src/snowbot_current) by extension 'colcon_meta'
[1.349s] Level 1:colcon.colcon_core.package_identification:_identify(src/snowbot_current) by extensions ['ros']
[1.350s] Level 1:colcon.colcon_core.package_identification:_identify(src/snowbot_current) by extension 'ros'
[1.359s] DEBUG:colcon.colcon_core.package_identification:Package 'src/snowbot_current' with type 'ros.ament_python' and name 'snowbot_current'
[1.359s] Level 1:colcon.colcon_core.package_identification:_identify(src/snowbot_imu) by extensions ['ignore', 'ignore_ament_install']
[1.360s] Level 1:colcon.colcon_core.package_identification:_identify(src/snowbot_imu) by extension 'ignore'
[1.360s] Level 1:colcon.colcon_core.package_identification:_identify(src/snowbot_imu) by extension 'ignore_ament_install'
[1.360s] Level 1:colcon.colcon_core.package_identification:_identify(src/snowbot_imu) by extensions ['colcon_pkg']
[1.360s] Level 1:colcon.colcon_core.package_identification:_identify(src/snowbot_imu) by extension 'colcon_pkg'
[1.360s] Level 1:colcon.colcon_core.package_identification:_identify(src/snowbot_imu) by extensions ['colcon_meta']
[1.361s] Level 1:colcon.colcon_core.package_identification:_identify(src/snowbot_imu) by extension 'colcon_meta'
[1.361s] Level 1:colcon.colcon_core.package_identification:_identify(src/snowbot_imu) by extensions ['ros']
[1.361s] Level 1:colcon.colcon_core.package_identification:_identify(src/snowbot_imu) by extension 'ros'
[1.364s] DEBUG:colcon.colcon_core.package_identification:Package 'src/snowbot_imu' with type 'ros.ament_python' and name 'snowbot_imu'
[1.364s] Level 1:colcon.colcon_core.package_identification:_identify(src/snowbot_motors) by extensions ['ignore', 'ignore_ament_install']
[1.365s] Level 1:colcon.colcon_core.package_identification:_identify(src/snowbot_motors) by extension 'ignore'
[1.365s] Level 1:colcon.colcon_core.package_identification:_identify(src/snowbot_motors) by extension 'ignore_ament_install'
[1.365s] Level 1:colcon.colcon_core.package_identification:_identify(src/snowbot_motors) by extensions ['colcon_pkg']
[1.365s] Level 1:colcon.colcon_core.package_identification:_identify(src/snowbot_motors) by extension 'colcon_pkg'
[1.365s] Level 1:colcon.colcon_core.package_identification:_identify(src/snowbot_motors) by extensions ['colcon_meta']
[1.365s] Level 1:colcon.colcon_core.package_identification:_identify(src/snowbot_motors) by extension 'colcon_meta'
[1.366s] Level 1:colcon.colcon_core.package_identification:_identify(src/snowbot_motors) by extensions ['ros']
[1.366s] Level 1:colcon.colcon_core.package_identification:_identify(src/snowbot_motors) by extension 'ros'
[1.368s] DEBUG:colcon.colcon_core.package_identification:Package 'src/snowbot_motors' with type 'ros.ament_python' and name 'snowbot_motors'
[1.369s] Level 1:colcon.colcon_core.package_identification:_identify(src/snowbot_servos) by extensions ['ignore', 'ignore_ament_install']
[1.369s] Level 1:colcon.colcon_core.package_identification:_identify(src/snowbot_servos) by extension 'ignore'
[1.370s] Level 1:colcon.colcon_core.package_identification:_identify(src/snowbot_servos) by extension 'ignore_ament_install'
[1.370s] Level 1:colcon.colcon_core.package_identification:_identify(src/snowbot_servos) by extensions ['colcon_pkg']
[1.370s] Level 1:colcon.colcon_core.package_identification:_identify(src/snowbot_servos) by extension 'colcon_pkg'
[1.370s] Level 1:colcon.colcon_core.package_identification:_identify(src/snowbot_servos) by extensions ['colcon_meta']
[1.370s] Level 1:colcon.colcon_core.package_identification:_identify(src/snowbot_servos) by extension 'colcon_meta'
[1.370s] Level 1:colcon.colcon_core.package_identification:_identify(src/snowbot_servos) by extensions ['ros']
[1.371s] Level 1:colcon.colcon_core.package_identification:_identify(src/snowbot_servos) by extension 'ros'
[1.373s] DEBUG:colcon.colcon_core.package_identification:Package 'src/snowbot_servos' with type 'ros.ament_python' and name 'snowbot_servos'
[1.374s] Level 1:colcon.colcon_core.package_identification:_identify(src/snowbot_ultrasonics) by extensions ['ignore', 'ignore_ament_install']
[1.374s] Level 1:colcon.colcon_core.package_identification:_identify(src/snowbot_ultrasonics) by extension 'ignore'
[1.374s] Level 1:colcon.colcon_core.package_identification:_identify(src/snowbot_ultrasonics) by extension 'ignore_ament_install'
[1.374s] Level 1:colcon.colcon_core.package_identification:_identify(src/snowbot_ultrasonics) by extensions ['colcon_pkg']
[1.375s] Level 1:colcon.colcon_core.package_identification:_identify(src/snowbot_ultrasonics) by extension 'colcon_pkg'
[1.375s] Level 1:colcon.colcon_core.package_identification:_identify(src/snowbot_ultrasonics) by extensions ['colcon_meta']
[1.375s] Level 1:colcon.colcon_core.package_identification:_identify(src/snowbot_ultrasonics) by extension 'colcon_meta'
[1.375s] Level 1:colcon.colcon_core.package_identification:_identify(src/snowbot_ultrasonics) by extensions ['ros']
[1.375s] Level 1:colcon.colcon_core.package_identification:_identify(src/snowbot_ultrasonics) by extension 'ros'
[1.378s] DEBUG:colcon.colcon_core.package_identification:Package 'src/snowbot_ultrasonics' with type 'ros.ament_python' and name 'snowbot_ultrasonics'
[1.378s] Level 1:colcon.colcon_core.package_discovery:discover_packages(recursive) using defaults
[1.378s] Level 1:colcon.colcon_core.package_discovery:discover_packages(ignore) discover
[1.378s] Level 1:colcon.colcon_core.package_discovery:discover_packages(ignore) using defaults
[1.379s] Level 1:colcon.colcon_core.package_discovery:discover_packages(path) discover
[1.379s] Level 1:colcon.colcon_core.package_discovery:discover_packages(path) using defaults
[1.496s] INFO:colcon.colcon_core.package_selection:Skipping not selected package 'snowbot_imu' in 'src/snowbot_imu'
[1.497s] INFO:colcon.colcon_core.package_selection:Skipping not selected package 'snowbot_motors' in 'src/snowbot_motors'
[1.497s] INFO:colcon.colcon_core.package_selection:Skipping not selected package 'snowbot_servos' in 'src/snowbot_servos'
[1.497s] INFO:colcon.colcon_core.package_selection:Skipping not selected package 'snowbot_ultrasonics' in 'src/snowbot_ultrasonics'
[1.499s] Level 1:colcon.colcon_core.package_discovery:discover_packages(prefix_path) check parameters
[1.499s] Level 1:colcon.colcon_core.package_discovery:discover_packages(prefix_path) discover
[1.507s] DEBUG:colcon.colcon_installed_package_information.package_discovery:Found 4 installed packages in /home/pi/snowbot_ws/install
[1.516s] DEBUG:colcon.colcon_installed_package_information.package_discovery:Found 271 installed packages in /opt/ros/humble
[1.522s] Level 1:colcon.colcon_core.package_discovery:discover_packages(prefix_path) using defaults
[1.687s] Level 5:colcon.colcon_core.verb:set package 'snowbot_current' build argument 'cmake_args' from command line to 'None'
[1.687s] Level 5:colcon.colcon_core.verb:set package 'snowbot_current' build argument 'cmake_target' from command line to 'None'
[1.687s] Level 5:colcon.colcon_core.verb:set package 'snowbot_current' build argument 'cmake_target_skip_unavailable' from command line to 'False'
[1.688s] Level 5:colcon.colcon_core.verb:set package 'snowbot_current' build argument 'cmake_clean_cache' from command line to 'False'
[1.688s] Level 5:colcon.colcon_core.verb:set package 'snowbot_current' build argument 'cmake_clean_first' from command line to 'False'
[1.688s] Level 5:colcon.colcon_core.verb:set package 'snowbot_current' build argument 'cmake_force_configure' from command line to 'False'
[1.688s] Level 5:colcon.colcon_core.verb:set package 'snowbot_current' build argument 'ament_cmake_args' from command line to 'None'
[1.688s] Level 5:colcon.colcon_core.verb:set package 'snowbot_current' build argument 'catkin_cmake_args' from command line to 'None'
[1.688s] Level 5:colcon.colcon_core.verb:set package 'snowbot_current' build argument 'catkin_skip_building_tests' from command line to 'False'
[1.688s] DEBUG:colcon.colcon_core.verb:Building package 'snowbot_current' with the following arguments: {'ament_cmake_args': None, 'build_base': '/home/pi/snowbot_ws/build/snowbot_current', 'catkin_cmake_args': None, 'catkin_skip_building_tests': False, 'cmake_args': None, 'cmake_clean_cache': False, 'cmake_clean_first': False, 'cmake_force_configure': False, 'cmake_target': None, 'cmake_target_skip_unavailable': False, 'install_base': '/home/pi/snowbot_ws/install/snowbot_current', 'merge_install': False, 'path': '/home/pi/snowbot_ws/src/snowbot_current', 'symlink_install': False, 'test_result_base': None}
[1.689s] INFO:colcon.colcon_core.executor:Executing jobs using 'parallel' executor
[1.693s] DEBUG:colcon.colcon_parallel_executor.executor.parallel:run_until_complete
[1.694s] INFO:colcon.colcon_ros.task.ament_python.build:Building ROS package in '/home/pi/snowbot_ws/src/snowbot_current' with build type 'ament_python'
[1.695s] Level 1:colcon.colcon_core.shell:create_environment_hook('snowbot_current', 'ament_prefix_path')
[1.709s] INFO:colcon.colcon_core.plugin_system:Skipping extension 'colcon_core.shell.bat': Not used on non-Windows systems
[1.710s] INFO:colcon.colcon_core.shell:Creating environment hook '/home/pi/snowbot_ws/install/snowbot_current/share/snowbot_current/hook/ament_prefix_path.ps1'
[1.713s] INFO:colcon.colcon_core.shell:Creating environment descriptor '/home/pi/snowbot_ws/install/snowbot_current/share/snowbot_current/hook/ament_prefix_path.dsv'
[1.716s] INFO:colcon.colcon_core.shell:Creating environment hook '/home/pi/snowbot_ws/install/snowbot_current/share/snowbot_current/hook/ament_prefix_path.sh'
[1.719s] INFO:colcon.colcon_core.shell:Skip shell extension 'powershell' for command environment: Not usable outside of PowerShell
[1.719s] DEBUG:colcon.colcon_core.shell:Skip shell extension 'dsv' for command environment
[2.960s] INFO:colcon.colcon_core.task.python.build:Building Python package in '/home/pi/snowbot_ws/src/snowbot_current'
[2.961s] INFO:colcon.colcon_core.shell:Skip shell extension 'powershell' for command environment: Not usable outside of PowerShell
[2.962s] DEBUG:colcon.colcon_core.shell:Skip shell extension 'dsv' for command environment
[5.121s] DEBUG:colcon.colcon_core.event_handler.log_command:Invoking command in '/home/pi/snowbot_ws/src/snowbot_current': PYTHONPATH=/home/pi/snowbot_ws/build/snowbot_current/prefix_override:/usr/lib/python3/dist-packages/colcon_core/task/python/colcon_distutils_commands:/home/pi/snowbot_ws/install/snowbot_current/lib/python3.10/site-packages:${PYTHONPATH} /usr/bin/python3 -W ignore:setup.py install is deprecated -W ignore:easy_install command is deprecated setup.py egg_info --egg-base ../../build/snowbot_current build --build-base /home/pi/snowbot_ws/build/snowbot_current/build install --record /home/pi/snowbot_ws/build/snowbot_current/install.log --single-version-externally-managed install_data
[6.505s] DEBUG:colcon.colcon_core.event_handler.log_command:Invoked command in '/home/pi/snowbot_ws/src/snowbot_current' returned '0': PYTHONPATH=/home/pi/snowbot_ws/build/snowbot_current/prefix_override:/usr/lib/python3/dist-packages/colcon_core/task/python/colcon_distutils_commands:/home/pi/snowbot_ws/install/snowbot_current/lib/python3.10/site-packages:${PYTHONPATH} /usr/bin/python3 -W ignore:setup.py install is deprecated -W ignore:easy_install command is deprecated setup.py egg_info --egg-base ../../build/snowbot_current build --build-base /home/pi/snowbot_ws/build/snowbot_current/build install --record /home/pi/snowbot_ws/build/snowbot_current/install.log --single-version-externally-managed install_data
[6.531s] Level 1:colcon.colcon_core.environment:checking '/home/pi/snowbot_ws/install/snowbot_current' for CMake module files
[6.533s] Level 1:colcon.colcon_core.environment:checking '/home/pi/snowbot_ws/install/snowbot_current' for CMake config files
[6.537s] Level 1:colcon.colcon_core.environment:checking '/home/pi/snowbot_ws/install/snowbot_current/lib'
[6.538s] Level 1:colcon.colcon_core.environment:checking '/home/pi/snowbot_ws/install/snowbot_current/bin'
[6.539s] Level 1:colcon.colcon_core.environment:checking '/home/pi/snowbot_ws/install/snowbot_current/lib/pkgconfig/snowbot_current.pc'
[6.540s] Level 1:colcon.colcon_core.environment:checking '/home/pi/snowbot_ws/install/snowbot_current/lib/python3.10/site-packages'
[6.540s] Level 1:colcon.colcon_core.shell:create_environment_hook('snowbot_current', 'pythonpath')
[6.541s] INFO:colcon.colcon_core.shell:Creating environment hook '/home/pi/snowbot_ws/install/snowbot_current/share/snowbot_current/hook/pythonpath.ps1'
[6.543s] INFO:colcon.colcon_core.shell:Creating environment descriptor '/home/pi/snowbot_ws/install/snowbot_current/share/snowbot_current/hook/pythonpath.dsv'
[6.545s] INFO:colcon.colcon_core.shell:Creating environment hook '/home/pi/snowbot_ws/install/snowbot_current/share/snowbot_current/hook/pythonpath.sh'
[6.548s] Level 1:colcon.colcon_core.environment:checking '/home/pi/snowbot_ws/install/snowbot_current/bin'
[6.548s] Level 1:colcon.colcon_core.environment:create_environment_scripts_only(snowbot_current)
[6.549s] INFO:colcon.colcon_core.shell:Creating package script '/home/pi/snowbot_ws/install/snowbot_current/share/snowbot_current/package.ps1'
[6.553s] INFO:colcon.colcon_core.shell:Creating package descriptor '/home/pi/snowbot_ws/install/snowbot_current/share/snowbot_current/package.dsv'
[6.557s] INFO:colcon.colcon_core.shell:Creating package script '/home/pi/snowbot_ws/install/snowbot_current/share/snowbot_current/package.sh'
[6.560s] INFO:colcon.colcon_core.shell:Creating package script '/home/pi/snowbot_ws/install/snowbot_current/share/snowbot_current/package.bash'
[6.564s] INFO:colcon.colcon_core.shell:Creating package script '/home/pi/snowbot_ws/install/snowbot_current/share/snowbot_current/package.zsh'
[6.568s] Level 1:colcon.colcon_core.environment:create_file_with_runtime_dependencies(/home/pi/snowbot_ws/install/snowbot_current/share/colcon-core/packages/snowbot_current)
[6.569s] DEBUG:colcon.colcon_parallel_executor.executor.parallel:closing loop
[6.571s] DEBUG:colcon.colcon_parallel_executor.executor.parallel:loop closed
[6.571s] DEBUG:colcon.colcon_parallel_executor.executor.parallel:run_until_complete finished with '0'
[6.571s] DEBUG:colcon.colcon_core.event_reactor:joining thread
[6.594s] INFO:colcon.colcon_core.plugin_system:Skipping extension 'colcon_notification.desktop_notification.notify_send': Could not find 'notify-send'
[6.595s] INFO:colcon.colcon_core.plugin_system:Skipping extension 'colcon_notification.desktop_notification.terminal_notifier': Not used on non-Darwin systems
[6.595s] INFO:colcon.colcon_core.plugin_system:Skipping extension 'colcon_notification.desktop_notification.win32': Not used on non-Windows systems
[6.595s] INFO:colcon.colcon_notification.desktop_notification:Sending desktop notification using 'notify2'
[6.598s] DEBUG:colcon.colcon_notification.desktop_notification.notify2:Failed to initialize notify2: org.freedesktop.DBus.Error.ServiceUnknown: The name org.freedesktop.Notifications was not provided by any .service files
[6.598s] DEBUG:colcon.colcon_core.event_reactor:joined thread
[6.599s] INFO:colcon.colcon_core.shell:Creating prefix script '/home/pi/snowbot_ws/install/local_setup.ps1'
[6.603s] INFO:colcon.colcon_core.shell:Creating prefix util module '/home/pi/snowbot_ws/install/_local_setup_util_ps1.py'
[6.610s] INFO:colcon.colcon_core.shell:Creating prefix chain script '/home/pi/snowbot_ws/install/setup.ps1'
[6.617s] INFO:colcon.colcon_core.shell:Creating prefix script '/home/pi/snowbot_ws/install/local_setup.sh'
[6.619s] INFO:colcon.colcon_core.shell:Creating prefix util module '/home/pi/snowbot_ws/install/_local_setup_util_sh.py'
[6.622s] INFO:colcon.colcon_core.shell:Creating prefix chain script '/home/pi/snowbot_ws/install/setup.sh'
[6.627s] INFO:colcon.colcon_core.shell:Creating prefix script '/home/pi/snowbot_ws/install/local_setup.bash'
[6.629s] INFO:colcon.colcon_core.shell:Creating prefix chain script '/home/pi/snowbot_ws/install/setup.bash'
[6.634s] INFO:colcon.colcon_core.shell:Creating prefix script '/home/pi/snowbot_ws/install/local_setup.zsh'
[6.637s] INFO:colcon.colcon_core.shell:Creating prefix chain script '/home/pi/snowbot_ws/install/setup.zsh'
