[3.401s] Invoking command in '/home/pi/snowbot_ws/src/snowbot_ultrasonics': PYTHONPATH=/home/pi/snowbot_ws/build/snowbot_ultrasonics/prefix_override:/usr/lib/python3/dist-packages/colcon_core/task/python/colcon_distutils_commands:/home/pi/snowbot_ws/install/snowbot_ultrasonics/lib/python3.10/site-packages:${PYTHONPATH} /usr/bin/python3 -W ignore:setup.py install is deprecated -W ignore:easy_install command is deprecated setup.py egg_info --egg-base ../../build/snowbot_ultrasonics build --build-base /home/pi/snowbot_ws/build/snowbot_ultrasonics/build install --record /home/pi/snowbot_ws/build/snowbot_ultrasonics/install.log --single-version-externally-managed install_data
[4.503s] running egg_info
[4.506s] writing ../../build/snowbot_ultrasonics/snowbot_ultrasonics.egg-info/PKG-INFO
[4.507s] writing dependency_links to ../../build/snowbot_ultrasonics/snowbot_ultrasonics.egg-info/dependency_links.txt
[4.508s] writing entry points to ../../build/snowbot_ultrasonics/snowbot_ultrasonics.egg-info/entry_points.txt
[4.509s] writing requirements to ../../build/snowbot_ultrasonics/snowbot_ultrasonics.egg-info/requires.txt
[4.510s] writing top-level names to ../../build/snowbot_ultrasonics/snowbot_ultrasonics.egg-info/top_level.txt
[4.518s] reading manifest file '../../build/snowbot_ultrasonics/snowbot_ultrasonics.egg-info/SOURCES.txt'
[4.546s] writing manifest file '../../build/snowbot_ultrasonics/snowbot_ultrasonics.egg-info/SOURCES.txt'
[4.548s] running build
[4.549s] running build_py
[4.553s] copying snowbot_ultrasonics/ultrasonic_node.py -> /home/pi/snowbot_ws/build/snowbot_ultrasonics/build/lib/snowbot_ultrasonics
[4.554s] running install
[4.556s] running install_lib
[4.563s] copying /home/pi/snowbot_ws/build/snowbot_ultrasonics/build/lib/snowbot_ultrasonics/ultrasonic_node.py -> /home/pi/snowbot_ws/install/snowbot_ultrasonics/lib/python3.10/site-packages/snowbot_ultrasonics
[4.566s] byte-compiling /home/pi/snowbot_ws/install/snowbot_ultrasonics/lib/python3.10/site-packages/snowbot_ultrasonics/ultrasonic_node.py to ultrasonic_node.cpython-310.pyc
[4.570s] running install_data
[4.573s] running install_egg_info
[4.585s] removing '/home/pi/snowbot_ws/install/snowbot_ultrasonics/lib/python3.10/site-packages/snowbot_ultrasonics-0.0.0-py3.10.egg-info' (and everything under it)
[4.586s] Copying ../../build/snowbot_ultrasonics/snowbot_ultrasonics.egg-info to /home/pi/snowbot_ws/install/snowbot_ultrasonics/lib/python3.10/site-packages/snowbot_ultrasonics-0.0.0-py3.10.egg-info
[4.593s] running install_scripts
[4.669s] Installing ultrasonic_node script to /home/pi/snowbot_ws/install/snowbot_ultrasonics/lib/snowbot_ultrasonics
[4.671s] writing list of installed files to '/home/pi/snowbot_ws/build/snowbot_ultrasonics/install.log'
[4.788s] Invoked command in '/home/pi/snowbot_ws/src/snowbot_ultrasonics' returned '0': PYTHONPATH=/home/pi/snowbot_ws/build/snowbot_ultrasonics/prefix_override:/usr/lib/python3/dist-packages/colcon_core/task/python/colcon_distutils_commands:/home/pi/snowbot_ws/install/snowbot_ultrasonics/lib/python3.10/site-packages:${PYTHONPATH} /usr/bin/python3 -W ignore:setup.py install is deprecated -W ignore:easy_install command is deprecated setup.py egg_info --egg-base ../../build/snowbot_ultrasonics build --build-base /home/pi/snowbot_ws/build/snowbot_ultrasonics/build install --record /home/pi/snowbot_ws/build/snowbot_ultrasonics/install.log --single-version-externally-managed install_data
