running egg_info
writing ../../build/snowbot_imu/snowbot_imu.egg-info/PKG-INFO
writing dependency_links to ../../build/snowbot_imu/snowbot_imu.egg-info/dependency_links.txt
writing entry points to ../../build/snowbot_imu/snowbot_imu.egg-info/entry_points.txt
writing requirements to ../../build/snowbot_imu/snowbot_imu.egg-info/requires.txt
writing top-level names to ../../build/snowbot_imu/snowbot_imu.egg-info/top_level.txt
reading manifest file '../../build/snowbot_imu/snowbot_imu.egg-info/SOURCES.txt'
writing manifest file '../../build/snowbot_imu/snowbot_imu.egg-info/SOURCES.txt'
running build
running build_py
copying snowbot_imu/imu_node.py -> /home/pi/snowbot_ws/build/snowbot_imu/build/lib/snowbot_imu
running install
running install_lib
copying /home/pi/snowbot_ws/build/snowbot_imu/build/lib/snowbot_imu/imu_node.py -> /home/pi/snowbot_ws/install/snowbot_imu/lib/python3.10/site-packages/snowbot_imu
byte-compiling /home/pi/snowbot_ws/install/snowbot_imu/lib/python3.10/site-packages/snowbot_imu/imu_node.py to imu_node.cpython-310.pyc
running install_data
running install_egg_info
removing '/home/pi/snowbot_ws/install/snowbot_imu/lib/python3.10/site-packages/snowbot_imu-0.0.0-py3.10.egg-info' (and everything under it)
Copying ../../build/snowbot_imu/snowbot_imu.egg-info to /home/pi/snowbot_ws/install/snowbot_imu/lib/python3.10/site-packages/snowbot_imu-0.0.0-py3.10.egg-info
running install_scripts
Installing imu_node script to /home/pi/snowbot_ws/install/snowbot_imu/lib/snowbot_imu
writing list of installed files to '/home/pi/snowbot_ws/build/snowbot_imu/install.log'
