running egg_info
creating ../../build/snowbot_imu/snowbot_imu.egg-info
writing ../../build/snowbot_imu/snowbot_imu.egg-info/PKG-INFO
writing dependency_links to ../../build/snowbot_imu/snowbot_imu.egg-info/dependency_links.txt
writing entry points to ../../build/snowbot_imu/snowbot_imu.egg-info/entry_points.txt
writing requirements to ../../build/snowbot_imu/snowbot_imu.egg-info/requires.txt
writing top-level names to ../../build/snowbot_imu/snowbot_imu.egg-info/top_level.txt
writing manifest file '../../build/snowbot_imu/snowbot_imu.egg-info/SOURCES.txt'
reading manifest file '../../build/snowbot_imu/snowbot_imu.egg-info/SOURCES.txt'
writing manifest file '../../build/snowbot_imu/snowbot_imu.egg-info/SOURCES.txt'
running build
running build_py
creating /home/pi/snowbot_ws/build/snowbot_imu/build
creating /home/pi/snowbot_ws/build/snowbot_imu/build/lib
creating /home/pi/snowbot_ws/build/snowbot_imu/build/lib/snowbot_imu
copying snowbot_imu/__init__.py -> /home/pi/snowbot_ws/build/snowbot_imu/build/lib/snowbot_imu
copying snowbot_imu/imu_node.py -> /home/pi/snowbot_ws/build/snowbot_imu/build/lib/snowbot_imu
running install
running install_lib
creating /home/pi/snowbot_ws/install/snowbot_imu/lib/python3.10/site-packages/snowbot_imu
copying /home/pi/snowbot_ws/build/snowbot_imu/build/lib/snowbot_imu/__init__.py -> /home/pi/snowbot_ws/install/snowbot_imu/lib/python3.10/site-packages/snowbot_imu
copying /home/pi/snowbot_ws/build/snowbot_imu/build/lib/snowbot_imu/imu_node.py -> /home/pi/snowbot_ws/install/snowbot_imu/lib/python3.10/site-packages/snowbot_imu
byte-compiling /home/pi/snowbot_ws/install/snowbot_imu/lib/python3.10/site-packages/snowbot_imu/__init__.py to __init__.cpython-310.pyc
byte-compiling /home/pi/snowbot_ws/install/snowbot_imu/lib/python3.10/site-packages/snowbot_imu/imu_node.py to imu_node.cpython-310.pyc
running install_data
creating /home/pi/snowbot_ws/install/snowbot_imu/share/ament_index
creating /home/pi/snowbot_ws/install/snowbot_imu/share/ament_index/resource_index
creating /home/pi/snowbot_ws/install/snowbot_imu/share/ament_index/resource_index/packages
copying resource/snowbot_imu -> /home/pi/snowbot_ws/install/snowbot_imu/share/ament_index/resource_index/packages
copying package.xml -> /home/pi/snowbot_ws/install/snowbot_imu/share/snowbot_imu
running install_egg_info
Copying ../../build/snowbot_imu/snowbot_imu.egg-info to /home/pi/snowbot_ws/install/snowbot_imu/lib/python3.10/site-packages/snowbot_imu-0.0.0-py3.10.egg-info
running install_scripts
writing list of installed files to '/home/pi/snowbot_ws/build/snowbot_imu/install.log'
