[3.362s] Invoking command in '/home/pi/snowbot_ws/src/snowbot_imu': PYTHONPATH=/home/pi/snowbot_ws/build/snowbot_imu/prefix_override:/usr/lib/python3/dist-packages/colcon_core/task/python/colcon_distutils_commands:/home/pi/snowbot_ws/install/snowbot_imu/lib/python3.10/site-packages:${PYTHONPATH} /usr/bin/python3 -W ignore:setup.py install is deprecated -W ignore:easy_install command is deprecated setup.py egg_info --egg-base ../../build/snowbot_imu build --build-base /home/pi/snowbot_ws/build/snowbot_imu/build install --record /home/pi/snowbot_ws/build/snowbot_imu/install.log --single-version-externally-managed install_data
[4.462s] running egg_info
[4.465s] creating ../../build/snowbot_imu/snowbot_imu.egg-info
[4.465s] writing ../../build/snowbot_imu/snowbot_imu.egg-info/PKG-INFO
[4.467s] writing dependency_links to ../../build/snowbot_imu/snowbot_imu.egg-info/dependency_links.txt
[4.467s] writing entry points to ../../build/snowbot_imu/snowbot_imu.egg-info/entry_points.txt
[4.468s] writing requirements to ../../build/snowbot_imu/snowbot_imu.egg-info/requires.txt
[4.468s] writing top-level names to ../../build/snowbot_imu/snowbot_imu.egg-info/top_level.txt
[4.469s] writing manifest file '../../build/snowbot_imu/snowbot_imu.egg-info/SOURCES.txt'
[4.476s] reading manifest file '../../build/snowbot_imu/snowbot_imu.egg-info/SOURCES.txt'
[4.479s] writing manifest file '../../build/snowbot_imu/snowbot_imu.egg-info/SOURCES.txt'
[4.480s] running build
[4.480s] running build_py
[4.481s] creating /home/pi/snowbot_ws/build/snowbot_imu/build
[4.481s] creating /home/pi/snowbot_ws/build/snowbot_imu/build/lib
[4.482s] creating /home/pi/snowbot_ws/build/snowbot_imu/build/lib/snowbot_imu
[4.482s] copying snowbot_imu/__init__.py -> /home/pi/snowbot_ws/build/snowbot_imu/build/lib/snowbot_imu
[4.483s] copying snowbot_imu/imu_node.py -> /home/pi/snowbot_ws/build/snowbot_imu/build/lib/snowbot_imu
[4.483s] running install
[4.486s] running install_lib
[4.489s] creating /home/pi/snowbot_ws/install/snowbot_imu/lib/python3.10/site-packages/snowbot_imu
[4.490s] copying /home/pi/snowbot_ws/build/snowbot_imu/build/lib/snowbot_imu/__init__.py -> /home/pi/snowbot_ws/install/snowbot_imu/lib/python3.10/site-packages/snowbot_imu
[4.490s] copying /home/pi/snowbot_ws/build/snowbot_imu/build/lib/snowbot_imu/imu_node.py -> /home/pi/snowbot_ws/install/snowbot_imu/lib/python3.10/site-packages/snowbot_imu
[4.493s] byte-compiling /home/pi/snowbot_ws/install/snowbot_imu/lib/python3.10/site-packages/snowbot_imu/__init__.py to __init__.cpython-310.pyc
[4.495s] byte-compiling /home/pi/snowbot_ws/install/snowbot_imu/lib/python3.10/site-packages/snowbot_imu/imu_node.py to imu_node.cpython-310.pyc
[4.497s] running install_data
[4.498s] creating /home/pi/snowbot_ws/install/snowbot_imu/share/ament_index
[4.499s] creating /home/pi/snowbot_ws/install/snowbot_imu/share/ament_index/resource_index
[4.500s] creating /home/pi/snowbot_ws/install/snowbot_imu/share/ament_index/resource_index/packages
[4.501s] copying resource/snowbot_imu -> /home/pi/snowbot_ws/install/snowbot_imu/share/ament_index/resource_index/packages
[4.501s] copying package.xml -> /home/pi/snowbot_ws/install/snowbot_imu/share/snowbot_imu
[4.502s] running install_egg_info
[4.513s] Copying ../../build/snowbot_imu/snowbot_imu.egg-info to /home/pi/snowbot_ws/install/snowbot_imu/lib/python3.10/site-packages/snowbot_imu-0.0.0-py3.10.egg-info
[4.519s] running install_scripts
[4.594s] writing list of installed files to '/home/pi/snowbot_ws/build/snowbot_imu/install.log'
[4.711s] Invoked command in '/home/pi/snowbot_ws/src/snowbot_imu' returned '0': PYTHONPATH=/home/pi/snowbot_ws/build/snowbot_imu/prefix_override:/usr/lib/python3/dist-packages/colcon_core/task/python/colcon_distutils_commands:/home/pi/snowbot_ws/install/snowbot_imu/lib/python3.10/site-packages:${PYTHONPATH} /usr/bin/python3 -W ignore:setup.py install is deprecated -W ignore:easy_install command is deprecated setup.py egg_info --egg-base ../../build/snowbot_imu build --build-base /home/pi/snowbot_ws/build/snowbot_imu/build install --record /home/pi/snowbot_ws/build/snowbot_imu/install.log --single-version-externally-managed install_data
