[2.902s] Invoking command in '/home/pi/snowbot_ws/src/snowbot_imu': PYTHONPATH=/home/pi/snowbot_ws/build/snowbot_imu/prefix_override:/usr/lib/python3/dist-packages/colcon_core/task/python/colcon_distutils_commands:/home/pi/snowbot_ws/install/snowbot_imu/lib/python3.10/site-packages:${PYTHONPATH} /usr/bin/python3 -W ignore:setup.py install is deprecated -W ignore:easy_install command is deprecated setup.py egg_info --egg-base ../../build/snowbot_imu build --build-base /home/pi/snowbot_ws/build/snowbot_imu/build install --record /home/pi/snowbot_ws/build/snowbot_imu/install.log --single-version-externally-managed install_data
[4.024s] running egg_info
[4.026s] writing ../../build/snowbot_imu/snowbot_imu.egg-info/PKG-INFO
[4.027s] writing dependency_links to ../../build/snowbot_imu/snowbot_imu.egg-info/dependency_links.txt
[4.028s] writing entry points to ../../build/snowbot_imu/snowbot_imu.egg-info/entry_points.txt
[4.029s] writing requirements to ../../build/snowbot_imu/snowbot_imu.egg-info/requires.txt
[4.030s] writing top-level names to ../../build/snowbot_imu/snowbot_imu.egg-info/top_level.txt
[4.037s] reading manifest file '../../build/snowbot_imu/snowbot_imu.egg-info/SOURCES.txt'
[4.042s] writing manifest file '../../build/snowbot_imu/snowbot_imu.egg-info/SOURCES.txt'
[4.042s] running build
[4.043s] running build_py
[4.043s] copying snowbot_imu/imu_node.py -> /home/pi/snowbot_ws/build/snowbot_imu/build/lib/snowbot_imu
[4.044s] running install
[4.046s] running install_lib
[4.049s] copying /home/pi/snowbot_ws/build/snowbot_imu/build/lib/snowbot_imu/imu_node.py -> /home/pi/snowbot_ws/install/snowbot_imu/lib/python3.10/site-packages/snowbot_imu
[4.052s] byte-compiling /home/pi/snowbot_ws/install/snowbot_imu/lib/python3.10/site-packages/snowbot_imu/imu_node.py to imu_node.cpython-310.pyc
[4.055s] running install_data
[4.055s] running install_egg_info
[4.067s] removing '/home/pi/snowbot_ws/install/snowbot_imu/lib/python3.10/site-packages/snowbot_imu-0.0.0-py3.10.egg-info' (and everything under it)
[4.068s] Copying ../../build/snowbot_imu/snowbot_imu.egg-info to /home/pi/snowbot_ws/install/snowbot_imu/lib/python3.10/site-packages/snowbot_imu-0.0.0-py3.10.egg-info
[4.073s] running install_scripts
[4.149s] Installing imu_node script to /home/pi/snowbot_ws/install/snowbot_imu/lib/snowbot_imu
[4.150s] writing list of installed files to '/home/pi/snowbot_ws/build/snowbot_imu/install.log'
[4.268s] Invoked command in '/home/pi/snowbot_ws/src/snowbot_imu' returned '0': PYTHONPATH=/home/pi/snowbot_ws/build/snowbot_imu/prefix_override:/usr/lib/python3/dist-packages/colcon_core/task/python/colcon_distutils_commands:/home/pi/snowbot_ws/install/snowbot_imu/lib/python3.10/site-packages:${PYTHONPATH} /usr/bin/python3 -W ignore:setup.py install is deprecated -W ignore:easy_install command is deprecated setup.py egg_info --egg-base ../../build/snowbot_imu build --build-base /home/pi/snowbot_ws/build/snowbot_imu/build install --record /home/pi/snowbot_ws/build/snowbot_imu/install.log --single-version-externally-managed install_data
