[1.127s] DEBUG:colcon:Command line arguments: ['/usr/bin/colcon', 'build', '--packages-select', 'snowbot_ultrasonics']
[1.127s] DEBUG:colcon:Parsed command line arguments: Namespace(log_base=None, log_level=None, verb_name='build', build_base='build', install_base='install', merge_install=False, symlink_install=False, test_result_base=None, continue_on_error=False, executor='parallel', parallel_workers=4, event_handlers=None, ignore_user_meta=False, metas=['./colcon.meta'], base_paths=['.'], packages_ignore=None, packages_ignore_regex=None, paths=None, packages_up_to=None, packages_up_to_regex=None, packages_above=None, packages_above_and_dependencies=None, packages_above_depth=None, packages_select_by_dep=None, packages_skip_by_dep=None, packages_skip_up_to=None, packages_select_build_failed=False, packages_skip_build_finished=False, packages_select_test_failures=False, packages_skip_test_passed=False, packages_select=['snowbot_ultrasonics'], packages_skip=None, packages_select_regex=None, packages_skip_regex=None, packages_start=None, packages_end=None, allow_overriding=[], cmake_args=None, cmake_target=None, cmake_target_skip_unavailable=False, cmake_clean_cache=False, cmake_clean_first=False, cmake_force_configure=False, ament_cmake_args=None, catkin_cmake_args=None, catkin_skip_building_tests=False, mixin_files=None, mixin=None, verb_parser=<colcon_mixin.mixin.mixin_argument.MixinArgumentDecorator object at 0xffffb9ff5600>, verb_extension=<colcon_core.verb.build.BuildVerb object at 0xffffba19e590>, main=<bound method BuildVerb.main of <colcon_core.verb.build.BuildVerb object at 0xffffba19e590>>, mixin_verb=('build',))
[2.388s] Level 1:colcon.colcon_core.package_discovery:discover_packages(colcon_meta) check parameters
[2.389s] Level 1:colcon.colcon_core.package_discovery:discover_packages(recursive) check parameters
[2.389s] Level 1:colcon.colcon_core.package_discovery:discover_packages(ignore) check parameters
[2.389s] Level 1:colcon.colcon_core.package_discovery:discover_packages(path) check parameters
[2.389s] Level 1:colcon.colcon_core.package_discovery:discover_packages(colcon_meta) discover
[2.390s] Level 1:colcon.colcon_core.package_discovery:discover_packages(recursive) discover
[2.390s] INFO:colcon.colcon_core.package_discovery:Crawling recursively for packages in '/home/pi/snowbot_ws'
[2.390s] Level 1:colcon.colcon_core.package_identification:_identify(.) by extensions ['ignore', 'ignore_ament_install']
[2.391s] Level 1:colcon.colcon_core.package_identification:_identify(.) by extension 'ignore'
[2.391s] Level 1:colcon.colcon_core.package_identification:_identify(.) by extension 'ignore_ament_install'
[2.391s] Level 1:colcon.colcon_core.package_identification:_identify(.) by extensions ['colcon_pkg']
[2.391s] Level 1:colcon.colcon_core.package_identification:_identify(.) by extension 'colcon_pkg'
[2.392s] Level 1:colcon.colcon_core.package_identification:_identify(.) by extensions ['colcon_meta']
[2.392s] Level 1:colcon.colcon_core.package_identification:_identify(.) by extension 'colcon_meta'
[2.392s] Level 1:colcon.colcon_core.package_identification:_identify(.) by extensions ['ros']
[2.392s] Level 1:colcon.colcon_core.package_identification:_identify(.) by extension 'ros'
[2.465s] Level 1:colcon.colcon_core.package_identification:_identify(.) by extensions ['cmake', 'python']
[2.466s] Level 1:colcon.colcon_core.package_identification:_identify(.) by extension 'cmake'
[2.466s] Level 1:colcon.colcon_core.package_identification:_identify(.) by extension 'python'
[2.467s] Level 1:colcon.colcon_core.package_identification:_identify(.) by extensions ['python_setup_py']
[2.467s] Level 1:colcon.colcon_core.package_identification:_identify(.) by extension 'python_setup_py'
[2.468s] Level 1:colcon.colcon_core.package_identification:_identify(build) by extensions ['ignore', 'ignore_ament_install']
[2.468s] Level 1:colcon.colcon_core.package_identification:_identify(build) by extension 'ignore'
[2.469s] Level 1:colcon.colcon_core.package_identification:_identify(build) ignored
[2.469s] Level 1:colcon.colcon_core.package_identification:_identify(install) by extensions ['ignore', 'ignore_ament_install']
[2.470s] Level 1:colcon.colcon_core.package_identification:_identify(install) by extension 'ignore'
[2.470s] Level 1:colcon.colcon_core.package_identification:_identify(install) ignored
[2.509s] Level 1:colcon.colcon_core.package_identification:_identify(log) by extensions ['ignore', 'ignore_ament_install']
[2.510s] Level 1:colcon.colcon_core.package_identification:_identify(log) by extension 'ignore'
[2.510s] Level 1:colcon.colcon_core.package_identification:_identify(log) ignored
[2.512s] Level 1:colcon.colcon_core.package_identification:_identify(src) by extensions ['ignore', 'ignore_ament_install']
[2.512s] Level 1:colcon.colcon_core.package_identification:_identify(src) by extension 'ignore'
[2.513s] Level 1:colcon.colcon_core.package_identification:_identify(src) by extension 'ignore_ament_install'
[2.514s] Level 1:colcon.colcon_core.package_identification:_identify(src) by extensions ['colcon_pkg']
[2.514s] Level 1:colcon.colcon_core.package_identification:_identify(src) by extension 'colcon_pkg'
[2.514s] Level 1:colcon.colcon_core.package_identification:_identify(src) by extensions ['colcon_meta']
[2.515s] Level 1:colcon.colcon_core.package_identification:_identify(src) by extension 'colcon_meta'
[2.515s] Level 1:colcon.colcon_core.package_identification:_identify(src) by extensions ['ros']
[2.516s] Level 1:colcon.colcon_core.package_identification:_identify(src) by extension 'ros'
[2.517s] Level 1:colcon.colcon_core.package_identification:_identify(src) by extensions ['cmake', 'python']
[2.517s] Level 1:colcon.colcon_core.package_identification:_identify(src) by extension 'cmake'
[2.517s] Level 1:colcon.colcon_core.package_identification:_identify(src) by extension 'python'
[2.518s] Level 1:colcon.colcon_core.package_identification:_identify(src) by extensions ['python_setup_py']
[2.518s] Level 1:colcon.colcon_core.package_identification:_identify(src) by extension 'python_setup_py'
[2.528s] Level 1:colcon.colcon_core.package_identification:_identify(src/build) by extensions ['ignore', 'ignore_ament_install']
[2.529s] Level 1:colcon.colcon_core.package_identification:_identify(src/build) by extension 'ignore'
[2.529s] Level 1:colcon.colcon_core.package_identification:_identify(src/build) ignored
[2.530s] Level 1:colcon.colcon_core.package_identification:_identify(src/install) by extensions ['ignore', 'ignore_ament_install']
[2.531s] Level 1:colcon.colcon_core.package_identification:_identify(src/install) by extension 'ignore'
[2.531s] Level 1:colcon.colcon_core.package_identification:_identify(src/install) ignored
[2.533s] Level 1:colcon.colcon_core.package_identification:_identify(src/log) by extensions ['ignore', 'ignore_ament_install']
[2.533s] Level 1:colcon.colcon_core.package_identification:_identify(src/log) by extension 'ignore'
[2.534s] Level 1:colcon.colcon_core.package_identification:_identify(src/log) ignored
[2.535s] Level 1:colcon.colcon_core.package_identification:_identify(src/snowbot_motors) by extensions ['ignore', 'ignore_ament_install']
[2.536s] Level 1:colcon.colcon_core.package_identification:_identify(src/snowbot_motors) by extension 'ignore'
[2.536s] Level 1:colcon.colcon_core.package_identification:_identify(src/snowbot_motors) by extension 'ignore_ament_install'
[2.537s] Level 1:colcon.colcon_core.package_identification:_identify(src/snowbot_motors) by extensions ['colcon_pkg']
[2.537s] Level 1:colcon.colcon_core.package_identification:_identify(src/snowbot_motors) by extension 'colcon_pkg'
[2.538s] Level 1:colcon.colcon_core.package_identification:_identify(src/snowbot_motors) by extensions ['colcon_meta']
[2.538s] Level 1:colcon.colcon_core.package_identification:_identify(src/snowbot_motors) by extension 'colcon_meta'
[2.538s] Level 1:colcon.colcon_core.package_identification:_identify(src/snowbot_motors) by extensions ['ros']
[2.539s] Level 1:colcon.colcon_core.package_identification:_identify(src/snowbot_motors) by extension 'ros'
[2.553s] DEBUG:colcon.colcon_core.package_identification:Package 'src/snowbot_motors' with type 'ros.ament_python' and name 'snowbot_motors'
[2.555s] Level 1:colcon.colcon_core.package_identification:_identify(src/snowbot_servos) by extensions ['ignore', 'ignore_ament_install']
[2.555s] Level 1:colcon.colcon_core.package_identification:_identify(src/snowbot_servos) by extension 'ignore'
[2.556s] Level 1:colcon.colcon_core.package_identification:_identify(src/snowbot_servos) by extension 'ignore_ament_install'
[2.556s] Level 1:colcon.colcon_core.package_identification:_identify(src/snowbot_servos) by extensions ['colcon_pkg']
[2.556s] Level 1:colcon.colcon_core.package_identification:_identify(src/snowbot_servos) by extension 'colcon_pkg'
[2.556s] Level 1:colcon.colcon_core.package_identification:_identify(src/snowbot_servos) by extensions ['colcon_meta']
[2.556s] Level 1:colcon.colcon_core.package_identification:_identify(src/snowbot_servos) by extension 'colcon_meta'
[2.556s] Level 1:colcon.colcon_core.package_identification:_identify(src/snowbot_servos) by extensions ['ros']
[2.557s] Level 1:colcon.colcon_core.package_identification:_identify(src/snowbot_servos) by extension 'ros'
[2.557s] Level 1:colcon.colcon_core.package_identification:_identify(src/snowbot_servos) by extensions ['cmake', 'python']
[2.557s] Level 1:colcon.colcon_core.package_identification:_identify(src/snowbot_servos) by extension 'cmake'
[2.557s] Level 1:colcon.colcon_core.package_identification:_identify(src/snowbot_servos) by extension 'python'
[2.558s] Level 1:colcon.colcon_core.package_identification:_identify(src/snowbot_servos) by extensions ['python_setup_py']
[2.558s] Level 1:colcon.colcon_core.package_identification:_identify(src/snowbot_servos) by extension 'python_setup_py'
[2.559s] Level 1:colcon.colcon_core.package_identification:_identify(src/snowbot_servos/snowbot_servos) by extensions ['ignore', 'ignore_ament_install']
[2.559s] Level 1:colcon.colcon_core.package_identification:_identify(src/snowbot_servos/snowbot_servos) by extension 'ignore'
[2.559s] Level 1:colcon.colcon_core.package_identification:_identify(src/snowbot_servos/snowbot_servos) by extension 'ignore_ament_install'
[2.560s] Level 1:colcon.colcon_core.package_identification:_identify(src/snowbot_servos/snowbot_servos) by extensions ['colcon_pkg']
[2.560s] Level 1:colcon.colcon_core.package_identification:_identify(src/snowbot_servos/snowbot_servos) by extension 'colcon_pkg'
[2.560s] Level 1:colcon.colcon_core.package_identification:_identify(src/snowbot_servos/snowbot_servos) by extensions ['colcon_meta']
[2.560s] Level 1:colcon.colcon_core.package_identification:_identify(src/snowbot_servos/snowbot_servos) by extension 'colcon_meta'
[2.560s] Level 1:colcon.colcon_core.package_identification:_identify(src/snowbot_servos/snowbot_servos) by extensions ['ros']
[2.561s] Level 1:colcon.colcon_core.package_identification:_identify(src/snowbot_servos/snowbot_servos) by extension 'ros'
[2.561s] Level 1:colcon.colcon_core.package_identification:_identify(src/snowbot_servos/snowbot_servos) by extensions ['cmake', 'python']
[2.561s] Level 1:colcon.colcon_core.package_identification:_identify(src/snowbot_servos/snowbot_servos) by extension 'cmake'
[2.561s] Level 1:colcon.colcon_core.package_identification:_identify(src/snowbot_servos/snowbot_servos) by extension 'python'
[2.562s] Level 1:colcon.colcon_core.package_identification:_identify(src/snowbot_servos/snowbot_servos) by extensions ['python_setup_py']
[2.562s] Level 1:colcon.colcon_core.package_identification:_identify(src/snowbot_servos/snowbot_servos) by extension 'python_setup_py'
[2.562s] Level 1:colcon.colcon_core.package_identification:_identify(src/snowbot_ultrasonics) by extensions ['ignore', 'ignore_ament_install']
[2.563s] Level 1:colcon.colcon_core.package_identification:_identify(src/snowbot_ultrasonics) by extension 'ignore'
[2.563s] Level 1:colcon.colcon_core.package_identification:_identify(src/snowbot_ultrasonics) by extension 'ignore_ament_install'
[2.563s] Level 1:colcon.colcon_core.package_identification:_identify(src/snowbot_ultrasonics) by extensions ['colcon_pkg']
[2.563s] Level 1:colcon.colcon_core.package_identification:_identify(src/snowbot_ultrasonics) by extension 'colcon_pkg'
[2.563s] Level 1:colcon.colcon_core.package_identification:_identify(src/snowbot_ultrasonics) by extensions ['colcon_meta']
[2.563s] Level 1:colcon.colcon_core.package_identification:_identify(src/snowbot_ultrasonics) by extension 'colcon_meta'
[2.564s] Level 1:colcon.colcon_core.package_identification:_identify(src/snowbot_ultrasonics) by extensions ['ros']
[2.564s] Level 1:colcon.colcon_core.package_identification:_identify(src/snowbot_ultrasonics) by extension 'ros'
[2.567s] DEBUG:colcon.colcon_core.package_identification:Package 'src/snowbot_ultrasonics' with type 'ros.ament_python' and name 'snowbot_ultrasonics'
[2.568s] Level 1:colcon.colcon_core.package_discovery:discover_packages(recursive) using defaults
[2.568s] Level 1:colcon.colcon_core.package_discovery:discover_packages(ignore) discover
[2.568s] Level 1:colcon.colcon_core.package_discovery:discover_packages(ignore) using defaults
[2.568s] Level 1:colcon.colcon_core.package_discovery:discover_packages(path) discover
[2.568s] Level 1:colcon.colcon_core.package_discovery:discover_packages(path) using defaults
[2.740s] INFO:colcon.colcon_core.package_selection:Skipping not selected package 'snowbot_motors' in 'src/snowbot_motors'
[2.743s] Level 1:colcon.colcon_core.package_discovery:discover_packages(prefix_path) check parameters
[2.744s] Level 1:colcon.colcon_core.package_discovery:discover_packages(prefix_path) discover
[2.765s] DEBUG:colcon.colcon_installed_package_information.package_discovery:Found 271 installed packages in /opt/ros/humble
[2.772s] Level 1:colcon.colcon_core.package_discovery:discover_packages(prefix_path) using defaults
[2.937s] Level 5:colcon.colcon_core.verb:set package 'snowbot_ultrasonics' build argument 'cmake_args' from command line to 'None'
[2.937s] Level 5:colcon.colcon_core.verb:set package 'snowbot_ultrasonics' build argument 'cmake_target' from command line to 'None'
[2.937s] Level 5:colcon.colcon_core.verb:set package 'snowbot_ultrasonics' build argument 'cmake_target_skip_unavailable' from command line to 'False'
[2.937s] Level 5:colcon.colcon_core.verb:set package 'snowbot_ultrasonics' build argument 'cmake_clean_cache' from command line to 'False'
[2.937s] Level 5:colcon.colcon_core.verb:set package 'snowbot_ultrasonics' build argument 'cmake_clean_first' from command line to 'False'
[2.937s] Level 5:colcon.colcon_core.verb:set package 'snowbot_ultrasonics' build argument 'cmake_force_configure' from command line to 'False'
[2.937s] Level 5:colcon.colcon_core.verb:set package 'snowbot_ultrasonics' build argument 'ament_cmake_args' from command line to 'None'
[2.938s] Level 5:colcon.colcon_core.verb:set package 'snowbot_ultrasonics' build argument 'catkin_cmake_args' from command line to 'None'
[2.938s] Level 5:colcon.colcon_core.verb:set package 'snowbot_ultrasonics' build argument 'catkin_skip_building_tests' from command line to 'False'
[2.938s] DEBUG:colcon.colcon_core.verb:Building package 'snowbot_ultrasonics' with the following arguments: {'ament_cmake_args': None, 'build_base': '/home/pi/snowbot_ws/build/snowbot_ultrasonics', 'catkin_cmake_args': None, 'catkin_skip_building_tests': False, 'cmake_args': None, 'cmake_clean_cache': False, 'cmake_clean_first': False, 'cmake_force_configure': False, 'cmake_target': None, 'cmake_target_skip_unavailable': False, 'install_base': '/home/pi/snowbot_ws/install/snowbot_ultrasonics', 'merge_install': False, 'path': '/home/pi/snowbot_ws/src/snowbot_ultrasonics', 'symlink_install': False, 'test_result_base': None}
[2.938s] INFO:colcon.colcon_core.executor:Executing jobs using 'parallel' executor
[2.941s] DEBUG:colcon.colcon_parallel_executor.executor.parallel:run_until_complete
[2.942s] INFO:colcon.colcon_ros.task.ament_python.build:Building ROS package in '/home/pi/snowbot_ws/src/snowbot_ultrasonics' with build type 'ament_python'
[2.943s] Level 1:colcon.colcon_core.shell:create_environment_hook('snowbot_ultrasonics', 'ament_prefix_path')
[2.963s] INFO:colcon.colcon_core.plugin_system:Skipping extension 'colcon_core.shell.bat': Not used on non-Windows systems
[2.964s] INFO:colcon.colcon_core.shell:Creating environment hook '/home/pi/snowbot_ws/install/snowbot_ultrasonics/share/snowbot_ultrasonics/hook/ament_prefix_path.ps1'
[2.970s] INFO:colcon.colcon_core.shell:Creating environment descriptor '/home/pi/snowbot_ws/install/snowbot_ultrasonics/share/snowbot_ultrasonics/hook/ament_prefix_path.dsv'
[2.974s] INFO:colcon.colcon_core.shell:Creating environment hook '/home/pi/snowbot_ws/install/snowbot_ultrasonics/share/snowbot_ultrasonics/hook/ament_prefix_path.sh'
[2.978s] INFO:colcon.colcon_core.shell:Skip shell extension 'powershell' for command environment: Not usable outside of PowerShell
[2.978s] DEBUG:colcon.colcon_core.shell:Skip shell extension 'dsv' for command environment
[4.189s] INFO:colcon.colcon_core.task.python.build:Building Python package in '/home/pi/snowbot_ws/src/snowbot_ultrasonics'
[4.190s] INFO:colcon.colcon_core.shell:Skip shell extension 'powershell' for command environment: Not usable outside of PowerShell
[4.190s] DEBUG:colcon.colcon_core.shell:Skip shell extension 'dsv' for command environment
[6.345s] DEBUG:colcon.colcon_core.event_handler.log_command:Invoking command in '/home/pi/snowbot_ws/src/snowbot_ultrasonics': PYTHONPATH=/home/pi/snowbot_ws/build/snowbot_ultrasonics/prefix_override:/usr/lib/python3/dist-packages/colcon_core/task/python/colcon_distutils_commands:/home/pi/snowbot_ws/install/snowbot_ultrasonics/lib/python3.10/site-packages:${PYTHONPATH} /usr/bin/python3 -W ignore:setup.py install is deprecated -W ignore:easy_install command is deprecated setup.py egg_info --egg-base ../../build/snowbot_ultrasonics build --build-base /home/pi/snowbot_ws/build/snowbot_ultrasonics/build install --record /home/pi/snowbot_ws/build/snowbot_ultrasonics/install.log --single-version-externally-managed install_data
[7.733s] DEBUG:colcon.colcon_core.event_handler.log_command:Invoked command in '/home/pi/snowbot_ws/src/snowbot_ultrasonics' returned '0': PYTHONPATH=/home/pi/snowbot_ws/build/snowbot_ultrasonics/prefix_override:/usr/lib/python3/dist-packages/colcon_core/task/python/colcon_distutils_commands:/home/pi/snowbot_ws/install/snowbot_ultrasonics/lib/python3.10/site-packages:${PYTHONPATH} /usr/bin/python3 -W ignore:setup.py install is deprecated -W ignore:easy_install command is deprecated setup.py egg_info --egg-base ../../build/snowbot_ultrasonics build --build-base /home/pi/snowbot_ws/build/snowbot_ultrasonics/build install --record /home/pi/snowbot_ws/build/snowbot_ultrasonics/install.log --single-version-externally-managed install_data
[7.756s] Level 1:colcon.colcon_core.environment:checking '/home/pi/snowbot_ws/install/snowbot_ultrasonics' for CMake module files
[7.759s] Level 1:colcon.colcon_core.environment:checking '/home/pi/snowbot_ws/install/snowbot_ultrasonics' for CMake config files
[7.764s] Level 1:colcon.colcon_core.environment:checking '/home/pi/snowbot_ws/install/snowbot_ultrasonics/lib'
[7.765s] Level 1:colcon.colcon_core.environment:checking '/home/pi/snowbot_ws/install/snowbot_ultrasonics/bin'
[7.766s] Level 1:colcon.colcon_core.environment:checking '/home/pi/snowbot_ws/install/snowbot_ultrasonics/lib/pkgconfig/snowbot_ultrasonics.pc'
[7.767s] Level 1:colcon.colcon_core.environment:checking '/home/pi/snowbot_ws/install/snowbot_ultrasonics/lib/python3.10/site-packages'
[7.767s] Level 1:colcon.colcon_core.shell:create_environment_hook('snowbot_ultrasonics', 'pythonpath')
[7.768s] INFO:colcon.colcon_core.shell:Creating environment hook '/home/pi/snowbot_ws/install/snowbot_ultrasonics/share/snowbot_ultrasonics/hook/pythonpath.ps1'
[7.771s] INFO:colcon.colcon_core.shell:Creating environment descriptor '/home/pi/snowbot_ws/install/snowbot_ultrasonics/share/snowbot_ultrasonics/hook/pythonpath.dsv'
[7.773s] INFO:colcon.colcon_core.shell:Creating environment hook '/home/pi/snowbot_ws/install/snowbot_ultrasonics/share/snowbot_ultrasonics/hook/pythonpath.sh'
[7.777s] Level 1:colcon.colcon_core.environment:checking '/home/pi/snowbot_ws/install/snowbot_ultrasonics/bin'
[7.777s] Level 1:colcon.colcon_core.environment:create_environment_scripts_only(snowbot_ultrasonics)
[7.779s] INFO:colcon.colcon_core.shell:Creating package script '/home/pi/snowbot_ws/install/snowbot_ultrasonics/share/snowbot_ultrasonics/package.ps1'
[7.784s] INFO:colcon.colcon_core.shell:Creating package descriptor '/home/pi/snowbot_ws/install/snowbot_ultrasonics/share/snowbot_ultrasonics/package.dsv'
[7.788s] INFO:colcon.colcon_core.shell:Creating package script '/home/pi/snowbot_ws/install/snowbot_ultrasonics/share/snowbot_ultrasonics/package.sh'
[7.792s] INFO:colcon.colcon_core.shell:Creating package script '/home/pi/snowbot_ws/install/snowbot_ultrasonics/share/snowbot_ultrasonics/package.bash'
[7.798s] INFO:colcon.colcon_core.shell:Creating package script '/home/pi/snowbot_ws/install/snowbot_ultrasonics/share/snowbot_ultrasonics/package.zsh'
[7.803s] Level 1:colcon.colcon_core.environment:create_file_with_runtime_dependencies(/home/pi/snowbot_ws/install/snowbot_ultrasonics/share/colcon-core/packages/snowbot_ultrasonics)
[7.805s] DEBUG:colcon.colcon_parallel_executor.executor.parallel:closing loop
[7.806s] DEBUG:colcon.colcon_parallel_executor.executor.parallel:loop closed
[7.807s] DEBUG:colcon.colcon_parallel_executor.executor.parallel:run_until_complete finished with '0'
[7.807s] DEBUG:colcon.colcon_core.event_reactor:joining thread
[7.834s] INFO:colcon.colcon_core.plugin_system:Skipping extension 'colcon_notification.desktop_notification.notify_send': Could not find 'notify-send'
[7.834s] INFO:colcon.colcon_core.plugin_system:Skipping extension 'colcon_notification.desktop_notification.terminal_notifier': Not used on non-Darwin systems
[7.834s] INFO:colcon.colcon_core.plugin_system:Skipping extension 'colcon_notification.desktop_notification.win32': Not used on non-Windows systems
[7.834s] INFO:colcon.colcon_notification.desktop_notification:Sending desktop notification using 'notify2'
[7.859s] DEBUG:colcon.colcon_notification.desktop_notification.notify2:Failed to initialize notify2: org.freedesktop.DBus.Error.ServiceUnknown: The name org.freedesktop.Notifications was not provided by any .service files
[7.860s] DEBUG:colcon.colcon_core.event_reactor:joined thread
[7.861s] INFO:colcon.colcon_core.shell:Creating prefix script '/home/pi/snowbot_ws/install/local_setup.ps1'
[7.866s] INFO:colcon.colcon_core.shell:Creating prefix util module '/home/pi/snowbot_ws/install/_local_setup_util_ps1.py'
[7.873s] INFO:colcon.colcon_core.shell:Creating prefix chain script '/home/pi/snowbot_ws/install/setup.ps1'
[7.879s] INFO:colcon.colcon_core.shell:Creating prefix script '/home/pi/snowbot_ws/install/local_setup.sh'
[7.882s] INFO:colcon.colcon_core.shell:Creating prefix util module '/home/pi/snowbot_ws/install/_local_setup_util_sh.py'
[7.885s] INFO:colcon.colcon_core.shell:Creating prefix chain script '/home/pi/snowbot_ws/install/setup.sh'
[7.892s] INFO:colcon.colcon_core.shell:Creating prefix script '/home/pi/snowbot_ws/install/local_setup.bash'
[7.895s] INFO:colcon.colcon_core.shell:Creating prefix chain script '/home/pi/snowbot_ws/install/setup.bash'
[7.900s] INFO:colcon.colcon_core.shell:Creating prefix script '/home/pi/snowbot_ws/install/local_setup.zsh'
[7.904s] INFO:colcon.colcon_core.shell:Creating prefix chain script '/home/pi/snowbot_ws/install/setup.zsh'
