running egg_info
creating ../../build/snowbot_motors/snowbot_motors.egg-info
writing ../../build/snowbot_motors/snowbot_motors.egg-info/PKG-INFO
writing dependency_links to ../../build/snowbot_motors/snowbot_motors.egg-info/dependency_links.txt
writing entry points to ../../build/snowbot_motors/snowbot_motors.egg-info/entry_points.txt
writing requirements to ../../build/snowbot_motors/snowbot_motors.egg-info/requires.txt
writing top-level names to ../../build/snowbot_motors/snowbot_motors.egg-info/top_level.txt
writing manifest file '../../build/snowbot_motors/snowbot_motors.egg-info/SOURCES.txt'
reading manifest file '../../build/snowbot_motors/snowbot_motors.egg-info/SOURCES.txt'
writing manifest file '../../build/snowbot_motors/snowbot_motors.egg-info/SOURCES.txt'
running build
running build_py
creating /home/pi/snowbot_ws/build/snowbot_motors/build
creating /home/pi/snowbot_ws/build/snowbot_motors/build/lib
creating /home/pi/snowbot_ws/build/snowbot_motors/build/lib/snowbot_motors
copying snowbot_motors/__init__.py -> /home/pi/snowbot_ws/build/snowbot_motors/build/lib/snowbot_motors
copying snowbot_motors/motor_node.py -> /home/pi/snowbot_ws/build/snowbot_motors/build/lib/snowbot_motors
running install
running install_lib
creating /home/pi/snowbot_ws/install/snowbot_motors/lib/python3.10/site-packages/snowbot_motors
copying /home/pi/snowbot_ws/build/snowbot_motors/build/lib/snowbot_motors/__init__.py -> /home/pi/snowbot_ws/install/snowbot_motors/lib/python3.10/site-packages/snowbot_motors
copying /home/pi/snowbot_ws/build/snowbot_motors/build/lib/snowbot_motors/motor_node.py -> /home/pi/snowbot_ws/install/snowbot_motors/lib/python3.10/site-packages/snowbot_motors
byte-compiling /home/pi/snowbot_ws/install/snowbot_motors/lib/python3.10/site-packages/snowbot_motors/__init__.py to __init__.cpython-310.pyc
byte-compiling /home/pi/snowbot_ws/install/snowbot_motors/lib/python3.10/site-packages/snowbot_motors/motor_node.py to motor_node.cpython-310.pyc
running install_data
creating /home/pi/snowbot_ws/install/snowbot_motors/share/ament_index
creating /home/pi/snowbot_ws/install/snowbot_motors/share/ament_index/resource_index
creating /home/pi/snowbot_ws/install/snowbot_motors/share/ament_index/resource_index/packages
copying resource/snowbot_motors -> /home/pi/snowbot_ws/install/snowbot_motors/share/ament_index/resource_index/packages
copying package.xml -> /home/pi/snowbot_ws/install/snowbot_motors/share/snowbot_motors
running install_egg_info
Copying ../../build/snowbot_motors/snowbot_motors.egg-info to /home/pi/snowbot_ws/install/snowbot_motors/lib/python3.10/site-packages/snowbot_motors-0.0.0-py3.10.egg-info
running install_scripts
Installing motor_node script to /home/pi/snowbot_ws/install/snowbot_motors/lib/snowbot_motors
writing list of installed files to '/home/pi/snowbot_ws/build/snowbot_motors/install.log'
