[3.352s] Invoking command in '/home/pi/snowbot_ws/src/snowbot_motors': PYTHONPATH=/home/pi/snowbot_ws/build/snowbot_motors/prefix_override:/usr/lib/python3/dist-packages/colcon_core/task/python/colcon_distutils_commands:/home/pi/snowbot_ws/install/snowbot_motors/lib/python3.10/site-packages:${PYTHONPATH} /usr/bin/python3 -W ignore:setup.py install is deprecated -W ignore:easy_install command is deprecated setup.py egg_info --egg-base ../../build/snowbot_motors build --build-base /home/pi/snowbot_ws/build/snowbot_motors/build install --record /home/pi/snowbot_ws/build/snowbot_motors/install.log --single-version-externally-managed install_data
[4.442s] running egg_info
[4.444s] creating ../../build/snowbot_motors/snowbot_motors.egg-info
[4.445s] writing ../../build/snowbot_motors/snowbot_motors.egg-info/PKG-INFO
[4.446s] writing dependency_links to ../../build/snowbot_motors/snowbot_motors.egg-info/dependency_links.txt
[4.447s] writing entry points to ../../build/snowbot_motors/snowbot_motors.egg-info/entry_points.txt
[4.447s] writing requirements to ../../build/snowbot_motors/snowbot_motors.egg-info/requires.txt
[4.448s] writing top-level names to ../../build/snowbot_motors/snowbot_motors.egg-info/top_level.txt
[4.449s] writing manifest file '../../build/snowbot_motors/snowbot_motors.egg-info/SOURCES.txt'
[4.456s] reading manifest file '../../build/snowbot_motors/snowbot_motors.egg-info/SOURCES.txt'
[4.459s] writing manifest file '../../build/snowbot_motors/snowbot_motors.egg-info/SOURCES.txt'
[4.460s] running build
[4.460s] running build_py
[4.461s] creating /home/pi/snowbot_ws/build/snowbot_motors/build
[4.461s] creating /home/pi/snowbot_ws/build/snowbot_motors/build/lib
[4.462s] creating /home/pi/snowbot_ws/build/snowbot_motors/build/lib/snowbot_motors
[4.462s] copying snowbot_motors/__init__.py -> /home/pi/snowbot_ws/build/snowbot_motors/build/lib/snowbot_motors
[4.462s] copying snowbot_motors/motor_node.py -> /home/pi/snowbot_ws/build/snowbot_motors/build/lib/snowbot_motors
[4.463s] running install
[4.464s] running install_lib
[4.468s] creating /home/pi/snowbot_ws/install/snowbot_motors/lib/python3.10/site-packages/snowbot_motors
[4.468s] copying /home/pi/snowbot_ws/build/snowbot_motors/build/lib/snowbot_motors/__init__.py -> /home/pi/snowbot_ws/install/snowbot_motors/lib/python3.10/site-packages/snowbot_motors
[4.469s] copying /home/pi/snowbot_ws/build/snowbot_motors/build/lib/snowbot_motors/motor_node.py -> /home/pi/snowbot_ws/install/snowbot_motors/lib/python3.10/site-packages/snowbot_motors
[4.471s] byte-compiling /home/pi/snowbot_ws/install/snowbot_motors/lib/python3.10/site-packages/snowbot_motors/__init__.py to __init__.cpython-310.pyc
[4.473s] byte-compiling /home/pi/snowbot_ws/install/snowbot_motors/lib/python3.10/site-packages/snowbot_motors/motor_node.py to motor_node.cpython-310.pyc
[4.476s] running install_data
[4.477s] creating /home/pi/snowbot_ws/install/snowbot_motors/share/ament_index
[4.477s] creating /home/pi/snowbot_ws/install/snowbot_motors/share/ament_index/resource_index
[4.477s] creating /home/pi/snowbot_ws/install/snowbot_motors/share/ament_index/resource_index/packages
[4.478s] copying resource/snowbot_motors -> /home/pi/snowbot_ws/install/snowbot_motors/share/ament_index/resource_index/packages
[4.478s] copying package.xml -> /home/pi/snowbot_ws/install/snowbot_motors/share/snowbot_motors
[4.479s] running install_egg_info
[4.490s] Copying ../../build/snowbot_motors/snowbot_motors.egg-info to /home/pi/snowbot_ws/install/snowbot_motors/lib/python3.10/site-packages/snowbot_motors-0.0.0-py3.10.egg-info
[4.495s] running install_scripts
[4.570s] Installing motor_node script to /home/pi/snowbot_ws/install/snowbot_motors/lib/snowbot_motors
[4.571s] writing list of installed files to '/home/pi/snowbot_ws/build/snowbot_motors/install.log'
[4.688s] Invoked command in '/home/pi/snowbot_ws/src/snowbot_motors' returned '0': PYTHONPATH=/home/pi/snowbot_ws/build/snowbot_motors/prefix_override:/usr/lib/python3/dist-packages/colcon_core/task/python/colcon_distutils_commands:/home/pi/snowbot_ws/install/snowbot_motors/lib/python3.10/site-packages:${PYTHONPATH} /usr/bin/python3 -W ignore:setup.py install is deprecated -W ignore:easy_install command is deprecated setup.py egg_info --egg-base ../../build/snowbot_motors build --build-base /home/pi/snowbot_ws/build/snowbot_motors/build install --record /home/pi/snowbot_ws/build/snowbot_motors/install.log --single-version-externally-managed install_data
