[7.739s] Invoking command in '/home/pi/snowbot_ws/src/snowbot_servos': PYTHONPATH=/home/pi/snowbot_ws/build/snowbot_servos/prefix_override:/usr/lib/python3/dist-packages/colcon_core/task/python/colcon_distutils_commands:/home/pi/snowbot_ws/install/snowbot_servos/lib/python3.10/site-packages:${PYTHONPATH} /usr/bin/python3 -W ignore:setup.py install is deprecated -W ignore:easy_install command is deprecated setup.py egg_info --egg-base ../../build/snowbot_servos build --build-base /home/pi/snowbot_ws/build/snowbot_servos/build install --record /home/pi/snowbot_ws/build/snowbot_servos/install.log --single-version-externally-managed install_data
[9.483s] running egg_info
[9.488s] writing ../../build/snowbot_servos/snowbot_servos.egg-info/PKG-INFO
[9.490s] writing dependency_links to ../../build/snowbot_servos/snowbot_servos.egg-info/dependency_links.txt
[9.491s] writing entry points to ../../build/snowbot_servos/snowbot_servos.egg-info/entry_points.txt
[9.492s] writing requirements to ../../build/snowbot_servos/snowbot_servos.egg-info/requires.txt
[9.493s] writing top-level names to ../../build/snowbot_servos/snowbot_servos.egg-info/top_level.txt
[9.508s] reading manifest file '../../build/snowbot_servos/snowbot_servos.egg-info/SOURCES.txt'
[9.513s] writing manifest file '../../build/snowbot_servos/snowbot_servos.egg-info/SOURCES.txt'
[9.514s] running build
[9.515s] running build_py
[9.517s] running install
[9.518s] running install_lib
[9.526s] running install_data
[9.527s] running install_egg_info
[9.542s] removing '/home/pi/snowbot_ws/install/snowbot_servos/lib/python3.10/site-packages/snowbot_servos-0.0.1-py3.10.egg-info' (and everything under it)
[9.544s] Copying ../../build/snowbot_servos/snowbot_servos.egg-info to /home/pi/snowbot_ws/install/snowbot_servos/lib/python3.10/site-packages/snowbot_servos-0.0.1-py3.10.egg-info
[9.554s] running install_scripts
[9.705s] Installing servo_node script to /home/pi/snowbot_ws/install/snowbot_servos/lib/snowbot_servos
[9.711s] writing list of installed files to '/home/pi/snowbot_ws/build/snowbot_servos/install.log'
[10.091s] Invoked command in '/home/pi/snowbot_ws/src/snowbot_servos' returned '0': PYTHONPATH=/home/pi/snowbot_ws/build/snowbot_servos/prefix_override:/usr/lib/python3/dist-packages/colcon_core/task/python/colcon_distutils_commands:/home/pi/snowbot_ws/install/snowbot_servos/lib/python3.10/site-packages:${PYTHONPATH} /usr/bin/python3 -W ignore:setup.py install is deprecated -W ignore:easy_install command is deprecated setup.py egg_info --egg-base ../../build/snowbot_servos build --build-base /home/pi/snowbot_ws/build/snowbot_servos/build install --record /home/pi/snowbot_ws/build/snowbot_servos/install.log --single-version-externally-managed install_data
