[7.743s] Invoking command in '/home/pi/snowbot_ws/src/snowbot_current': PYTHONPATH=/home/pi/snowbot_ws/build/snowbot_current/prefix_override:/usr/lib/python3/dist-packages/colcon_core/task/python/colcon_distutils_commands:/home/pi/snowbot_ws/install/snowbot_current/lib/python3.10/site-packages:${PYTHONPATH} /usr/bin/python3 -W ignore:setup.py install is deprecated -W ignore:easy_install command is deprecated setup.py egg_info --egg-base ../../build/snowbot_current build --build-base /home/pi/snowbot_ws/build/snowbot_current/build install --record /home/pi/snowbot_ws/build/snowbot_current/install.log --single-version-externally-managed install_data
[9.507s] running egg_info
[9.512s] writing ../../build/snowbot_current/snowbot_current.egg-info/PKG-INFO
[9.514s] writing dependency_links to ../../build/snowbot_current/snowbot_current.egg-info/dependency_links.txt
[9.517s] writing entry points to ../../build/snowbot_current/snowbot_current.egg-info/entry_points.txt
[9.519s] writing requirements to ../../build/snowbot_current/snowbot_current.egg-info/requires.txt
[9.521s] writing top-level names to ../../build/snowbot_current/snowbot_current.egg-info/top_level.txt
[9.530s] reading manifest file '../../build/snowbot_current/snowbot_current.egg-info/SOURCES.txt'
[9.535s] writing manifest file '../../build/snowbot_current/snowbot_current.egg-info/SOURCES.txt'
[9.536s] running build
[9.537s] running build_py
[9.538s] running install
[9.539s] running install_lib
[9.546s] running install_data
[9.547s] running install_egg_info
[9.562s] removing '/home/pi/snowbot_ws/install/snowbot_current/lib/python3.10/site-packages/snowbot_current-0.0.1-py3.10.egg-info' (and everything under it)
[9.565s] Copying ../../build/snowbot_current/snowbot_current.egg-info to /home/pi/snowbot_ws/install/snowbot_current/lib/python3.10/site-packages/snowbot_current-0.0.1-py3.10.egg-info
[9.573s] running install_scripts
[9.687s] Installing current_node script to /home/pi/snowbot_ws/install/snowbot_current/lib/snowbot_current
[9.690s] writing list of installed files to '/home/pi/snowbot_ws/build/snowbot_current/install.log'
[9.944s] Invoked command in '/home/pi/snowbot_ws/src/snowbot_current' returned '0': PYTHONPATH=/home/pi/snowbot_ws/build/snowbot_current/prefix_override:/usr/lib/python3/dist-packages/colcon_core/task/python/colcon_distutils_commands:/home/pi/snowbot_ws/install/snowbot_current/lib/python3.10/site-packages:${PYTHONPATH} /usr/bin/python3 -W ignore:setup.py install is deprecated -W ignore:easy_install command is deprecated setup.py egg_info --egg-base ../../build/snowbot_current build --build-base /home/pi/snowbot_ws/build/snowbot_current/build install --record /home/pi/snowbot_ws/build/snowbot_current/install.log --single-version-externally-managed install_data
