[0.000000] (-) TimerEvent: {}
[0.001569] (-) JobUnselected: {'identifier': 'snowbot_imu'}
[0.002111] (-) JobUnselected: {'identifier': 'snowbot_motors'}
[0.002325] (-) JobUnselected: {'identifier': 'snowbot_ultrasonics'}
[0.002607] (snowbot_servos) JobQueued: {'identifier': 'snowbot_servos', 'dependencies': OrderedDict()}
[0.002777] (snowbot_servos) JobStarted: {'identifier': 'snowbot_servos'}
[0.098684] (-) TimerEvent: {}
[0.199343] (-) TimerEvent: {}
[0.300001] (-) TimerEvent: {}
[0.400658] (-) TimerEvent: {}
[0.501276] (-) TimerEvent: {}
[0.601932] (-) TimerEvent: {}
[0.702517] (-) TimerEvent: {}
[0.803070] (-) TimerEvent: {}
[0.903666] (-) TimerEvent: {}
[1.004316] (-) TimerEvent: {}
[1.104952] (-) TimerEvent: {}
[1.205692] (-) TimerEvent: {}
[1.306563] (-) TimerEvent: {}
[1.407241] (-) TimerEvent: {}
[1.507891] (-) TimerEvent: {}
[1.608667] (-) TimerEvent: {}
[1.709359] (-) TimerEvent: {}
[1.810036] (-) TimerEvent: {}
[1.910646] (-) TimerEvent: {}
[2.011225] (-) TimerEvent: {}
[2.111817] (-) TimerEvent: {}
[2.212426] (-) TimerEvent: {}
[2.313026] (-) TimerEvent: {}
[2.413621] (-) TimerEvent: {}
[2.514371] (-) TimerEvent: {}
[2.615036] (-) TimerEvent: {}
[2.715679] (-) TimerEvent: {}
[2.816362] (-) TimerEvent: {}
[2.917110] (-) TimerEvent: {}
[3.017841] (-) TimerEvent: {}
[3.118957] (-) TimerEvent: {}
[3.219996] (-) TimerEvent: {}
[3.321795] (-) TimerEvent: {}
[3.368408] (snowbot_servos) Command: {'cmd': ['/usr/bin/python3', '-W', 'ignore:setup.py install is deprecated', '-W', 'ignore:easy_install command is deprecated', 'setup.py', 'egg_info', '--egg-base', '../../build/snowbot_servos', 'build', '--build-base', '/home/pi/snowbot_ws/build/snowbot_servos/build', 'install', '--record', '/home/pi/snowbot_ws/build/snowbot_servos/install.log', '--single-version-externally-managed', 'install_data'], 'cwd': '/home/pi/snowbot_ws/src/snowbot_servos', 'env': {'LESSOPEN': '| /usr/bin/lesspipe %s', 'USER': 'pi', 'SSH_CLIENT': '10.0.0.56 63761 22', 'XDG_SESSION_TYPE': 'tty', 'SHLVL': '1', 'LD_LIBRARY_PATH': '/opt/ros/humble/opt/rviz_ogre_vendor/lib:/opt/ros/humble/lib/aarch64-linux-gnu:/opt/ros/humble/lib', 'MOTD_SHOWN': 'pam', 'HOME': '/home/pi', 'OLDPWD': '/home/pi', 'SSH_TTY': '/dev/pts/0', 'ROS_PYTHON_VERSION': '3', 'DBUS_SESSION_BUS_ADDRESS': 'unix:path=/run/user/1000/bus', 'ROS_DISTRO': 'humble', 'LOGNAME': 'pi', '_': '/usr/bin/colcon', 'ROS_VERSION': '2', 'XDG_SESSION_CLASS': 'user', 'TERM': 'xterm', 'XDG_SESSION_ID': '1', 'ROS_LOCALHOST_ONLY': '0', 'PATH': '/home/pi/.local/bin:/opt/ros/humble/bin:/usr/local/sbin:/usr/local/bin:/usr/sbin:/usr/bin:/sbin:/bin:/usr/games:/usr/local/games:/snap/bin', 'XDG_RUNTIME_DIR': '/run/user/1000', 'DISPLAY': 'localhost:10.0', 'LANG': 'C.UTF-8', 'LS_COLORS': 'rs=0:di=01;34:ln=01;36:mh=00:pi=40;33:so=01;35:do=01;35:bd=40;33;01:cd=40;33;01:or=40;31;01:mi=00:su=37;41:sg=30;43:ca=30;41:tw=30;42:ow=34;42:st=37;44:ex=01;32:*.tar=01;31:*.tgz=01;31:*.arc=01;31:*.arj=01;31:*.taz=01;31:*.lha=01;31:*.lz4=01;31:*.lzh=01;31:*.lzma=01;31:*.tlz=01;31:*.txz=01;31:*.tzo=01;31:*.t7z=01;31:*.zip=01;31:*.z=01;31:*.dz=01;31:*.gz=01;31:*.lrz=01;31:*.lz=01;31:*.lzo=01;31:*.xz=01;31:*.zst=01;31:*.tzst=01;31:*.bz2=01;31:*.bz=01;31:*.tbz=01;31:*.tbz2=01;31:*.tz=01;31:*.deb=01;31:*.rpm=01;31:*.jar=01;31:*.war=01;31:*.ear=01;31:*.sar=01;31:*.rar=01;31:*.alz=01;31:*.ace=01;31:*.zoo=01;31:*.cpio=01;31:*.7z=01;31:*.rz=01;31:*.cab=01;31:*.wim=01;31:*.swm=01;31:*.dwm=01;31:*.esd=01;31:*.jpg=01;35:*.jpeg=01;35:*.mjpg=01;35:*.mjpeg=01;35:*.gif=01;35:*.bmp=01;35:*.pbm=01;35:*.pgm=01;35:*.ppm=01;35:*.tga=01;35:*.xbm=01;35:*.xpm=01;35:*.tif=01;35:*.tiff=01;35:*.png=01;35:*.svg=01;35:*.svgz=01;35:*.mng=01;35:*.pcx=01;35:*.mov=01;35:*.mpg=01;35:*.mpeg=01;35:*.m2v=01;35:*.mkv=01;35:*.webm=01;35:*.webp=01;35:*.ogm=01;35:*.mp4=01;35:*.m4v=01;35:*.mp4v=01;35:*.vob=01;35:*.qt=01;35:*.nuv=01;35:*.wmv=01;35:*.asf=01;35:*.rm=01;35:*.rmvb=01;35:*.flc=01;35:*.avi=01;35:*.fli=01;35:*.flv=01;35:*.gl=01;35:*.dl=01;35:*.xcf=01;35:*.xwd=01;35:*.yuv=01;35:*.cgm=01;35:*.emf=01;35:*.ogv=01;35:*.ogx=01;35:*.aac=00;36:*.au=00;36:*.flac=00;36:*.m4a