[8.080s] Invoking command in '/home/pi/snowbot_ws/src/snowbot_imu': PYTHONPATH=/home/pi/snowbot_ws/build/snowbot_imu/prefix_override:/usr/lib/python3/dist-packages/colcon_core/task/python/colcon_distutils_commands:/home/pi/snowbot_ws/install/snowbot_imu/lib/python3.10/site-packages:${PYTHONPATH} /usr/bin/python3 -W ignore:setup.py install is deprecated -W ignore:easy_install command is deprecated setup.py egg_info --egg-base ../../build/snowbot_imu build --build-base /home/pi/snowbot_ws/build/snowbot_imu/build install --record /home/pi/snowbot_ws/build/snowbot_imu/install.log --single-version-externally-managed install_data
[9.769s] running egg_info
[9.773s] writing ../../build/snowbot_imu/snowbot_imu.egg-info/PKG-INFO
[9.777s] writing dependency_links to ../../build/snowbot_imu/snowbot_imu.egg-info/dependency_links.txt
[9.778s] writing entry points to ../../build/snowbot_imu/snowbot_imu.egg-info/entry_points.txt
[9.782s] writing requirements to ../../build/snowbot_imu/snowbot_imu.egg-info/requires.txt
[9.783s] writing top-level names to ../../build/snowbot_imu/snowbot_imu.egg-info/top_level.txt
[9.794s] reading manifest file '../../build/snowbot_imu/snowbot_imu.egg-info/SOURCES.txt'
[9.812s] writing manifest file '../../build/snowbot_imu/snowbot_imu.egg-info/SOURCES.txt'
[9.813s] running build
[9.814s] running build_py
[9.815s] running install
[9.818s] running install_lib
[9.835s] running install_data
[9.835s] running install_egg_info
[9.850s] removing '/home/pi/snowbot_ws/install/snowbot_imu/lib/python3.10/site-packages/snowbot_imu-0.0.0-py3.10.egg-info' (and everything under it)
[9.854s] Copying ../../build/snowbot_imu/snowbot_imu.egg-info to /home/pi/snowbot_ws/install/snowbot_imu/lib/python3.10/site-packages/snowbot_imu-0.0.0-py3.10.egg-info
[9.856s] running install_scripts
[9.978s] Installing imu_node script to /home/pi/snowbot_ws/install/snowbot_imu/lib/snowbot_imu
[9.986s] writing list of installed files to '/home/pi/snowbot_ws/build/snowbot_imu/install.log'
[10.442s] Invoked command in '/home/pi/snowbot_ws/src/snowbot_imu' returned '0': PYTHONPATH=/home/pi/snowbot_ws/build/snowbot_imu/prefix_override:/usr/lib/python3/dist-packages/colcon_core/task/python/colcon_distutils_commands:/home/pi/snowbot_ws/install/snowbot_imu/lib/python3.10/site-packages:${PYTHONPATH} /usr/bin/python3 -W ignore:setup.py install is deprecated -W ignore:easy_install command is deprecated setup.py egg_info --egg-base ../../build/snowbot_imu build --build-base /home/pi/snowbot_ws/build/snowbot_imu/build install --record /home/pi/snowbot_ws/build/snowbot_imu/install.log --single-version-externally-managed install_data
