[7.805s] Invoking command in '/home/pi/snowbot_ws/src/snowbot_motors': PYTHONPATH=/home/pi/snowbot_ws/build/snowbot_motors/prefix_override:/usr/lib/python3/dist-packages/colcon_core/task/python/colcon_distutils_commands:/home/pi/snowbot_ws/install/snowbot_motors/lib/python3.10/site-packages:${PYTHONPATH} /usr/bin/python3 -W ignore:setup.py install is deprecated -W ignore:easy_install command is deprecated setup.py egg_info --egg-base ../../build/snowbot_motors build --build-base /home/pi/snowbot_ws/build/snowbot_motors/build install --record /home/pi/snowbot_ws/build/snowbot_motors/install.log --single-version-externally-managed install_data
[9.637s] running egg_info
[9.647s] writing ../../build/snowbot_motors/snowbot_motors.egg-info/PKG-INFO
[9.652s] writing dependency_links to ../../build/snowbot_motors/snowbot_motors.egg-info/dependency_links.txt
[9.657s] writing entry points to ../../build/snowbot_motors/snowbot_motors.egg-info/entry_points.txt
[9.661s] writing requirements to ../../build/snowbot_motors/snowbot_motors.egg-info/requires.txt
[9.665s] writing top-level names to ../../build/snowbot_motors/snowbot_motors.egg-info/top_level.txt
[9.685s] reading manifest file '../../build/snowbot_motors/snowbot_motors.egg-info/SOURCES.txt'
[9.695s] writing manifest file '../../build/snowbot_motors/snowbot_motors.egg-info/SOURCES.txt'
[9.699s] running build
[9.701s] running build_py
[9.706s] running install
[9.728s] running install_lib
[9.757s] running install_data
[9.763s] running install_egg_info
[9.793s] removing '/home/pi/snowbot_ws/install/snowbot_motors/lib/python3.10/site-packages/snowbot_motors-0.0.0-py3.10.egg-info' (and everything under it)
[9.805s] Copying ../../build/snowbot_motors/snowbot_motors.egg-info to /home/pi/snowbot_ws/install/snowbot_motors/lib/python3.10/site-packages/snowbot_motors-0.0.0-py3.10.egg-info
[9.838s] running install_scripts
[10.009s] Installing motor_node script to /home/pi/snowbot_ws/install/snowbot_motors/lib/snowbot_motors
[10.011s] writing list of installed files to '/home/pi/snowbot_ws/build/snowbot_motors/install.log'
[11.414s] Invoked command in '/home/pi/snowbot_ws/src/snowbot_motors' returned '0': PYTHONPATH=/home/pi/snowbot_ws/build/snowbot_motors/prefix_override:/usr/lib/python3/dist-packages/colcon_core/task/python/colcon_distutils_commands:/home/pi/snowbot_ws/install/snowbot_motors/lib/python3.10/site-packages:${PYTHONPATH} /usr/bin/python3 -W ignore:setup.py install is deprecated -W ignore:easy_install command is deprecated setup.py egg_info --egg-base ../../build/snowbot_motors build --build-base /home/pi/snowbot_ws/build/snowbot_motors/build install --record /home/pi/snowbot_ws/build/snowbot_motors/install.log --single-version-externally-managed install_data
